[2026-04-13T14:24:33.612+0000] {manager.py:469} INFO - Processing files using up to 2 processes at a time 
[2026-04-13T14:24:33.615+0000] {manager.py:470} INFO - Process each file at most once every 30 seconds
[2026-04-13T14:24:33.617+0000] {manager.py:471} INFO - Checking for new files in /opt/airflow/dags every 300 seconds
[2026-04-13T14:24:33.619+0000] {manager.py:738} INFO - Searching for files in /opt/airflow/dags
[2026-04-13T14:24:33.634+0000] {manager.py:741} INFO - There are 0 files in /opt/airflow/dags
[2026-04-13T16:06:40.074+0000] {manager.py:738} INFO - Searching for files in /opt/airflow/dags
[2026-04-13T16:06:40.077+0000] {manager.py:741} INFO - There are 0 files in /opt/airflow/dags
[2026-04-13T17:56:18.818+0000] {manager.py:738} INFO - Searching for files in /opt/airflow/dags
[2026-04-13T17:56:18.922+0000] {manager.py:741} INFO - There are 0 files in /opt/airflow/dags
[2026-04-13T18:26:18.121+0000] {manager.py:738} INFO - Searching for files in /opt/airflow/dags
[2026-04-13T18:26:18.185+0000] {manager.py:741} INFO - There are 0 files in /opt/airflow/dags
[2026-04-14T11:04:21.830+0000] {manager.py:738} INFO - Searching for files in /opt/airflow/dags
[2026-04-14T11:04:22.097+0000] {manager.py:741} INFO - There are 0 files in /opt/airflow/dags
[2026-04-14T11:09:22.529+0000] {manager.py:738} INFO - Searching for files in /opt/airflow/dags
[2026-04-14T11:09:22.542+0000] {manager.py:741} INFO - There are 0 files in /opt/airflow/dags
[2026-04-14T11:14:22.617+0000] {manager.py:738} INFO - Searching for files in /opt/airflow/dags
[2026-04-14T11:14:22.657+0000] {manager.py:741} INFO - There are 0 files in /opt/airflow/dags
[2026-04-14T11:19:23.131+0000] {manager.py:738} INFO - Searching for files in /opt/airflow/dags
[2026-04-14T11:19:23.176+0000] {manager.py:741} INFO - There are 0 files in /opt/airflow/dags
[2026-04-14T11:19:34.881+0000] {manager.py:451} INFO - Exiting gracefully upon receiving signal 15
[2026-04-14T11:37:09.572+0000] {manager.py:469} INFO - Processing files using up to 2 processes at a time 
[2026-04-14T11:37:09.576+0000] {manager.py:470} INFO - Process each file at most once every 30 seconds
[2026-04-14T11:37:09.577+0000] {manager.py:471} INFO - Checking for new files in /opt/airflow/dags every 300 seconds
[2026-04-14T11:37:09.579+0000] {manager.py:738} INFO - Searching for files in /opt/airflow/dags
[2026-04-14T11:37:09.611+0000] {manager.py:741} INFO - There are 0 files in /opt/airflow/dags
[2026-04-14T11:42:09.699+0000] {manager.py:738} INFO - Searching for files in /opt/airflow/dags
[2026-04-14T11:42:09.740+0000] {manager.py:741} INFO - There are 0 files in /opt/airflow/dags
[2026-04-14T11:47:10.510+0000] {manager.py:738} INFO - Searching for files in /opt/airflow/dags
[2026-04-14T11:47:10.566+0000] {manager.py:741} INFO - There are 1 files in /opt/airflow/dags
[2026-04-14T11:47:15.831+0000] {manager.py:879} INFO - 
================================================================================
DAG File Processing Stats

File Path                            PID  Runtime      # DAGs    # Errors  Last Runtime    Last Run
---------------------------------  -----  ---------  --------  ----------  --------------  ----------
/opt/airflow/dags/pipeline_dag.py    171  5.10s             0           0
================================================================================
[2026-04-14T11:47:45.934+0000] {manager.py:879} INFO - 
================================================================================
DAG File Processing Stats

File Path                          PID    Runtime      # DAGs    # Errors  Last Runtime    Last Run
---------------------------------  -----  ---------  --------  ----------  --------------  -------------------
/opt/airflow/dags/pipeline_dag.py                           1           0  9.83s           2026-04-14T11:47:20
================================================================================
[2026-04-14T11:48:16.167+0000] {manager.py:879} INFO - 
================================================================================
DAG File Processing Stats

File Path                          PID    Runtime      # DAGs    # Errors  Last Runtime    Last Run
---------------------------------  -----  ---------  --------  ----------  --------------  -------------------
/opt/airflow/dags/pipeline_dag.py                           1           0  3.78s           2026-04-14T11:47:54
================================================================================
[2026-04-14T11:48:46.604+0000] {manager.py:879} INFO - 
================================================================================
DAG File Processing Stats

File Path                          PID    Runtime      # DAGs    # Errors  Last Runtime    Last Run
---------------------------------  -----  ---------  --------  ----------  --------------  -------------------
/opt/airflow/dags/pipeline_dag.py                           1           0  3.73s           2026-04-14T11:48:28
================================================================================
[2026-04-14T11:49:16.710+0000] {manager.py:879} INFO - 
================================================================================
DAG File Processing Stats

File Path                          PID    Runtime      # DAGs    # Errors  Last Runtime    Last Run
---------------------------------  -----  ---------  --------  ----------  --------------  -------------------
/opt/airflow/dags/pipeline_dag.py                           1           0  3.60s           2026-04-14T11:49:02
================================================================================
[2026-04-14T11:49:47.239+0000] {manager.py:879} INFO - 
================================================================================
DAG File Processing Stats

File Path                            PID  Runtime      # DAGs    # Errors  Last Runtime    Last Run
---------------------------------  -----  ---------  --------  ----------  --------------  -------------------
/opt/airflow/dags/pipeline_dag.py    201  2.05s             1           0  3.47s           2026-04-14T11:49:36
================================================================================
[2026-04-14T11:50:17.632+0000] {manager.py:879} INFO - 
================================================================================
DAG File Processing Stats

File Path                          PID    Runtime      # DAGs    # Errors  Last Runtime    Last Run
---------------------------------  -----  ---------  --------  ----------  --------------  -------------------
/opt/airflow/dags/pipeline_dag.py                           1           0  4.05s           2026-04-14T11:49:49
================================================================================
[2026-04-14T11:50:47.869+0000] {manager.py:879} INFO - 
================================================================================
DAG File Processing Stats

File Path                          PID    Runtime      # DAGs    # Errors  Last Runtime    Last Run
---------------------------------  -----  ---------  --------  ----------  --------------  -------------------
/opt/airflow/dags/pipeline_dag.py                           1           0  2.85s           2026-04-14T11:50:22
================================================================================
[2026-04-14T11:51:18.493+0000] {manager.py:879} INFO - 
================================================================================
DAG File Processing Stats

File Path                          PID    Runtime      # DAGs    # Errors  Last Runtime    Last Run
---------------------------------  -----  ---------  --------  ----------  --------------  -------------------
/opt/airflow/dags/pipeline_dag.py                           1           0  2.27s           2026-04-14T11:50:55
================================================================================
[2026-04-14T11:51:49.016+0000] {manager.py:879} INFO - 
================================================================================
DAG File Processing Stats

File Path                          PID    Runtime      # DAGs    # Errors  Last Runtime    Last Run
---------------------------------  -----  ---------  --------  ----------  --------------  -------------------
/opt/airflow/dags/pipeline_dag.py                           1           0  3.44s           2026-04-14T11:51:29
================================================================================
[2026-04-14T11:52:10.637+0000] {manager.py:738} INFO - Searching for files in /opt/airflow/dags
[2026-04-14T11:52:10.727+0000] {manager.py:741} INFO - There are 1 files in /opt/airflow/dags
[2026-04-14T11:52:19.920+0000] {manager.py:879} INFO - 
================================================================================
DAG File Processing Stats

File Path                          PID    Runtime      # DAGs    # Errors  Last Runtime    Last Run
---------------------------------  -----  ---------  --------  ----------  --------------  -------------------
/opt/airflow/dags/pipeline_dag.py                           1           0  3.37s           2026-04-14T11:52:02
================================================================================
[2026-04-14T11:52:49.970+0000] {manager.py:879} INFO - 
================================================================================
DAG File Processing Stats

File Path                          PID    Runtime      # DAGs    # Errors  Last Runtime    Last Run
---------------------------------  -----  ---------  --------  ----------  --------------  -------------------
/opt/airflow/dags/pipeline_dag.py                           1           0  3.56s           2026-04-14T11:52:36
================================================================================
[2026-04-14T11:53:20.213+0000] {manager.py:879} INFO - 
================================================================================
DAG File Processing Stats

File Path                          PID    Runtime      # DAGs    # Errors  Last Runtime    Last Run
---------------------------------  -----  ---------  --------  ----------  --------------  -------------------
/opt/airflow/dags/pipeline_dag.py                           1           0  2.71s           2026-04-14T11:53:10
================================================================================
[2026-04-14T11:53:50.346+0000] {manager.py:879} INFO - 
================================================================================
DAG File Processing Stats

File Path                          PID    Runtime      # DAGs    # Errors  Last Runtime    Last Run
---------------------------------  -----  ---------  --------  ----------  --------------  -------------------
/opt/airflow/dags/pipeline_dag.py                           1           0  2.27s           2026-04-14T11:53:42
================================================================================
[2026-04-14T11:54:20.829+0000] {manager.py:879} INFO - 
================================================================================
DAG File Processing Stats

File Path                          PID    Runtime      # DAGs    # Errors  Last Runtime    Last Run
---------------------------------  -----  ---------  --------  ----------  --------------  -------------------
/opt/airflow/dags/pipeline_dag.py                           1           0  2.19s           2026-04-14T11:54:14
================================================================================
[2026-04-14T11:54:50.962+0000] {manager.py:879} INFO - 
================================================================================
DAG File Processing Stats

File Path                          PID    Runtime      # DAGs    # Errors  Last Runtime    Last Run
---------------------------------  -----  ---------  --------  ----------  --------------  -------------------
/opt/airflow/dags/pipeline_dag.py                           1           0  2.67s           2026-04-14T11:54:47
================================================================================
[2026-04-14T11:55:21.211+0000] {manager.py:879} INFO - 
================================================================================
DAG File Processing Stats

File Path                          PID    Runtime      # DAGs    # Errors  Last Runtime    Last Run
---------------------------------  -----  ---------  --------  ----------  --------------  -------------------
/opt/airflow/dags/pipeline_dag.py                           1           0  2.78s           2026-04-14T11:55:21
================================================================================
[2026-04-14T11:55:51.673+0000] {manager.py:879} INFO - 
================================================================================
DAG File Processing Stats

File Path                            PID  Runtime      # DAGs    # Errors  Last Runtime    Last Run
---------------------------------  -----  ---------  --------  ----------  --------------  -------------------
/opt/airflow/dags/pipeline_dag.py    267  0.02s             1           0  2.78s           2026-04-14T11:55:21
================================================================================
[2026-04-14T11:56:22.636+0000] {manager.py:879} INFO - 
================================================================================
DAG File Processing Stats

File Path                          PID    Runtime      # DAGs    # Errors  Last Runtime    Last Run
---------------------------------  -----  ---------  --------  ----------  --------------  -------------------
/opt/airflow/dags/pipeline_dag.py                           1           0  2.60s           2026-04-14T11:55:54
================================================================================
[2026-04-14T11:56:52.654+0000] {manager.py:879} INFO - 
================================================================================
DAG File Processing Stats

File Path                          PID    Runtime      # DAGs    # Errors  Last Runtime    Last Run
---------------------------------  -----  ---------  --------  ----------  --------------  -------------------
/opt/airflow/dags/pipeline_dag.py                           1           0  3.65s           2026-04-14T11:56:28
================================================================================
[2026-04-14T11:57:10.738+0000] {manager.py:738} INFO - Searching for files in /opt/airflow/dags
[2026-04-14T11:57:10.838+0000] {manager.py:741} INFO - There are 1 files in /opt/airflow/dags
[2026-04-14T11:57:23.044+0000] {manager.py:879} INFO - 
================================================================================
DAG File Processing Stats

File Path                          PID    Runtime      # DAGs    # Errors  Last Runtime    Last Run
---------------------------------  -----  ---------  --------  ----------  --------------  -------------------
/opt/airflow/dags/pipeline_dag.py                           1           0  2.84s           2026-04-14T11:57:01
================================================================================
[2026-04-14T11:57:53.120+0000] {manager.py:879} INFO - 
================================================================================
DAG File Processing Stats

File Path                          PID    Runtime      # DAGs    # Errors  Last Runtime    Last Run
---------------------------------  -----  ---------  --------  ----------  --------------  -------------------
/opt/airflow/dags/pipeline_dag.py                           1           0  3.22s           2026-04-14T11:57:34
================================================================================
[2026-04-14T11:58:23.567+0000] {manager.py:879} INFO - 
================================================================================
DAG File Processing Stats

File Path                          PID    Runtime      # DAGs    # Errors  Last Runtime    Last Run
---------------------------------  -----  ---------  --------  ----------  --------------  -------------------
/opt/airflow/dags/pipeline_dag.py                           1           0  4.99s           2026-04-14T11:58:10
================================================================================
[2026-04-14T11:58:54.341+0000] {manager.py:879} INFO - 
================================================================================
DAG File Processing Stats

File Path                          PID    Runtime      # DAGs    # Errors  Last Runtime    Last Run
---------------------------------  -----  ---------  --------  ----------  --------------  -------------------
/opt/airflow/dags/pipeline_dag.py                           1           0  9.29s           2026-04-14T11:58:50
================================================================================
[2026-04-14T11:59:24.994+0000] {manager.py:879} INFO - 
================================================================================
DAG File Processing Stats

File Path                          PID    Runtime      # DAGs    # Errors  Last Runtime    Last Run
---------------------------------  -----  ---------  --------  ----------  --------------  -------------------
/opt/airflow/dags/pipeline_dag.py                           1           0  3.06s           2026-04-14T11:59:23
================================================================================
[2026-04-14T11:59:55.711+0000] {manager.py:879} INFO - 
================================================================================
DAG File Processing Stats

File Path                            PID  Runtime      # DAGs    # Errors  Last Runtime    Last Run
---------------------------------  -----  ---------  --------  ----------  --------------  -------------------
/opt/airflow/dags/pipeline_dag.py    437  1.08s             1           0  3.06s           2026-04-14T11:59:23
================================================================================
[2026-04-14T12:00:26.187+0000] {manager.py:879} INFO - 
================================================================================
DAG File Processing Stats

File Path                          PID    Runtime      # DAGs    # Errors  Last Runtime    Last Run
---------------------------------  -----  ---------  --------  ----------  --------------  -------------------
/opt/airflow/dags/pipeline_dag.py                           1           0  7.25s           2026-04-14T12:00:01
================================================================================
[2026-04-14T12:00:56.766+0000] {manager.py:879} INFO - 
================================================================================
DAG File Processing Stats

File Path                          PID    Runtime      # DAGs    # Errors  Last Runtime    Last Run
---------------------------------  -----  ---------  --------  ----------  --------------  -------------------
/opt/airflow/dags/pipeline_dag.py                           1           0  7.20s           2026-04-14T12:00:39
================================================================================
[2026-04-14T12:01:27.222+0000] {manager.py:879} INFO - 
================================================================================
DAG File Processing Stats

File Path                          PID    Runtime      # DAGs    # Errors  Last Runtime    Last Run
---------------------------------  -----  ---------  --------  ----------  --------------  -------------------
/opt/airflow/dags/pipeline_dag.py                           1           0  8.03s           2026-04-14T12:01:18
================================================================================
[2026-04-14T12:01:57.527+0000] {manager.py:879} INFO - 
================================================================================
DAG File Processing Stats

File Path                          PID    Runtime      # DAGs    # Errors  Last Runtime    Last Run
---------------------------------  -----  ---------  --------  ----------  --------------  -------------------
/opt/airflow/dags/pipeline_dag.py                           1           0  7.76s           2026-04-14T12:01:56
================================================================================
[2026-04-14T12:02:10.748+0000] {manager.py:738} INFO - Searching for files in /opt/airflow/dags
[2026-04-14T12:02:10.838+0000] {manager.py:741} INFO - There are 1 files in /opt/airflow/dags
[2026-04-14T12:02:28.194+0000] {manager.py:879} INFO - 
================================================================================
DAG File Processing Stats

File Path                            PID  Runtime      # DAGs    # Errors  Last Runtime    Last Run
---------------------------------  -----  ---------  --------  ----------  --------------  -------------------
/opt/airflow/dags/pipeline_dag.py    479  1.04s             1           0  7.76s           2026-04-14T12:01:56
================================================================================
[2026-04-14T12:02:58.673+0000] {manager.py:879} INFO - 
================================================================================
DAG File Processing Stats

File Path                          PID    Runtime      # DAGs    # Errors  Last Runtime    Last Run
---------------------------------  -----  ---------  --------  ----------  --------------  -------------------
/opt/airflow/dags/pipeline_dag.py                           1           0  8.44s           2026-04-14T12:02:35
================================================================================
[2026-04-14T12:03:29.037+0000] {manager.py:879} INFO - 
================================================================================
DAG File Processing Stats

File Path                          PID    Runtime      # DAGs    # Errors  Last Runtime    Last Run
---------------------------------  -----  ---------  --------  ----------  --------------  -------------------
/opt/airflow/dags/pipeline_dag.py                           1           0  3.93s           2026-04-14T12:03:09
================================================================================
[2026-04-14T12:03:59.725+0000] {manager.py:879} INFO - 
================================================================================
DAG File Processing Stats

File Path                          PID    Runtime      # DAGs    # Errors  Last Runtime    Last Run
---------------------------------  -----  ---------  --------  ----------  --------------  -------------------
/opt/airflow/dags/pipeline_dag.py                           1           0  2.56s           2026-04-14T12:03:42
================================================================================
[2026-04-14T12:04:30.520+0000] {manager.py:879} INFO - 
================================================================================
DAG File Processing Stats

File Path                          PID    Runtime      # DAGs    # Errors  Last Runtime    Last Run
---------------------------------  -----  ---------  --------  ----------  --------------  -------------------
/opt/airflow/dags/pipeline_dag.py                           1           0  6.23s           2026-04-14T12:04:19
================================================================================
[2026-04-14T12:05:00.633+0000] {manager.py:879} INFO - 
================================================================================
DAG File Processing Stats

File Path                            PID  Runtime      # DAGs    # Errors  Last Runtime    Last Run
---------------------------------  -----  ---------  --------  ----------  --------------  -------------------
/opt/airflow/dags/pipeline_dag.py    568  10.25s            1           0  6.23s           2026-04-14T12:04:19
================================================================================
[2026-04-14T12:05:31.168+0000] {manager.py:879} INFO - 
================================================================================
DAG File Processing Stats

File Path                          PID    Runtime      # DAGs    # Errors  Last Runtime    Last Run
---------------------------------  -----  ---------  --------  ----------  --------------  -------------------
/opt/airflow/dags/pipeline_dag.py                           1           0  15.42s          2026-04-14T12:05:05
================================================================================
[2026-04-14T12:06:28.799+0000] {manager.py:1201} ERROR - Processor for /opt/airflow/dags/pipeline_dag.py with PID 780 started at 2026-04-14T12:05:36.305827+00:00 has timed out, killing it.
[2026-04-14T12:06:28.913+0000] {manager.py:879} INFO - 
================================================================================
DAG File Processing Stats

File Path                          PID    Runtime      # DAGs    # Errors  Last Runtime    Last Run
---------------------------------  -----  ---------  --------  ----------  --------------  -------------------
/opt/airflow/dags/pipeline_dag.py                           0           1  52.49s          2026-04-14T12:06:28
================================================================================
[2026-04-14T12:06:59.717+0000] {manager.py:879} INFO - 
================================================================================
DAG File Processing Stats

File Path                            PID  Runtime      # DAGs    # Errors  Last Runtime    Last Run
---------------------------------  -----  ---------  --------  ----------  --------------  -------------------
/opt/airflow/dags/pipeline_dag.py    825  0.02s             0           1  52.49s          2026-04-14T12:06:28
================================================================================
[2026-04-14T12:07:11.003+0000] {manager.py:738} INFO - Searching for files in /opt/airflow/dags
[2026-04-14T12:07:11.097+0000] {manager.py:741} INFO - There are 1 files in /opt/airflow/dags
[2026-04-14T12:07:29.847+0000] {manager.py:879} INFO - 
================================================================================
DAG File Processing Stats

File Path                          PID    Runtime      # DAGs    # Errors  Last Runtime    Last Run
---------------------------------  -----  ---------  --------  ----------  --------------  -------------------
/opt/airflow/dags/pipeline_dag.py                           1           0  3.93s           2026-04-14T12:07:28
================================================================================
[2026-04-14T12:08:00.281+0000] {manager.py:879} INFO - 
================================================================================
DAG File Processing Stats

File Path                            PID  Runtime      # DAGs    # Errors  Last Runtime    Last Run
---------------------------------  -----  ---------  --------  ----------  --------------  -------------------
/opt/airflow/dags/pipeline_dag.py    837  1.00s             1           0  3.93s           2026-04-14T12:07:28
================================================================================
[2026-04-14T12:08:30.466+0000] {manager.py:879} INFO - 
================================================================================
DAG File Processing Stats

File Path                          PID    Runtime      # DAGs    # Errors  Last Runtime    Last Run
---------------------------------  -----  ---------  --------  ----------  --------------  -------------------
/opt/airflow/dags/pipeline_dag.py                           1           0  22.12s          2026-04-14T12:08:21
================================================================================
[2026-04-14T12:09:00.743+0000] {manager.py:879} INFO - 
================================================================================
DAG File Processing Stats

File Path                          PID    Runtime      # DAGs    # Errors  Last Runtime    Last Run
---------------------------------  -----  ---------  --------  ----------  --------------  -------------------
/opt/airflow/dags/pipeline_dag.py                           1           0  7.88s           2026-04-14T12:08:59
================================================================================
[2026-04-14T12:09:31.227+0000] {manager.py:879} INFO - 
================================================================================
DAG File Processing Stats

File Path                            PID  Runtime      # DAGs    # Errors  Last Runtime    Last Run
---------------------------------  -----  ---------  --------  ----------  --------------  -------------------
/opt/airflow/dags/pipeline_dag.py    849  1.02s             1           0  7.88s           2026-04-14T12:08:59
================================================================================
[2026-04-14T12:10:01.677+0000] {manager.py:879} INFO - 
================================================================================
DAG File Processing Stats

File Path                          PID    Runtime      # DAGs    # Errors  Last Runtime    Last Run
---------------------------------  -----  ---------  --------  ----------  --------------  -------------------
/opt/airflow/dags/pipeline_dag.py                           1           0  3.12s           2026-04-14T12:09:33
================================================================================
[2026-04-14T12:10:31.954+0000] {manager.py:879} INFO - 
================================================================================
DAG File Processing Stats

File Path                          PID    Runtime      # DAGs    # Errors  Last Runtime    Last Run
---------------------------------  -----  ---------  --------  ----------  --------------  -------------------
/opt/airflow/dags/pipeline_dag.py                           1           0  2.81s           2026-04-14T12:10:06
================================================================================
[2026-04-14T12:11:02.477+0000] {manager.py:879} INFO - 
================================================================================
DAG File Processing Stats

File Path                          PID    Runtime      # DAGs    # Errors  Last Runtime    Last Run
---------------------------------  -----  ---------  --------  ----------  --------------  -------------------
/opt/airflow/dags/pipeline_dag.py                           1           0  3.07s           2026-04-14T12:10:40
================================================================================
[2026-04-14T12:11:32.992+0000] {manager.py:879} INFO - 
================================================================================
DAG File Processing Stats

File Path                          PID    Runtime      # DAGs    # Errors  Last Runtime    Last Run
---------------------------------  -----  ---------  --------  ----------  --------------  -------------------
/opt/airflow/dags/pipeline_dag.py                           1           0  3.06s           2026-04-14T12:11:13
================================================================================
[2026-04-14T12:12:03.270+0000] {manager.py:879} INFO - 
================================================================================
DAG File Processing Stats

File Path                          PID    Runtime      # DAGs    # Errors  Last Runtime    Last Run
---------------------------------  -----  ---------  --------  ----------  --------------  -------------------
/opt/airflow/dags/pipeline_dag.py                           1           0  2.83s           2026-04-14T12:11:47
================================================================================
[2026-04-14T12:12:11.401+0000] {manager.py:738} INFO - Searching for files in /opt/airflow/dags
[2026-04-14T12:12:11.508+0000] {manager.py:741} INFO - There are 1 files in /opt/airflow/dags
[2026-04-14T12:12:33.942+0000] {manager.py:879} INFO - 
================================================================================
DAG File Processing Stats

File Path                          PID    Runtime      # DAGs    # Errors  Last Runtime    Last Run
---------------------------------  -----  ---------  --------  ----------  --------------  -------------------
/opt/airflow/dags/pipeline_dag.py                           1           0  3.06s           2026-04-14T12:12:20
================================================================================
[2026-04-14T12:13:03.974+0000] {manager.py:879} INFO - 
================================================================================
DAG File Processing Stats

File Path                          PID    Runtime      # DAGs    # Errors  Last Runtime    Last Run
---------------------------------  -----  ---------  --------  ----------  --------------  -------------------
/opt/airflow/dags/pipeline_dag.py                           1           0  3.50s           2026-04-14T12:12:54
================================================================================
[2026-04-14T12:13:34.031+0000] {manager.py:879} INFO - 
================================================================================
DAG File Processing Stats

File Path                          PID    Runtime      # DAGs    # Errors  Last Runtime    Last Run
---------------------------------  -----  ---------  --------  ----------  --------------  -------------------
/opt/airflow/dags/pipeline_dag.py                           1           0  3.19s           2026-04-14T12:13:28
================================================================================
[2026-04-14T12:14:04.580+0000] {manager.py:879} INFO - 
================================================================================
DAG File Processing Stats

File Path                          PID    Runtime      # DAGs    # Errors  Last Runtime    Last Run
---------------------------------  -----  ---------  --------  ----------  --------------  -------------------
/opt/airflow/dags/pipeline_dag.py                           1           0  3.47s           2026-04-14T12:14:01
================================================================================
[2026-04-14T12:14:35.065+0000] {manager.py:879} INFO - 
================================================================================
DAG File Processing Stats

File Path                            PID  Runtime      # DAGs    # Errors  Last Runtime    Last Run
---------------------------------  -----  ---------  --------  ----------  --------------  -------------------
/opt/airflow/dags/pipeline_dag.py    903  3.06s             1           0  3.47s           2026-04-14T12:14:01
================================================================================
[2026-04-14T12:15:05.606+0000] {manager.py:879} INFO - 
================================================================================
DAG File Processing Stats

File Path                            PID  Runtime      # DAGs    # Errors  Last Runtime    Last Run
---------------------------------  -----  ---------  --------  ----------  --------------  -------------------
/opt/airflow/dags/pipeline_dag.py    909  0.01s             1           0  3.15s           2026-04-14T12:14:35
================================================================================
[2026-04-14T12:15:36.183+0000] {manager.py:879} INFO - 
================================================================================
DAG File Processing Stats

File Path                          PID    Runtime      # DAGs    # Errors  Last Runtime    Last Run
---------------------------------  -----  ---------  --------  ----------  --------------  -------------------
/opt/airflow/dags/pipeline_dag.py                           1           0  4.39s           2026-04-14T12:15:09
================================================================================
[2026-04-14T12:16:06.623+0000] {manager.py:879} INFO - 
================================================================================
DAG File Processing Stats

File Path                          PID    Runtime      # DAGs    # Errors  Last Runtime    Last Run
---------------------------------  -----  ---------  --------  ----------  --------------  -------------------
/opt/airflow/dags/pipeline_dag.py                           1           0  3.70s           2026-04-14T12:15:43
================================================================================
[2026-04-14T12:16:37.160+0000] {manager.py:879} INFO - 
================================================================================
DAG File Processing Stats

File Path                          PID    Runtime      # DAGs    # Errors  Last Runtime    Last Run
---------------------------------  -----  ---------  --------  ----------  --------------  -------------------
/opt/airflow/dags/pipeline_dag.py                           0           1  3.33s           2026-04-14T12:16:18
================================================================================
[2026-04-14T12:17:07.293+0000] {manager.py:879} INFO - 
================================================================================
DAG File Processing Stats

File Path                          PID    Runtime      # DAGs    # Errors  Last Runtime    Last Run
---------------------------------  -----  ---------  --------  ----------  --------------  -------------------
/opt/airflow/dags/pipeline_dag.py                           0           1  2.40s           2026-04-14T12:16:46
================================================================================
[2026-04-14T12:17:12.102+0000] {manager.py:738} INFO - Searching for files in /opt/airflow/dags
[2026-04-14T12:17:12.202+0000] {manager.py:741} INFO - There are 1 files in /opt/airflow/dags
[2026-04-14T12:17:37.838+0000] {manager.py:879} INFO - 
================================================================================
DAG File Processing Stats

File Path                          PID    Runtime      # DAGs    # Errors  Last Runtime    Last Run
---------------------------------  -----  ---------  --------  ----------  --------------  -------------------
/opt/airflow/dags/pipeline_dag.py                           0           1  6.54s           2026-04-14T12:17:23
================================================================================
[2026-04-14T12:18:08.192+0000] {manager.py:879} INFO - 
================================================================================
DAG File Processing Stats

File Path                          PID    Runtime      # DAGs    # Errors  Last Runtime    Last Run
---------------------------------  -----  ---------  --------  ----------  --------------  -------------------
/opt/airflow/dags/pipeline_dag.py                           0           1  9.99s           2026-04-14T12:18:04
================================================================================
[2026-04-14T12:18:38.695+0000] {manager.py:879} INFO - 
================================================================================
DAG File Processing Stats

File Path                          PID    Runtime      # DAGs    # Errors  Last Runtime    Last Run
---------------------------------  -----  ---------  --------  ----------  --------------  -------------------
/opt/airflow/dags/pipeline_dag.py                           1           0  4.96s           2026-04-14T12:18:21
================================================================================
[2026-04-14T12:19:08.860+0000] {manager.py:879} INFO - 
================================================================================
DAG File Processing Stats

File Path                          PID    Runtime      # DAGs    # Errors  Last Runtime    Last Run
---------------------------------  -----  ---------  --------  ----------  --------------  -------------------
/opt/airflow/dags/pipeline_dag.py                           1           0  10.21s          2026-04-14T12:19:02
================================================================================
[2026-04-14T12:19:53.866+0000] {manager.py:879} INFO - 
================================================================================
DAG File Processing Stats

File Path                            PID  Runtime      # DAGs    # Errors  Last Runtime    Last Run
---------------------------------  -----  ---------  --------  ----------  --------------  -------------------
/opt/airflow/dags/pipeline_dag.py    977  0.03s             1           0  10.21s          2026-04-14T12:19:02
================================================================================
[2026-04-14T12:20:24.158+0000] {manager.py:879} INFO - 
================================================================================
DAG File Processing Stats

File Path                          PID    Runtime      # DAGs    # Errors  Last Runtime    Last Run
---------------------------------  -----  ---------  --------  ----------  --------------  -------------------
/opt/airflow/dags/pipeline_dag.py                           1           0  4.03s           2026-04-14T12:20:08
================================================================================
[2026-04-14T12:20:54.602+0000] {manager.py:879} INFO - 
================================================================================
DAG File Processing Stats

File Path                          PID    Runtime      # DAGs    # Errors  Last Runtime    Last Run
---------------------------------  -----  ---------  --------  ----------  --------------  -------------------
/opt/airflow/dags/pipeline_dag.py                           1           0  3.00s           2026-04-14T12:20:42
================================================================================
[2026-04-14T12:21:25.075+0000] {manager.py:879} INFO - 
================================================================================
DAG File Processing Stats

File Path                          PID    Runtime      # DAGs    # Errors  Last Runtime    Last Run
---------------------------------  -----  ---------  --------  ----------  --------------  -------------------
/opt/airflow/dags/pipeline_dag.py                           1           0  3.53s           2026-04-14T12:21:15
================================================================================
[2026-04-14T12:21:55.659+0000] {manager.py:879} INFO - 
================================================================================
DAG File Processing Stats

File Path                          PID    Runtime      # DAGs    # Errors  Last Runtime    Last Run
---------------------------------  -----  ---------  --------  ----------  --------------  -------------------
/opt/airflow/dags/pipeline_dag.py                           1           0  3.44s           2026-04-14T12:21:49
================================================================================
[2026-04-14T12:22:12.248+0000] {manager.py:738} INFO - Searching for files in /opt/airflow/dags
[2026-04-14T12:22:12.353+0000] {manager.py:741} INFO - There are 1 files in /opt/airflow/dags
[2026-04-14T12:22:25.675+0000] {manager.py:879} INFO - 
================================================================================
DAG File Processing Stats

File Path                          PID    Runtime      # DAGs    # Errors  Last Runtime    Last Run
---------------------------------  -----  ---------  --------  ----------  --------------  -------------------
/opt/airflow/dags/pipeline_dag.py                           1           0  2.52s           2026-04-14T12:22:22
================================================================================
[2026-04-14T12:22:56.089+0000] {manager.py:879} INFO - 
================================================================================
DAG File Processing Stats

File Path                          PID    Runtime      # DAGs    # Errors  Last Runtime    Last Run
---------------------------------  -----  ---------  --------  ----------  --------------  -------------------
/opt/airflow/dags/pipeline_dag.py                           1           0  2.61s           2026-04-14T12:22:55
================================================================================
[2026-04-14T12:23:26.179+0000] {manager.py:879} INFO - 
================================================================================
DAG File Processing Stats

File Path                            PID  Runtime      # DAGs    # Errors  Last Runtime    Last Run
---------------------------------  -----  ---------  --------  ----------  --------------  -------------------
/opt/airflow/dags/pipeline_dag.py   1073  0.01s             1           0  2.61s           2026-04-14T12:22:55
================================================================================
[2026-04-14T12:23:56.734+0000] {manager.py:879} INFO - 
================================================================================
DAG File Processing Stats

File Path                          PID    Runtime      # DAGs    # Errors  Last Runtime    Last Run
---------------------------------  -----  ---------  --------  ----------  --------------  -------------------
/opt/airflow/dags/pipeline_dag.py                           1           0  3.06s           2026-04-14T12:23:38
================================================================================
[2026-04-14T12:24:06.033+0000] {manager.py:451} INFO - Exiting gracefully upon receiving signal 15
