[2026-04-14T12:04:22.844+0000] {taskinstance.py:1956} INFO - Dependencies all met for dep_context=non-requeueable deps ti=<TaskInstance: nyc_taxi_pipeline.transform_to_silver_gold scheduled__2026-03-01T00:00:00+00:00 [queued]>
[2026-04-14T12:04:22.884+0000] {taskinstance.py:1956} INFO - Dependencies all met for dep_context=requeueable deps ti=<TaskInstance: nyc_taxi_pipeline.transform_to_silver_gold scheduled__2026-03-01T00:00:00+00:00 [queued]>
[2026-04-14T12:04:22.887+0000] {taskinstance.py:2170} INFO - Starting attempt 2 of 2
[2026-04-14T12:04:22.950+0000] {taskinstance.py:2191} INFO - Executing <Task(PythonOperator): transform_to_silver_gold> on 2026-03-01 00:00:00+00:00
[2026-04-14T12:04:22.966+0000] {standard_task_runner.py:60} INFO - Started process 510 to run task
[2026-04-14T12:04:22.978+0000] {standard_task_runner.py:87} INFO - Running: ['***', 'tasks', 'run', 'nyc_taxi_pipeline', 'transform_to_silver_gold', 'scheduled__2026-03-01T00:00:00+00:00', '--job-id', '9', '--raw', '--subdir', 'DAGS_FOLDER/pipeline_dag.py', '--cfg-path', '/tmp/tmp8ex8q2ex']
[2026-04-14T12:04:22.986+0000] {standard_task_runner.py:88} INFO - Job 9: Subtask transform_to_silver_gold
[2026-04-14T12:04:23.198+0000] {task_command.py:423} INFO - Running <TaskInstance: nyc_taxi_pipeline.transform_to_silver_gold scheduled__2026-03-01T00:00:00+00:00 [running]> on host 8ac850d04d14
[2026-04-14T12:04:23.648+0000] {taskinstance.py:2480} INFO - Exporting env vars: AIRFLOW_CTX_DAG_OWNER='divyansh' AIRFLOW_CTX_DAG_ID='nyc_taxi_pipeline' AIRFLOW_CTX_TASK_ID='transform_to_silver_gold' AIRFLOW_CTX_EXECUTION_DATE='2026-03-01T00:00:00+00:00' AIRFLOW_CTX_TRY_NUMBER='2' AIRFLOW_CTX_DAG_RUN_ID='scheduled__2026-03-01T00:00:00+00:00'
[2026-04-14T12:04:23.654+0000] {logging_mixin.py:188} INFO - Starting transformation...
[2026-04-14T12:04:23.693+0000] {_universal.py:514} INFO - Request URL: 'https://divyanshpipelinedata.blob.core.windows.net/bronze/yellow_taxi_2024-01.parquet'
Request method: 'GET'
Request headers:
    'x-ms-range': 'REDACTED'
    'x-ms-version': 'REDACTED'
    'Accept': 'application/xml'
    'User-Agent': 'azsdk-python-storage-dfs/12.14.0 Python/3.8.18 (Linux-5.15.153.1-microsoft-standard-WSL2-x86_64-with-glibc2.34)'
    'x-ms-date': 'REDACTED'
    'x-ms-client-request-id': '13b0ca88-37fa-11f1-b504-0242ac130003'
    'Authorization': 'REDACTED'
No body was attached to the request
[2026-04-14T12:04:24.314+0000] {_universal.py:550} INFO - Response status: 206
Response headers:
    'Content-Length': '33554432'
    'Content-Type': 'application/octet-stream'
    'Content-Range': 'REDACTED'
    'Last-Modified': 'Tue, 14 Apr 2026 12:04:17 GMT'
    'Accept-Ranges': 'REDACTED'
    'ETag': '"0x8DE9A1DF40A253C"'
    'Server': 'Windows-Azure-Blob/1.0 Microsoft-HTTPAPI/2.0'
    'x-ms-request-id': '91a0fc6d-901e-0026-8006-cc143c000000'
    'x-ms-client-request-id': '13b0ca88-37fa-11f1-b504-0242ac130003'
    'x-ms-version': 'REDACTED'
    'x-ms-resource-type': 'REDACTED'
    'x-ms-creation-time': 'REDACTED'
    'x-ms-lease-status': 'REDACTED'
    'x-ms-lease-state': 'REDACTED'
    'x-ms-blob-type': 'REDACTED'
    'x-ms-server-encrypted': 'REDACTED'
    'x-ms-access-tier': 'REDACTED'
    'x-ms-access-tier-inferred': 'REDACTED'
    'x-ms-owner': 'REDACTED'
    'x-ms-group': 'REDACTED'
    'x-ms-permissions': 'REDACTED'
    'x-ms-acl': 'REDACTED'
    'Date': 'Tue, 14 Apr 2026 12:04:21 GMT'
[2026-04-14T12:04:32.579+0000] {_universal.py:514} INFO - Request URL: 'https://divyanshpipelinedata.blob.core.windows.net/bronze/yellow_taxi_2024-01.parquet'
Request method: 'GET'
Request headers:
    'x-ms-range': 'REDACTED'
    'If-Match': '"0x8DE9A1DF40A253C"'
    'x-ms-version': 'REDACTED'
    'Accept': 'application/xml'
    'User-Agent': 'azsdk-python-storage-dfs/12.14.0 Python/3.8.18 (Linux-5.15.153.1-microsoft-standard-WSL2-x86_64-with-glibc2.34)'
    'x-ms-date': 'REDACTED'
    'x-ms-client-request-id': '18fca732-37fa-11f1-b504-0242ac130003'
    'Authorization': 'REDACTED'
No body was attached to the request
[2026-04-14T12:04:32.719+0000] {_universal.py:550} INFO - Response status: 206
Response headers:
    'Content-Length': '4194304'
    'Content-Type': 'application/octet-stream'
    'Content-Range': 'REDACTED'
    'Last-Modified': 'Tue, 14 Apr 2026 12:04:17 GMT'
    'Accept-Ranges': 'REDACTED'
    'ETag': '"0x8DE9A1DF40A253C"'
    'Server': 'Windows-Azure-Blob/1.0 Microsoft-HTTPAPI/2.0'
    'x-ms-request-id': '91a11bd2-901e-0026-0f06-cc143c000000'
    'x-ms-client-request-id': '18fca732-37fa-11f1-b504-0242ac130003'
    'x-ms-version': 'REDACTED'
    'x-ms-resource-type': 'REDACTED'
    'x-ms-creation-time': 'REDACTED'
    'x-ms-lease-status': 'REDACTED'
    'x-ms-lease-state': 'REDACTED'
    'x-ms-blob-type': 'REDACTED'
    'x-ms-server-encrypted': 'REDACTED'
    'x-ms-access-tier': 'REDACTED'
    'x-ms-access-tier-inferred': 'REDACTED'
    'x-ms-owner': 'REDACTED'
    'x-ms-group': 'REDACTED'
    'x-ms-permissions': 'REDACTED'
    'x-ms-acl': 'REDACTED'
    'Date': 'Tue, 14 Apr 2026 12:04:30 GMT'
[2026-04-14T12:04:34.220+0000] {_universal.py:514} INFO - Request URL: 'https://divyanshpipelinedata.blob.core.windows.net/bronze/yellow_taxi_2024-01.parquet'
Request method: 'GET'
Request headers:
    'x-ms-range': 'REDACTED'
    'If-Match': '"0x8DE9A1DF40A253C"'
    'x-ms-version': 'REDACTED'
    'Accept': 'application/xml'
    'User-Agent': 'azsdk-python-storage-dfs/12.14.0 Python/3.8.18 (Linux-5.15.153.1-microsoft-standard-WSL2-x86_64-with-glibc2.34)'
    'x-ms-date': 'REDACTED'
    'x-ms-client-request-id': '19f762b2-37fa-11f1-b504-0242ac130003'
    'Authorization': 'REDACTED'
No body was attached to the request
[2026-04-14T12:04:34.365+0000] {_universal.py:550} INFO - Response status: 206
Response headers:
    'Content-Length': '4194304'
    'Content-Type': 'application/octet-stream'
    'Content-Range': 'REDACTED'
    'Last-Modified': 'Tue, 14 Apr 2026 12:04:17 GMT'
    'Accept-Ranges': 'REDACTED'
    'ETag': '"0x8DE9A1DF40A253C"'
    'Server': 'Windows-Azure-Blob/1.0 Microsoft-HTTPAPI/2.0'
    'x-ms-request-id': '91a12141-901e-0026-0d06-cc143c000000'
    'x-ms-client-request-id': '19f762b2-37fa-11f1-b504-0242ac130003'
    'x-ms-version': 'REDACTED'
    'x-ms-resource-type': 'REDACTED'
    'x-ms-creation-time': 'REDACTED'
    'x-ms-lease-status': 'REDACTED'
    'x-ms-lease-state': 'REDACTED'
    'x-ms-blob-type': 'REDACTED'
    'x-ms-server-encrypted': 'REDACTED'
    'x-ms-access-tier': 'REDACTED'
    'x-ms-access-tier-inferred': 'REDACTED'
    'x-ms-owner': 'REDACTED'
    'x-ms-group': 'REDACTED'
    'x-ms-permissions': 'REDACTED'
    'x-ms-acl': 'REDACTED'
    'Date': 'Tue, 14 Apr 2026 12:04:31 GMT'
[2026-04-14T12:04:35.502+0000] {_universal.py:514} INFO - Request URL: 'https://divyanshpipelinedata.blob.core.windows.net/bronze/yellow_taxi_2024-01.parquet'
Request method: 'GET'
Request headers:
    'x-ms-range': 'REDACTED'
    'If-Match': '"0x8DE9A1DF40A253C"'
    'x-ms-version': 'REDACTED'
    'Accept': 'application/xml'
    'User-Agent': 'azsdk-python-storage-dfs/12.14.0 Python/3.8.18 (Linux-5.15.153.1-microsoft-standard-WSL2-x86_64-with-glibc2.34)'
    'x-ms-date': 'REDACTED'
    'x-ms-client-request-id': '1abaf984-37fa-11f1-b504-0242ac130003'
    'Authorization': 'REDACTED'
No body was attached to the request
[2026-04-14T12:04:35.640+0000] {_universal.py:550} INFO - Response status: 206
Response headers:
    'Content-Length': '4194304'
    'Content-Type': 'application/octet-stream'
    'Content-Range': 'REDACTED'
    'Last-Modified': 'Tue, 14 Apr 2026 12:04:17 GMT'
    'Accept-Ranges': 'REDACTED'
    'ETag': '"0x8DE9A1DF40A253C"'
    'Server': 'Windows-Azure-Blob/1.0 Microsoft-HTTPAPI/2.0'
    'x-ms-request-id': '91a12582-901e-0026-1906-cc143c000000'
    'x-ms-client-request-id': '1abaf984-37fa-11f1-b504-0242ac130003'
    'x-ms-version': 'REDACTED'
    'x-ms-resource-type': 'REDACTED'
    'x-ms-creation-time': 'REDACTED'
    'x-ms-lease-status': 'REDACTED'
    'x-ms-lease-state': 'REDACTED'
    'x-ms-blob-type': 'REDACTED'
    'x-ms-server-encrypted': 'REDACTED'
    'x-ms-access-tier': 'REDACTED'
    'x-ms-access-tier-inferred': 'REDACTED'
    'x-ms-owner': 'REDACTED'
    'x-ms-group': 'REDACTED'
    'x-ms-permissions': 'REDACTED'
    'x-ms-acl': 'REDACTED'
    'Date': 'Tue, 14 Apr 2026 12:04:33 GMT'
[2026-04-14T12:04:36.291+0000] {_universal.py:514} INFO - Request URL: 'https://divyanshpipelinedata.blob.core.windows.net/bronze/yellow_taxi_2024-01.parquet'
Request method: 'GET'
Request headers:
    'x-ms-range': 'REDACTED'
    'If-Match': '"0x8DE9A1DF40A253C"'
    'x-ms-version': 'REDACTED'
    'Accept': 'application/xml'
    'User-Agent': 'azsdk-python-storage-dfs/12.14.0 Python/3.8.18 (Linux-5.15.153.1-microsoft-standard-WSL2-x86_64-with-glibc2.34)'
    'x-ms-date': 'REDACTED'
    'x-ms-client-request-id': '1b337b2a-37fa-11f1-b504-0242ac130003'
    'Authorization': 'REDACTED'
No body was attached to the request
[2026-04-14T12:04:36.393+0000] {_universal.py:550} INFO - Response status: 206
Response headers:
    'Content-Length': '3824297'
    'Content-Type': 'application/octet-stream'
    'Content-Range': 'REDACTED'
    'Last-Modified': 'Tue, 14 Apr 2026 12:04:17 GMT'
    'Accept-Ranges': 'REDACTED'
    'ETag': '"0x8DE9A1DF40A253C"'
    'Server': 'Windows-Azure-Blob/1.0 Microsoft-HTTPAPI/2.0'
    'x-ms-request-id': '91a1287b-901e-0026-1406-cc143c000000'
    'x-ms-client-request-id': '1b337b2a-37fa-11f1-b504-0242ac130003'
    'x-ms-version': 'REDACTED'
    'x-ms-resource-type': 'REDACTED'
    'x-ms-creation-time': 'REDACTED'
    'x-ms-lease-status': 'REDACTED'
    'x-ms-lease-state': 'REDACTED'
    'x-ms-blob-type': 'REDACTED'
    'x-ms-server-encrypted': 'REDACTED'
    'x-ms-access-tier': 'REDACTED'
    'x-ms-access-tier-inferred': 'REDACTED'
    'x-ms-owner': 'REDACTED'
    'x-ms-group': 'REDACTED'
    'x-ms-permissions': 'REDACTED'
    'x-ms-acl': 'REDACTED'
    'Date': 'Tue, 14 Apr 2026 12:04:34 GMT'
[2026-04-14T12:06:28.301+0000] {job.py:213} ERROR - Job heartbeat got an exception
Traceback (most recent call last):
  File "/home/airflow/.local/lib/python3.8/site-packages/sqlalchemy/engine/base.py", line 3371, in _wrap_pool_connect
    return fn()
  File "/home/airflow/.local/lib/python3.8/site-packages/sqlalchemy/pool/base.py", line 327, in connect
    return _ConnectionFairy._checkout(self)
  File "/home/airflow/.local/lib/python3.8/site-packages/sqlalchemy/pool/base.py", line 894, in _checkout
    fairy = _ConnectionRecord.checkout(pool)
  File "/home/airflow/.local/lib/python3.8/site-packages/sqlalchemy/pool/base.py", line 493, in checkout
    rec = pool._do_get()
  File "/home/airflow/.local/lib/python3.8/site-packages/sqlalchemy/pool/impl.py", line 256, in _do_get
    return self._create_connection()
  File "/home/airflow/.local/lib/python3.8/site-packages/sqlalchemy/pool/base.py", line 273, in _create_connection
    return _ConnectionRecord(self)
  File "/home/airflow/.local/lib/python3.8/site-packages/sqlalchemy/pool/base.py", line 388, in __init__
    self.__connect()
  File "/home/airflow/.local/lib/python3.8/site-packages/sqlalchemy/pool/base.py", line 691, in __connect
    pool.logger.debug("Error on connect(): %s", e)
  File "/home/airflow/.local/lib/python3.8/site-packages/sqlalchemy/util/langhelpers.py", line 70, in __exit__
    compat.raise_(
  File "/home/airflow/.local/lib/python3.8/site-packages/sqlalchemy/util/compat.py", line 211, in raise_
    raise exception
  File "/home/airflow/.local/lib/python3.8/site-packages/sqlalchemy/pool/base.py", line 686, in __connect
    self.dbapi_connection = connection = pool._invoke_creator(self)
  File "/home/airflow/.local/lib/python3.8/site-packages/sqlalchemy/engine/create.py", line 574, in connect
    return dialect.connect(*cargs, **cparams)
  File "/home/airflow/.local/lib/python3.8/site-packages/sqlalchemy/engine/default.py", line 598, in connect
    return self.dbapi.connect(*cargs, **cparams)
  File "/home/airflow/.local/lib/python3.8/site-packages/psycopg2/__init__.py", line 122, in connect
    conn = _connect(dsn, connection_factory=connection_factory, **kwasync)
psycopg2.OperationalError: could not translate host name "postgres" to address: Temporary failure in name resolution


The above exception was the direct cause of the following exception:

Traceback (most recent call last):
  File "/home/airflow/.local/lib/python3.8/site-packages/airflow/jobs/job.py", line 187, in heartbeat
    self._merge_from(Job._fetch_from_db(self, session))
  File "/home/airflow/.local/lib/python3.8/site-packages/airflow/api_internal/internal_api_call.py", line 114, in wrapper
    return func(*args, **kwargs)
  File "/home/airflow/.local/lib/python3.8/site-packages/airflow/utils/session.py", line 76, in wrapper
    return func(*args, **kwargs)
  File "/home/airflow/.local/lib/python3.8/site-packages/airflow/jobs/job.py", line 308, in _fetch_from_db
    session.merge(job)
  File "/home/airflow/.local/lib/python3.8/site-packages/sqlalchemy/orm/session.py", line 3056, in merge
    return self._merge(
  File "/home/airflow/.local/lib/python3.8/site-packages/sqlalchemy/orm/session.py", line 3136, in _merge
    merged = self.get(
  File "/home/airflow/.local/lib/python3.8/site-packages/sqlalchemy/orm/session.py", line 2853, in get
    return self._get_impl(
  File "/home/airflow/.local/lib/python3.8/site-packages/sqlalchemy/orm/session.py", line 2975, in _get_impl
    return db_load_fn(
  File "/home/airflow/.local/lib/python3.8/site-packages/sqlalchemy/orm/loading.py", line 530, in load_on_pk_identity
    session.execute(
  File "/home/airflow/.local/lib/python3.8/site-packages/sqlalchemy/orm/session.py", line 1716, in execute
    conn = self._connection_for_bind(bind)
  File "/home/airflow/.local/lib/python3.8/site-packages/sqlalchemy/orm/session.py", line 1555, in _connection_for_bind
    return self._transaction._connection_for_bind(
  File "/home/airflow/.local/lib/python3.8/site-packages/sqlalchemy/orm/session.py", line 750, in _connection_for_bind
    conn = bind.connect()
  File "/home/airflow/.local/lib/python3.8/site-packages/sqlalchemy/future/engine.py", line 412, in connect
    return super(Engine, self).connect()
  File "/home/airflow/.local/lib/python3.8/site-packages/sqlalchemy/engine/base.py", line 3325, in connect
    return self._connection_cls(self, close_with_result=close_with_result)
  File "/home/airflow/.local/lib/python3.8/site-packages/sqlalchemy/engine/base.py", line 96, in __init__
    else engine.raw_connection()
  File "/home/airflow/.local/lib/python3.8/site-packages/sqlalchemy/engine/base.py", line 3404, in raw_connection
    return self._wrap_pool_connect(self.pool.connect, _connection)
  File "/home/airflow/.local/lib/python3.8/site-packages/sqlalchemy/engine/base.py", line 3374, in _wrap_pool_connect
    Connection._handle_dbapi_exception_noconnection(
  File "/home/airflow/.local/lib/python3.8/site-packages/sqlalchemy/engine/base.py", line 2208, in _handle_dbapi_exception_noconnection
    util.raise_(
  File "/home/airflow/.local/lib/python3.8/site-packages/sqlalchemy/util/compat.py", line 211, in raise_
    raise exception
  File "/home/airflow/.local/lib/python3.8/site-packages/sqlalchemy/engine/base.py", line 3371, in _wrap_pool_connect
    return fn()
  File "/home/airflow/.local/lib/python3.8/site-packages/sqlalchemy/pool/base.py", line 327, in connect
    return _ConnectionFairy._checkout(self)
  File "/home/airflow/.local/lib/python3.8/site-packages/sqlalchemy/pool/base.py", line 894, in _checkout
    fairy = _ConnectionRecord.checkout(pool)
  File "/home/airflow/.local/lib/python3.8/site-packages/sqlalchemy/pool/base.py", line 493, in checkout
    rec = pool._do_get()
  File "/home/airflow/.local/lib/python3.8/site-packages/sqlalchemy/pool/impl.py", line 256, in _do_get
    return self._create_connection()
  File "/home/airflow/.local/lib/python3.8/site-packages/sqlalchemy/pool/base.py", line 273, in _create_connection
    return _ConnectionRecord(self)
  File "/home/airflow/.local/lib/python3.8/site-packages/sqlalchemy/pool/base.py", line 388, in __init__
    self.__connect()
  File "/home/airflow/.local/lib/python3.8/site-packages/sqlalchemy/pool/base.py", line 691, in __connect
    pool.logger.debug("Error on connect(): %s", e)
  File "/home/airflow/.local/lib/python3.8/site-packages/sqlalchemy/util/langhelpers.py", line 70, in __exit__
    compat.raise_(
  File "/home/airflow/.local/lib/python3.8/site-packages/sqlalchemy/util/compat.py", line 211, in raise_
    raise exception
  File "/home/airflow/.local/lib/python3.8/site-packages/sqlalchemy/pool/base.py", line 686, in __connect
    self.dbapi_connection = connection = pool._invoke_creator(self)
  File "/home/airflow/.local/lib/python3.8/site-packages/sqlalchemy/engine/create.py", line 574, in connect
    return dialect.connect(*cargs, **cparams)
  File "/home/airflow/.local/lib/python3.8/site-packages/sqlalchemy/engine/default.py", line 598, in connect
    return self.dbapi.connect(*cargs, **cparams)
  File "/home/airflow/.local/lib/python3.8/site-packages/psycopg2/__init__.py", line 122, in connect
    conn = _connect(dsn, connection_factory=connection_factory, **kwasync)
sqlalchemy.exc.OperationalError: (psycopg2.OperationalError) could not translate host name "postgres" to address: Temporary failure in name resolution

(Background on this error at: https://sqlalche.me/e/14/e3q8)
[2026-04-14T12:06:28.855+0000] {job.py:221} ERROR - Job heartbeat failed with error. Scheduler is in unhealthy state
[2026-04-14T12:06:53.424+0000] {job.py:221} ERROR - Job heartbeat failed with error. Scheduler is in unhealthy state
[2026-04-14T12:19:54.807+0000] {local_task_job_runner.py:234} INFO - Task exited with return code -9
[2026-04-14T12:19:56.291+0000] {taskinstance.py:3280} INFO - 0 downstream tasks scheduled from follow-on schedule check
