[2026-04-14T11:59:03.132+0000] {taskinstance.py:1956} INFO - Dependencies all met for dep_context=non-requeueable deps ti=<TaskInstance: nyc_taxi_pipeline.transform_to_silver_gold scheduled__2026-03-01T00:00:00+00:00 [queued]>
[2026-04-14T11:59:03.183+0000] {taskinstance.py:1956} INFO - Dependencies all met for dep_context=requeueable deps ti=<TaskInstance: nyc_taxi_pipeline.transform_to_silver_gold scheduled__2026-03-01T00:00:00+00:00 [queued]>
[2026-04-14T11:59:03.186+0000] {taskinstance.py:2170} INFO - Starting attempt 1 of 2
[2026-04-14T11:59:03.264+0000] {taskinstance.py:2191} INFO - Executing <Task(PythonOperator): transform_to_silver_gold> on 2026-03-01 00:00:00+00:00
[2026-04-14T11:59:03.284+0000] {standard_task_runner.py:60} INFO - Started process 314 to run task
[2026-04-14T11:59:03.308+0000] {standard_task_runner.py:87} INFO - Running: ['***', 'tasks', 'run', 'nyc_taxi_pipeline', 'transform_to_silver_gold', 'scheduled__2026-03-01T00:00:00+00:00', '--job-id', '6', '--raw', '--subdir', 'DAGS_FOLDER/pipeline_dag.py', '--cfg-path', '/tmp/tmpyhabilve']
[2026-04-14T11:59:03.317+0000] {standard_task_runner.py:88} INFO - Job 6: Subtask transform_to_silver_gold
[2026-04-14T11:59:03.615+0000] {task_command.py:423} INFO - Running <TaskInstance: nyc_taxi_pipeline.transform_to_silver_gold scheduled__2026-03-01T00:00:00+00:00 [running]> on host 8ac850d04d14
[2026-04-14T11:59:04.136+0000] {taskinstance.py:2480} INFO - Exporting env vars: AIRFLOW_CTX_DAG_OWNER='divyansh' AIRFLOW_CTX_DAG_ID='nyc_taxi_pipeline' AIRFLOW_CTX_TASK_ID='transform_to_silver_gold' AIRFLOW_CTX_EXECUTION_DATE='2026-03-01T00:00:00+00:00' AIRFLOW_CTX_TRY_NUMBER='1' AIRFLOW_CTX_DAG_RUN_ID='scheduled__2026-03-01T00:00:00+00:00'
[2026-04-14T11:59:04.157+0000] {logging_mixin.py:188} INFO - Starting transformation...
[2026-04-14T11:59:04.207+0000] {_universal.py:514} INFO - Request URL: 'https://divyanshpipelinedata.blob.core.windows.net/bronze/yellow_taxi_2024-01.parquet'
Request method: 'GET'
Request headers:
    'x-ms-range': 'REDACTED'
    'x-ms-version': 'REDACTED'
    'Accept': 'application/xml'
    'User-Agent': 'azsdk-python-storage-dfs/12.14.0 Python/3.8.18 (Linux-5.15.153.1-microsoft-standard-WSL2-x86_64-with-glibc2.34)'
    'x-ms-date': 'REDACTED'
    'x-ms-client-request-id': '55430ffc-37f9-11f1-b05d-0242ac130003'
    'Authorization': 'REDACTED'
No body was attached to the request
[2026-04-14T11:59:04.931+0000] {_universal.py:550} INFO - Response status: 206
Response headers:
    'Content-Length': '33554432'
    'Content-Type': 'application/octet-stream'
    'Content-Range': 'REDACTED'
    'Last-Modified': 'Tue, 14 Apr 2026 11:58:56 GMT'
    'Accept-Ranges': 'REDACTED'
    'ETag': '"0x8DE9A1D34DBA5DC"'
    'Server': 'Windows-Azure-Blob/1.0 Microsoft-HTTPAPI/2.0'
    'x-ms-request-id': 'e43e7a5e-f01e-001f-7e06-ccef20000000'
    'x-ms-client-request-id': '55430ffc-37f9-11f1-b05d-0242ac130003'
    'x-ms-version': 'REDACTED'
    'x-ms-resource-type': 'REDACTED'
    'x-ms-creation-time': 'REDACTED'
    'x-ms-lease-status': 'REDACTED'
    'x-ms-lease-state': 'REDACTED'
    'x-ms-blob-type': 'REDACTED'
    'x-ms-server-encrypted': 'REDACTED'
    'x-ms-access-tier': 'REDACTED'
    'x-ms-access-tier-inferred': 'REDACTED'
    'x-ms-owner': 'REDACTED'
    'x-ms-group': 'REDACTED'
    'x-ms-permissions': 'REDACTED'
    'x-ms-acl': 'REDACTED'
    'Date': 'Tue, 14 Apr 2026 11:59:02 GMT'
[2026-04-14T11:59:13.333+0000] {_universal.py:514} INFO - Request URL: 'https://divyanshpipelinedata.blob.core.windows.net/bronze/yellow_taxi_2024-01.parquet'
Request method: 'GET'
Request headers:
    'x-ms-range': 'REDACTED'
    'If-Match': '"0x8DE9A1D34DBA5DC"'
    'x-ms-version': 'REDACTED'
    'Accept': 'application/xml'
    'User-Agent': 'azsdk-python-storage-dfs/12.14.0 Python/3.8.18 (Linux-5.15.153.1-microsoft-standard-WSL2-x86_64-with-glibc2.34)'
    'x-ms-date': 'REDACTED'
    'x-ms-client-request-id': '5ab30c30-37f9-11f1-b05d-0242ac130003'
    'Authorization': 'REDACTED'
No body was attached to the request
[2026-04-14T11:59:13.483+0000] {_universal.py:550} INFO - Response status: 206
Response headers:
    'Content-Length': '4194304'
    'Content-Type': 'application/octet-stream'
    'Content-Range': 'REDACTED'
    'Last-Modified': 'Tue, 14 Apr 2026 11:58:56 GMT'
    'Accept-Ranges': 'REDACTED'
    'ETag': '"0x8DE9A1D34DBA5DC"'
    'Server': 'Windows-Azure-Blob/1.0 Microsoft-HTTPAPI/2.0'
    'x-ms-request-id': 'e43e9cb3-f01e-001f-0e06-ccef20000000'
    'x-ms-client-request-id': '5ab30c30-37f9-11f1-b05d-0242ac130003'
    'x-ms-version': 'REDACTED'
    'x-ms-resource-type': 'REDACTED'
    'x-ms-creation-time': 'REDACTED'
    'x-ms-lease-status': 'REDACTED'
    'x-ms-lease-state': 'REDACTED'
    'x-ms-blob-type': 'REDACTED'
    'x-ms-server-encrypted': 'REDACTED'
    'x-ms-access-tier': 'REDACTED'
    'x-ms-access-tier-inferred': 'REDACTED'
    'x-ms-owner': 'REDACTED'
    'x-ms-group': 'REDACTED'
    'x-ms-permissions': 'REDACTED'
    'x-ms-acl': 'REDACTED'
    'Date': 'Tue, 14 Apr 2026 11:59:10 GMT'
[2026-04-14T11:59:14.785+0000] {_universal.py:514} INFO - Request URL: 'https://divyanshpipelinedata.blob.core.windows.net/bronze/yellow_taxi_2024-01.parquet'
Request method: 'GET'
Request headers:
    'x-ms-range': 'REDACTED'
    'If-Match': '"0x8DE9A1D34DBA5DC"'
    'x-ms-version': 'REDACTED'
    'Accept': 'application/xml'
    'User-Agent': 'azsdk-python-storage-dfs/12.14.0 Python/3.8.18 (Linux-5.15.153.1-microsoft-standard-WSL2-x86_64-with-glibc2.34)'
    'x-ms-date': 'REDACTED'
    'x-ms-client-request-id': '5b917a06-37f9-11f1-b05d-0242ac130003'
    'Authorization': 'REDACTED'
No body was attached to the request
[2026-04-14T11:59:14.899+0000] {_universal.py:550} INFO - Response status: 206
Response headers:
    'Content-Length': '4194304'
    'Content-Type': 'application/octet-stream'
    'Content-Range': 'REDACTED'
    'Last-Modified': 'Tue, 14 Apr 2026 11:58:56 GMT'
    'Accept-Ranges': 'REDACTED'
    'ETag': '"0x8DE9A1D34DBA5DC"'
    'Server': 'Windows-Azure-Blob/1.0 Microsoft-HTTPAPI/2.0'
    'x-ms-request-id': 'e43ea23a-f01e-001f-5806-ccef20000000'
    'x-ms-client-request-id': '5b917a06-37f9-11f1-b05d-0242ac130003'
    'x-ms-version': 'REDACTED'
    'x-ms-resource-type': 'REDACTED'
    'x-ms-creation-time': 'REDACTED'
    'x-ms-lease-status': 'REDACTED'
    'x-ms-lease-state': 'REDACTED'
    'x-ms-blob-type': 'REDACTED'
    'x-ms-server-encrypted': 'REDACTED'
    'x-ms-access-tier': 'REDACTED'
    'x-ms-access-tier-inferred': 'REDACTED'
    'x-ms-owner': 'REDACTED'
    'x-ms-group': 'REDACTED'
    'x-ms-permissions': 'REDACTED'
    'x-ms-acl': 'REDACTED'
    'Date': 'Tue, 14 Apr 2026 11:59:12 GMT'
[2026-04-14T11:59:15.700+0000] {_universal.py:514} INFO - Request URL: 'https://divyanshpipelinedata.blob.core.windows.net/bronze/yellow_taxi_2024-01.parquet'
Request method: 'GET'
Request headers:
    'x-ms-range': 'REDACTED'
    'If-Match': '"0x8DE9A1D34DBA5DC"'
    'x-ms-version': 'REDACTED'
    'Accept': 'application/xml'
    'User-Agent': 'azsdk-python-storage-dfs/12.14.0 Python/3.8.18 (Linux-5.15.153.1-microsoft-standard-WSL2-x86_64-with-glibc2.34)'
    'x-ms-date': 'REDACTED'
    'x-ms-client-request-id': '5c1d41bc-37f9-11f1-b05d-0242ac130003'
    'Authorization': 'REDACTED'
No body was attached to the request
[2026-04-14T11:59:15.875+0000] {_universal.py:550} INFO - Response status: 206
Response headers:
    'Content-Length': '4194304'
    'Content-Type': 'application/octet-stream'
    'Content-Range': 'REDACTED'
    'Last-Modified': 'Tue, 14 Apr 2026 11:58:56 GMT'
    'Accept-Ranges': 'REDACTED'
    'ETag': '"0x8DE9A1D34DBA5DC"'
    'Server': 'Windows-Azure-Blob/1.0 Microsoft-HTTPAPI/2.0'
    'x-ms-request-id': 'e43ea58a-f01e-001f-2006-ccef20000000'
    'x-ms-client-request-id': '5c1d41bc-37f9-11f1-b05d-0242ac130003'
    'x-ms-version': 'REDACTED'
    'x-ms-resource-type': 'REDACTED'
    'x-ms-creation-time': 'REDACTED'
    'x-ms-lease-status': 'REDACTED'
    'x-ms-lease-state': 'REDACTED'
    'x-ms-blob-type': 'REDACTED'
    'x-ms-server-encrypted': 'REDACTED'
    'x-ms-access-tier': 'REDACTED'
    'x-ms-access-tier-inferred': 'REDACTED'
    'x-ms-owner': 'REDACTED'
    'x-ms-group': 'REDACTED'
    'x-ms-permissions': 'REDACTED'
    'x-ms-acl': 'REDACTED'
    'Date': 'Tue, 14 Apr 2026 11:59:13 GMT'
[2026-04-14T11:59:16.622+0000] {_universal.py:514} INFO - Request URL: 'https://divyanshpipelinedata.blob.core.windows.net/bronze/yellow_taxi_2024-01.parquet'
Request method: 'GET'
Request headers:
    'x-ms-range': 'REDACTED'
    'If-Match': '"0x8DE9A1D34DBA5DC"'
    'x-ms-version': 'REDACTED'
    'Accept': 'application/xml'
    'User-Agent': 'azsdk-python-storage-dfs/12.14.0 Python/3.8.18 (Linux-5.15.153.1-microsoft-standard-WSL2-x86_64-with-glibc2.34)'
    'x-ms-date': 'REDACTED'
    'x-ms-client-request-id': '5ca8d9a2-37f9-11f1-b05d-0242ac130003'
    'Authorization': 'REDACTED'
No body was attached to the request
[2026-04-14T11:59:16.717+0000] {_universal.py:550} INFO - Response status: 412
Response headers:
    'Content-Length': '252'
    'Content-Type': 'application/xml'
    'Server': 'Windows-Azure-Blob/1.0 Microsoft-HTTPAPI/2.0'
    'x-ms-request-id': 'e43ea8fc-f01e-001f-0906-ccef20000000'
    'x-ms-client-request-id': '5ca8d9a2-37f9-11f1-b05d-0242ac130003'
    'x-ms-version': 'REDACTED'
    'x-ms-error-code': 'ConditionNotMet'
    'Date': 'Tue, 14 Apr 2026 11:59:14 GMT'
[2026-04-14T11:59:16.757+0000] {taskinstance.py:2698} ERROR - Task failed with exception
Traceback (most recent call last):
  File "/home/airflow/.local/lib/python3.8/site-packages/airflow/models/taskinstance.py", line 433, in _execute_task
    result = execute_callable(context=context, **execute_callable_kwargs)
  File "/home/airflow/.local/lib/python3.8/site-packages/airflow/operators/python.py", line 199, in execute
    return_value = self.execute_callable()
  File "/home/airflow/.local/lib/python3.8/site-packages/airflow/operators/python.py", line 216, in execute_callable
    return self.python_callable(*self.op_args, **self.op_kwargs)
  File "/opt/airflow/dags/pipeline_dag.py", line 42, in transform
    data = download.readall()
  File "/home/airflow/.local/lib/python3.8/site-packages/azure/storage/filedatalake/_download.py", line 66, in readall
    return self._downloader.readall()
  File "/home/airflow/.local/lib/python3.8/site-packages/azure/storage/blob/_download.py", line 655, in readall
    self.readinto(stream)
  File "/home/airflow/.local/lib/python3.8/site-packages/azure/storage/blob/_download.py", line 774, in readinto
    downloader.process_chunk(chunk)
  File "/home/airflow/.local/lib/python3.8/site-packages/azure/storage/blob/_download.py", line 128, in process_chunk
    chunk_data = self._download_chunk(chunk_start, chunk_end - 1)
  File "/home/airflow/.local/lib/python3.8/site-packages/azure/storage/blob/_download.py", line 210, in _download_chunk
    process_storage_error(error)
  File "/home/airflow/.local/lib/python3.8/site-packages/azure/storage/blob/_shared/response_handlers.py", line 184, in process_storage_error
    exec("raise error from None")   # pylint: disable=exec-used # nosec
  File "<string>", line 1, in <module>
azure.core.exceptions.ResourceModifiedError: The condition specified using HTTP conditional header(s) is not met.
RequestId:e43ea8fc-f01e-001f-0906-ccef20000000
Time:2026-04-14T11:59:14.9804103Z
ErrorCode:ConditionNotMet
Content: <?xml version="1.0" encoding="utf-8"?><Error><Code>ConditionNotMet</Code><Message>The condition specified using HTTP conditional header(s) is not met.
RequestId:e43ea8fc-f01e-001f-0906-ccef20000000
Time:2026-04-14T11:59:14.9804103Z</Message></Error>
[2026-04-14T11:59:16.871+0000] {taskinstance.py:1138} INFO - Marking task as UP_FOR_RETRY. dag_id=nyc_taxi_pipeline, task_id=transform_to_silver_gold, execution_date=20260301T000000, start_date=20260414T115903, end_date=20260414T115916
[2026-04-14T11:59:16.990+0000] {standard_task_runner.py:107} ERROR - Failed to execute job 6 for task transform_to_silver_gold (The condition specified using HTTP conditional header(s) is not met.
RequestId:e43ea8fc-f01e-001f-0906-ccef20000000
Time:2026-04-14T11:59:14.9804103Z
ErrorCode:ConditionNotMet
Content: <?xml version="1.0" encoding="utf-8"?><Error><Code>ConditionNotMet</Code><Message>The condition specified using HTTP conditional header(s) is not met.
RequestId:e43ea8fc-f01e-001f-0906-ccef20000000
Time:2026-04-14T11:59:14.9804103Z</Message></Error>; 314)
[2026-04-14T11:59:17.060+0000] {local_task_job_runner.py:234} INFO - Task exited with return code 1
[2026-04-14T11:59:17.221+0000] {taskinstance.py:3280} INFO - 0 downstream tasks scheduled from follow-on schedule check
