[2026-04-14T12:18:49.890+0000] {taskinstance.py:1956} INFO - Dependencies all met for dep_context=non-requeueable deps ti=<TaskInstance: nyc_taxi_pipeline.ingest_to_bronze manual__2026-04-14T12:18:38.105648+00:00 [queued]>
[2026-04-14T12:18:49.913+0000] {taskinstance.py:1956} INFO - Dependencies all met for dep_context=requeueable deps ti=<TaskInstance: nyc_taxi_pipeline.ingest_to_bronze manual__2026-04-14T12:18:38.105648+00:00 [queued]>
[2026-04-14T12:18:49.915+0000] {taskinstance.py:2170} INFO - Starting attempt 1 of 2
[2026-04-14T12:18:49.961+0000] {taskinstance.py:2191} INFO - Executing <Task(PythonOperator): ingest_to_bronze> on 2026-04-14 12:18:38.105648+00:00
[2026-04-14T12:18:49.981+0000] {standard_task_runner.py:60} INFO - Started process 953 to run task
[2026-04-14T12:18:50.008+0000] {standard_task_runner.py:87} INFO - Running: ['***', 'tasks', 'run', 'nyc_taxi_pipeline', 'ingest_to_bronze', 'manual__2026-04-14T12:18:38.105648+00:00', '--job-id', '11', '--raw', '--subdir', 'DAGS_FOLDER/pipeline_dag.py', '--cfg-path', '/tmp/tmpuomowaar']
[2026-04-14T12:18:50.027+0000] {standard_task_runner.py:88} INFO - Job 11: Subtask ingest_to_bronze
[2026-04-14T12:18:50.290+0000] {task_command.py:423} INFO - Running <TaskInstance: nyc_taxi_pipeline.ingest_to_bronze manual__2026-04-14T12:18:38.105648+00:00 [running]> on host 8ac850d04d14
[2026-04-14T12:18:50.672+0000] {taskinstance.py:2480} INFO - Exporting env vars: AIRFLOW_CTX_DAG_OWNER='divyansh' AIRFLOW_CTX_DAG_ID='nyc_taxi_pipeline' AIRFLOW_CTX_TASK_ID='ingest_to_bronze' AIRFLOW_CTX_EXECUTION_DATE='2026-04-14T12:18:38.105648+00:00' AIRFLOW_CTX_TRY_NUMBER='1' AIRFLOW_CTX_DAG_RUN_ID='manual__2026-04-14T12:18:38.105648+00:00'
[2026-04-14T12:18:50.678+0000] {logging_mixin.py:188} INFO - Downloading NYC Taxi data...
[2026-04-14T12:19:02.618+0000] {_universal.py:514} INFO - Request URL: 'https://divyanshpipelinedata.dfs.core.windows.net/bronze/yellow_taxi_2024-01.parquet?resource=REDACTED'
Request method: 'PUT'
Request headers:
    'x-ms-version': 'REDACTED'
    'Accept': 'application/json'
    'User-Agent': 'azsdk-python-storage-dfs/12.14.0 Python/3.8.18 (Linux-5.15.153.1-microsoft-standard-WSL2-x86_64-with-glibc2.34)'
    'x-ms-date': 'REDACTED'
    'x-ms-client-request-id': '1f921d78-37fc-11f1-b18a-0242ac130003'
    'Authorization': 'REDACTED'
No body was attached to the request
[2026-04-14T12:19:03.250+0000] {_universal.py:550} INFO - Response status: 201
Response headers:
    'Last-Modified': 'Tue, 14 Apr 2026 12:19:01 GMT'
    'ETag': '"0x8DE9A2003167CB0"'
    'Server': 'Windows-Azure-HDFS/1.0 Microsoft-HTTPAPI/2.0'
    'x-ms-request-server-encrypted': 'REDACTED'
    'x-ms-request-id': 'e0ffcfa6-201f-000c-7a08-cccb2c000000'
    'x-ms-version': 'REDACTED'
    'x-ms-client-request-id': '1f921d78-37fc-11f1-b18a-0242ac130003'
    'Date': 'Tue, 14 Apr 2026 12:19:00 GMT'
    'Content-Length': '0'
[2026-04-14T12:19:03.259+0000] {_universal.py:511} INFO - Request URL: 'https://divyanshpipelinedata.dfs.core.windows.net/bronze/yellow_taxi_2024-01.parquet?action=REDACTED&position=REDACTED'
Request method: 'PATCH'
Request headers:
    'Content-Length': '49961641'
    'x-ms-version': 'REDACTED'
    'Content-Type': 'application/json'
    'Accept': 'application/json'
    'User-Agent': 'azsdk-python-storage-dfs/12.14.0 Python/3.8.18 (Linux-5.15.153.1-microsoft-standard-WSL2-x86_64-with-glibc2.34)'
    'x-ms-date': 'REDACTED'
    'x-ms-client-request-id': '1ff45a10-37fc-11f1-b18a-0242ac130003'
    'Authorization': 'REDACTED'
A body is sent with the request
[2026-04-14T12:19:06.302+0000] {_universal.py:550} INFO - Response status: 202
Response headers:
    'Server': 'Windows-Azure-HDFS/1.0 Microsoft-HTTPAPI/2.0'
    'x-ms-request-server-encrypted': 'REDACTED'
    'x-ms-request-id': 'e0ffcfb6-201f-000c-0a08-cccb2c000000'
    'x-ms-version': 'REDACTED'
    'x-ms-client-request-id': '1ff45a10-37fc-11f1-b18a-0242ac130003'
    'Date': 'Tue, 14 Apr 2026 12:19:03 GMT'
    'Content-Length': '0'
[2026-04-14T12:19:06.308+0000] {_universal.py:514} INFO - Request URL: 'https://divyanshpipelinedata.dfs.core.windows.net/bronze/yellow_taxi_2024-01.parquet?action=REDACTED&position=REDACTED&close=REDACTED'
Request method: 'PATCH'
Request headers:
    'If-Match': '"0x8DE9A2003167CB0"'
    'x-ms-version': 'REDACTED'
    'Accept': 'application/json'
    'User-Agent': 'azsdk-python-storage-dfs/12.14.0 Python/3.8.18 (Linux-5.15.153.1-microsoft-standard-WSL2-x86_64-with-glibc2.34)'
    'x-ms-date': 'REDACTED'
    'x-ms-client-request-id': '21c58774-37fc-11f1-b18a-0242ac130003'
    'Authorization': 'REDACTED'
No body was attached to the request
[2026-04-14T12:19:06.381+0000] {_universal.py:550} INFO - Response status: 200
Response headers:
    'Last-Modified': 'Tue, 14 Apr 2026 12:19:04 GMT'
    'ETag': '"0x8DE9A2004FC8C4C"'
    'Server': 'Windows-Azure-HDFS/1.0 Microsoft-HTTPAPI/2.0'
    'x-ms-request-server-encrypted': 'REDACTED'
    'x-ms-request-id': 'e0ffd0b1-201f-000c-0208-cccb2c000000'
    'x-ms-version': 'REDACTED'
    'x-ms-client-request-id': '21c58774-37fc-11f1-b18a-0242ac130003'
    'Date': 'Tue, 14 Apr 2026 12:19:03 GMT'
    'Content-Length': '0'
[2026-04-14T12:19:06.398+0000] {logging_mixin.py:188} INFO - Ingested yellow_taxi_2024-01.parquet to bronze successfully!
[2026-04-14T12:19:06.410+0000] {python.py:201} INFO - Done. Returned value was: None
[2026-04-14T12:19:06.450+0000] {taskinstance.py:1138} INFO - Marking task as SUCCESS. dag_id=nyc_taxi_pipeline, task_id=ingest_to_bronze, execution_date=20260414T121838, start_date=20260414T121849, end_date=20260414T121906
[2026-04-14T12:19:06.579+0000] {local_task_job_runner.py:234} INFO - Task exited with return code 0
[2026-04-14T12:19:06.666+0000] {taskinstance.py:3280} INFO - 1 downstream tasks scheduled from follow-on schedule check
