[2026-04-14T11:47:10.860+0000] {processor.py:161} INFO - Started process (PID=171) to work on /opt/airflow/dags/pipeline_dag.py
[2026-04-14T11:47:10.866+0000] {processor.py:830} INFO - Processing file /opt/airflow/dags/pipeline_dag.py for tasks to queue
[2026-04-14T11:47:10.873+0000] {logging_mixin.py:188} INFO - [2026-04-14T11:47:10.871+0000] {dagbag.py:538} INFO - Filling up the DagBag from /opt/airflow/dags/pipeline_dag.py
[2026-04-14T11:47:19.213+0000] {processor.py:840} INFO - DAG(s) 'nyc_taxi_pipeline' retrieved from /opt/airflow/dags/pipeline_dag.py
[2026-04-14T11:47:20.206+0000] {logging_mixin.py:188} INFO - [2026-04-14T11:47:20.204+0000] {override.py:1769} INFO - Created Permission View: can edit on DAG:nyc_taxi_pipeline
[2026-04-14T11:47:20.268+0000] {logging_mixin.py:188} INFO - [2026-04-14T11:47:20.266+0000] {override.py:1769} INFO - Created Permission View: can read on DAG:nyc_taxi_pipeline
[2026-04-14T11:47:20.299+0000] {logging_mixin.py:188} INFO - [2026-04-14T11:47:20.298+0000] {override.py:1769} INFO - Created Permission View: can delete on DAG:nyc_taxi_pipeline
[2026-04-14T11:47:20.302+0000] {logging_mixin.py:188} INFO - [2026-04-14T11:47:20.301+0000] {dag.py:3036} INFO - Sync 1 DAGs
[2026-04-14T11:47:20.359+0000] {logging_mixin.py:188} INFO - [2026-04-14T11:47:20.357+0000] {dag.py:3058} INFO - Creating ORM DAG for nyc_taxi_pipeline
[2026-04-14T11:47:20.407+0000] {logging_mixin.py:188} INFO - [2026-04-14T11:47:20.406+0000] {dag.py:3823} INFO - Setting next_dagrun for nyc_taxi_pipeline to 2026-03-01 00:00:00+00:00, run_after=2026-04-01 00:00:00+00:00
[2026-04-14T11:47:20.482+0000] {processor.py:183} INFO - Processing /opt/airflow/dags/pipeline_dag.py took 9.642 seconds
[2026-04-14T11:47:51.180+0000] {processor.py:161} INFO - Started process (PID=177) to work on /opt/airflow/dags/pipeline_dag.py
[2026-04-14T11:47:51.189+0000] {processor.py:830} INFO - Processing file /opt/airflow/dags/pipeline_dag.py for tasks to queue
[2026-04-14T11:47:51.195+0000] {logging_mixin.py:188} INFO - [2026-04-14T11:47:51.193+0000] {dagbag.py:538} INFO - Filling up the DagBag from /opt/airflow/dags/pipeline_dag.py
[2026-04-14T11:47:54.479+0000] {processor.py:840} INFO - DAG(s) 'nyc_taxi_pipeline' retrieved from /opt/airflow/dags/pipeline_dag.py
[2026-04-14T11:47:54.588+0000] {logging_mixin.py:188} INFO - [2026-04-14T11:47:54.586+0000] {dag.py:3036} INFO - Sync 1 DAGs
[2026-04-14T11:47:54.697+0000] {logging_mixin.py:188} INFO - [2026-04-14T11:47:54.696+0000] {dag.py:3823} INFO - Setting next_dagrun for nyc_taxi_pipeline to 2026-03-01 00:00:00+00:00, run_after=2026-04-01 00:00:00+00:00
[2026-04-14T11:47:54.779+0000] {processor.py:183} INFO - Processing /opt/airflow/dags/pipeline_dag.py took 3.623 seconds
[2026-04-14T11:48:25.018+0000] {processor.py:161} INFO - Started process (PID=183) to work on /opt/airflow/dags/pipeline_dag.py
[2026-04-14T11:48:25.023+0000] {processor.py:830} INFO - Processing file /opt/airflow/dags/pipeline_dag.py for tasks to queue
[2026-04-14T11:48:25.029+0000] {logging_mixin.py:188} INFO - [2026-04-14T11:48:25.027+0000] {dagbag.py:538} INFO - Filling up the DagBag from /opt/airflow/dags/pipeline_dag.py
[2026-04-14T11:48:28.247+0000] {processor.py:840} INFO - DAG(s) 'nyc_taxi_pipeline' retrieved from /opt/airflow/dags/pipeline_dag.py
[2026-04-14T11:48:28.359+0000] {logging_mixin.py:188} INFO - [2026-04-14T11:48:28.357+0000] {dag.py:3036} INFO - Sync 1 DAGs
[2026-04-14T11:48:28.472+0000] {logging_mixin.py:188} INFO - [2026-04-14T11:48:28.470+0000] {dag.py:3823} INFO - Setting next_dagrun for nyc_taxi_pipeline to 2026-03-01 00:00:00+00:00, run_after=2026-04-01 00:00:00+00:00
[2026-04-14T11:48:28.589+0000] {processor.py:183} INFO - Processing /opt/airflow/dags/pipeline_dag.py took 3.589 seconds
[2026-04-14T11:48:58.968+0000] {processor.py:161} INFO - Started process (PID=189) to work on /opt/airflow/dags/pipeline_dag.py
[2026-04-14T11:48:58.973+0000] {processor.py:830} INFO - Processing file /opt/airflow/dags/pipeline_dag.py for tasks to queue
[2026-04-14T11:48:58.978+0000] {logging_mixin.py:188} INFO - [2026-04-14T11:48:58.976+0000] {dagbag.py:538} INFO - Filling up the DagBag from /opt/airflow/dags/pipeline_dag.py
[2026-04-14T11:49:02.102+0000] {processor.py:840} INFO - DAG(s) 'nyc_taxi_pipeline' retrieved from /opt/airflow/dags/pipeline_dag.py
[2026-04-14T11:49:02.223+0000] {logging_mixin.py:188} INFO - [2026-04-14T11:49:02.221+0000] {dag.py:3036} INFO - Sync 1 DAGs
[2026-04-14T11:49:02.334+0000] {logging_mixin.py:188} INFO - [2026-04-14T11:49:02.333+0000] {dag.py:3823} INFO - Setting next_dagrun for nyc_taxi_pipeline to 2026-03-01 00:00:00+00:00, run_after=2026-04-01 00:00:00+00:00
[2026-04-14T11:49:02.413+0000] {processor.py:183} INFO - Processing /opt/airflow/dags/pipeline_dag.py took 3.461 seconds
[2026-04-14T11:49:32.700+0000] {processor.py:161} INFO - Started process (PID=195) to work on /opt/airflow/dags/pipeline_dag.py
[2026-04-14T11:49:32.707+0000] {processor.py:830} INFO - Processing file /opt/airflow/dags/pipeline_dag.py for tasks to queue
[2026-04-14T11:49:32.712+0000] {logging_mixin.py:188} INFO - [2026-04-14T11:49:32.711+0000] {dagbag.py:538} INFO - Filling up the DagBag from /opt/airflow/dags/pipeline_dag.py
[2026-04-14T11:49:35.394+0000] {processor.py:840} INFO - DAG(s) 'nyc_taxi_pipeline' retrieved from /opt/airflow/dags/pipeline_dag.py
[2026-04-14T11:49:35.519+0000] {logging_mixin.py:188} INFO - [2026-04-14T11:49:35.517+0000] {dag.py:3036} INFO - Sync 1 DAGs
[2026-04-14T11:49:35.814+0000] {logging_mixin.py:188} INFO - [2026-04-14T11:49:35.813+0000] {dag.py:3823} INFO - Setting next_dagrun for nyc_taxi_pipeline to 2026-03-01 00:00:00+00:00, run_after=2026-04-01 00:00:00+00:00
[2026-04-14T11:49:35.985+0000] {processor.py:183} INFO - Processing /opt/airflow/dags/pipeline_dag.py took 3.305 seconds
[2026-04-14T11:49:45.280+0000] {processor.py:161} INFO - Started process (PID=201) to work on /opt/airflow/dags/pipeline_dag.py
[2026-04-14T11:49:45.285+0000] {processor.py:830} INFO - Processing file /opt/airflow/dags/pipeline_dag.py for tasks to queue
[2026-04-14T11:49:45.289+0000] {logging_mixin.py:188} INFO - [2026-04-14T11:49:45.288+0000] {dagbag.py:538} INFO - Filling up the DagBag from /opt/airflow/dags/pipeline_dag.py
[2026-04-14T11:49:48.884+0000] {processor.py:840} INFO - DAG(s) 'nyc_taxi_pipeline' retrieved from /opt/airflow/dags/pipeline_dag.py
[2026-04-14T11:49:48.974+0000] {logging_mixin.py:188} INFO - [2026-04-14T11:49:48.972+0000] {dag.py:3036} INFO - Sync 1 DAGs
[2026-04-14T11:49:49.082+0000] {logging_mixin.py:188} INFO - [2026-04-14T11:49:49.081+0000] {dag.py:3823} INFO - Setting next_dagrun for nyc_taxi_pipeline to 2026-03-01 00:00:00+00:00, run_after=2026-04-01 00:00:00+00:00
[2026-04-14T11:49:49.183+0000] {processor.py:183} INFO - Processing /opt/airflow/dags/pipeline_dag.py took 3.920 seconds
[2026-04-14T11:50:19.771+0000] {processor.py:161} INFO - Started process (PID=207) to work on /opt/airflow/dags/pipeline_dag.py
[2026-04-14T11:50:19.774+0000] {processor.py:830} INFO - Processing file /opt/airflow/dags/pipeline_dag.py for tasks to queue
[2026-04-14T11:50:19.778+0000] {logging_mixin.py:188} INFO - [2026-04-14T11:50:19.777+0000] {dagbag.py:538} INFO - Filling up the DagBag from /opt/airflow/dags/pipeline_dag.py
[2026-04-14T11:50:22.296+0000] {processor.py:840} INFO - DAG(s) 'nyc_taxi_pipeline' retrieved from /opt/airflow/dags/pipeline_dag.py
[2026-04-14T11:50:22.367+0000] {logging_mixin.py:188} INFO - [2026-04-14T11:50:22.366+0000] {dag.py:3036} INFO - Sync 1 DAGs
[2026-04-14T11:50:22.440+0000] {logging_mixin.py:188} INFO - [2026-04-14T11:50:22.439+0000] {dag.py:3823} INFO - Setting next_dagrun for nyc_taxi_pipeline to 2026-03-01 00:00:00+00:00, run_after=2026-04-01 00:00:00+00:00
[2026-04-14T11:50:22.492+0000] {processor.py:183} INFO - Processing /opt/airflow/dags/pipeline_dag.py took 2.733 seconds
[2026-04-14T11:50:53.038+0000] {processor.py:161} INFO - Started process (PID=213) to work on /opt/airflow/dags/pipeline_dag.py
[2026-04-14T11:50:53.041+0000] {processor.py:830} INFO - Processing file /opt/airflow/dags/pipeline_dag.py for tasks to queue
[2026-04-14T11:50:53.044+0000] {logging_mixin.py:188} INFO - [2026-04-14T11:50:53.043+0000] {dagbag.py:538} INFO - Filling up the DagBag from /opt/airflow/dags/pipeline_dag.py
[2026-04-14T11:50:54.981+0000] {processor.py:840} INFO - DAG(s) 'nyc_taxi_pipeline' retrieved from /opt/airflow/dags/pipeline_dag.py
[2026-04-14T11:50:55.063+0000] {logging_mixin.py:188} INFO - [2026-04-14T11:50:55.061+0000] {dag.py:3036} INFO - Sync 1 DAGs
[2026-04-14T11:50:55.134+0000] {logging_mixin.py:188} INFO - [2026-04-14T11:50:55.134+0000] {dag.py:3823} INFO - Setting next_dagrun for nyc_taxi_pipeline to 2026-03-01 00:00:00+00:00, run_after=2026-04-01 00:00:00+00:00
[2026-04-14T11:50:55.199+0000] {processor.py:183} INFO - Processing /opt/airflow/dags/pipeline_dag.py took 2.173 seconds
[2026-04-14T11:51:25.761+0000] {processor.py:161} INFO - Started process (PID=219) to work on /opt/airflow/dags/pipeline_dag.py
[2026-04-14T11:51:25.766+0000] {processor.py:830} INFO - Processing file /opt/airflow/dags/pipeline_dag.py for tasks to queue
[2026-04-14T11:51:25.772+0000] {logging_mixin.py:188} INFO - [2026-04-14T11:51:25.770+0000] {dagbag.py:538} INFO - Filling up the DagBag from /opt/airflow/dags/pipeline_dag.py
[2026-04-14T11:51:28.723+0000] {processor.py:840} INFO - DAG(s) 'nyc_taxi_pipeline' retrieved from /opt/airflow/dags/pipeline_dag.py
[2026-04-14T11:51:28.828+0000] {logging_mixin.py:188} INFO - [2026-04-14T11:51:28.826+0000] {dag.py:3036} INFO - Sync 1 DAGs
[2026-04-14T11:51:28.935+0000] {logging_mixin.py:188} INFO - [2026-04-14T11:51:28.934+0000] {dag.py:3823} INFO - Setting next_dagrun for nyc_taxi_pipeline to 2026-03-01 00:00:00+00:00, run_after=2026-04-01 00:00:00+00:00
[2026-04-14T11:51:29.033+0000] {processor.py:183} INFO - Processing /opt/airflow/dags/pipeline_dag.py took 3.297 seconds
[2026-04-14T11:51:59.341+0000] {processor.py:161} INFO - Started process (PID=225) to work on /opt/airflow/dags/pipeline_dag.py
[2026-04-14T11:51:59.346+0000] {processor.py:830} INFO - Processing file /opt/airflow/dags/pipeline_dag.py for tasks to queue
[2026-04-14T11:51:59.351+0000] {logging_mixin.py:188} INFO - [2026-04-14T11:51:59.350+0000] {dagbag.py:538} INFO - Filling up the DagBag from /opt/airflow/dags/pipeline_dag.py
[2026-04-14T11:52:02.278+0000] {processor.py:840} INFO - DAG(s) 'nyc_taxi_pipeline' retrieved from /opt/airflow/dags/pipeline_dag.py
[2026-04-14T11:52:02.378+0000] {logging_mixin.py:188} INFO - [2026-04-14T11:52:02.376+0000] {dag.py:3036} INFO - Sync 1 DAGs
[2026-04-14T11:52:02.478+0000] {logging_mixin.py:188} INFO - [2026-04-14T11:52:02.477+0000] {dag.py:3823} INFO - Setting next_dagrun for nyc_taxi_pipeline to 2026-03-01 00:00:00+00:00, run_after=2026-04-01 00:00:00+00:00
[2026-04-14T11:52:02.559+0000] {processor.py:183} INFO - Processing /opt/airflow/dags/pipeline_dag.py took 3.234 seconds
[2026-04-14T11:52:33.261+0000] {processor.py:161} INFO - Started process (PID=231) to work on /opt/airflow/dags/pipeline_dag.py
[2026-04-14T11:52:33.266+0000] {processor.py:830} INFO - Processing file /opt/airflow/dags/pipeline_dag.py for tasks to queue
[2026-04-14T11:52:33.274+0000] {logging_mixin.py:188} INFO - [2026-04-14T11:52:33.271+0000] {dagbag.py:538} INFO - Filling up the DagBag from /opt/airflow/dags/pipeline_dag.py
[2026-04-14T11:52:36.363+0000] {processor.py:840} INFO - DAG(s) 'nyc_taxi_pipeline' retrieved from /opt/airflow/dags/pipeline_dag.py
[2026-04-14T11:52:36.452+0000] {logging_mixin.py:188} INFO - [2026-04-14T11:52:36.450+0000] {dag.py:3036} INFO - Sync 1 DAGs
[2026-04-14T11:52:36.562+0000] {logging_mixin.py:188} INFO - [2026-04-14T11:52:36.561+0000] {dag.py:3823} INFO - Setting next_dagrun for nyc_taxi_pipeline to 2026-03-01 00:00:00+00:00, run_after=2026-04-01 00:00:00+00:00
[2026-04-14T11:52:36.650+0000] {processor.py:183} INFO - Processing /opt/airflow/dags/pipeline_dag.py took 3.406 seconds
[2026-04-14T11:53:07.410+0000] {processor.py:161} INFO - Started process (PID=237) to work on /opt/airflow/dags/pipeline_dag.py
[2026-04-14T11:53:07.414+0000] {processor.py:830} INFO - Processing file /opt/airflow/dags/pipeline_dag.py for tasks to queue
[2026-04-14T11:53:07.418+0000] {logging_mixin.py:188} INFO - [2026-04-14T11:53:07.417+0000] {dagbag.py:538} INFO - Filling up the DagBag from /opt/airflow/dags/pipeline_dag.py
[2026-04-14T11:53:09.623+0000] {processor.py:840} INFO - DAG(s) 'nyc_taxi_pipeline' retrieved from /opt/airflow/dags/pipeline_dag.py
[2026-04-14T11:53:09.734+0000] {logging_mixin.py:188} INFO - [2026-04-14T11:53:09.732+0000] {dag.py:3036} INFO - Sync 1 DAGs
[2026-04-14T11:53:09.859+0000] {logging_mixin.py:188} INFO - [2026-04-14T11:53:09.858+0000] {dag.py:3823} INFO - Setting next_dagrun for nyc_taxi_pipeline to 2026-03-01 00:00:00+00:00, run_after=2026-04-01 00:00:00+00:00
[2026-04-14T11:53:09.948+0000] {processor.py:183} INFO - Processing /opt/airflow/dags/pipeline_dag.py took 2.555 seconds
[2026-04-14T11:53:40.275+0000] {processor.py:161} INFO - Started process (PID=243) to work on /opt/airflow/dags/pipeline_dag.py
[2026-04-14T11:53:40.280+0000] {processor.py:830} INFO - Processing file /opt/airflow/dags/pipeline_dag.py for tasks to queue
[2026-04-14T11:53:40.283+0000] {logging_mixin.py:188} INFO - [2026-04-14T11:53:40.282+0000] {dagbag.py:538} INFO - Filling up the DagBag from /opt/airflow/dags/pipeline_dag.py
[2026-04-14T11:53:42.219+0000] {processor.py:840} INFO - DAG(s) 'nyc_taxi_pipeline' retrieved from /opt/airflow/dags/pipeline_dag.py
[2026-04-14T11:53:42.292+0000] {logging_mixin.py:188} INFO - [2026-04-14T11:53:42.291+0000] {dag.py:3036} INFO - Sync 1 DAGs
[2026-04-14T11:53:42.359+0000] {logging_mixin.py:188} INFO - [2026-04-14T11:53:42.358+0000] {dag.py:3823} INFO - Setting next_dagrun for nyc_taxi_pipeline to 2026-03-01 00:00:00+00:00, run_after=2026-04-01 00:00:00+00:00
[2026-04-14T11:53:42.416+0000] {processor.py:183} INFO - Processing /opt/airflow/dags/pipeline_dag.py took 2.154 seconds
[2026-04-14T11:54:12.791+0000] {processor.py:161} INFO - Started process (PID=249) to work on /opt/airflow/dags/pipeline_dag.py
[2026-04-14T11:54:12.797+0000] {processor.py:830} INFO - Processing file /opt/airflow/dags/pipeline_dag.py for tasks to queue
[2026-04-14T11:54:12.804+0000] {logging_mixin.py:188} INFO - [2026-04-14T11:54:12.802+0000] {dagbag.py:538} INFO - Filling up the DagBag from /opt/airflow/dags/pipeline_dag.py
[2026-04-14T11:54:14.563+0000] {processor.py:840} INFO - DAG(s) 'nyc_taxi_pipeline' retrieved from /opt/airflow/dags/pipeline_dag.py
[2026-04-14T11:54:14.668+0000] {logging_mixin.py:188} INFO - [2026-04-14T11:54:14.666+0000] {dag.py:3036} INFO - Sync 1 DAGs
[2026-04-14T11:54:14.754+0000] {logging_mixin.py:188} INFO - [2026-04-14T11:54:14.753+0000] {dag.py:3823} INFO - Setting next_dagrun for nyc_taxi_pipeline to 2026-03-01 00:00:00+00:00, run_after=2026-04-01 00:00:00+00:00
[2026-04-14T11:54:14.834+0000] {processor.py:183} INFO - Processing /opt/airflow/dags/pipeline_dag.py took 2.058 seconds
[2026-04-14T11:54:45.342+0000] {processor.py:161} INFO - Started process (PID=255) to work on /opt/airflow/dags/pipeline_dag.py
[2026-04-14T11:54:45.347+0000] {processor.py:830} INFO - Processing file /opt/airflow/dags/pipeline_dag.py for tasks to queue
[2026-04-14T11:54:45.351+0000] {logging_mixin.py:188} INFO - [2026-04-14T11:54:45.350+0000] {dagbag.py:538} INFO - Filling up the DagBag from /opt/airflow/dags/pipeline_dag.py
[2026-04-14T11:54:47.596+0000] {processor.py:840} INFO - DAG(s) 'nyc_taxi_pipeline' retrieved from /opt/airflow/dags/pipeline_dag.py
[2026-04-14T11:54:47.687+0000] {logging_mixin.py:188} INFO - [2026-04-14T11:54:47.686+0000] {dag.py:3036} INFO - Sync 1 DAGs
[2026-04-14T11:54:47.790+0000] {logging_mixin.py:188} INFO - [2026-04-14T11:54:47.789+0000] {dag.py:3823} INFO - Setting next_dagrun for nyc_taxi_pipeline to 2026-03-01 00:00:00+00:00, run_after=2026-04-01 00:00:00+00:00
[2026-04-14T11:54:47.853+0000] {processor.py:183} INFO - Processing /opt/airflow/dags/pipeline_dag.py took 2.523 seconds
[2026-04-14T11:55:18.495+0000] {processor.py:161} INFO - Started process (PID=261) to work on /opt/airflow/dags/pipeline_dag.py
[2026-04-14T11:55:18.498+0000] {processor.py:830} INFO - Processing file /opt/airflow/dags/pipeline_dag.py for tasks to queue
[2026-04-14T11:55:18.502+0000] {logging_mixin.py:188} INFO - [2026-04-14T11:55:18.501+0000] {dagbag.py:538} INFO - Filling up the DagBag from /opt/airflow/dags/pipeline_dag.py
[2026-04-14T11:55:20.958+0000] {processor.py:840} INFO - DAG(s) 'nyc_taxi_pipeline' retrieved from /opt/airflow/dags/pipeline_dag.py
[2026-04-14T11:55:21.028+0000] {logging_mixin.py:188} INFO - [2026-04-14T11:55:21.026+0000] {dag.py:3036} INFO - Sync 1 DAGs
[2026-04-14T11:55:21.100+0000] {logging_mixin.py:188} INFO - [2026-04-14T11:55:21.099+0000] {dag.py:3823} INFO - Setting next_dagrun for nyc_taxi_pipeline to 2026-03-01 00:00:00+00:00, run_after=2026-04-01 00:00:00+00:00
[2026-04-14T11:55:21.158+0000] {processor.py:183} INFO - Processing /opt/airflow/dags/pipeline_dag.py took 2.673 seconds
[2026-04-14T11:55:51.777+0000] {processor.py:161} INFO - Started process (PID=267) to work on /opt/airflow/dags/pipeline_dag.py
[2026-04-14T11:55:51.788+0000] {processor.py:830} INFO - Processing file /opt/airflow/dags/pipeline_dag.py for tasks to queue
[2026-04-14T11:55:51.800+0000] {logging_mixin.py:188} INFO - [2026-04-14T11:55:51.796+0000] {dagbag.py:538} INFO - Filling up the DagBag from /opt/airflow/dags/pipeline_dag.py
[2026-04-14T11:55:53.915+0000] {processor.py:840} INFO - DAG(s) 'nyc_taxi_pipeline' retrieved from /opt/airflow/dags/pipeline_dag.py
[2026-04-14T11:55:54.013+0000] {logging_mixin.py:188} INFO - [2026-04-14T11:55:54.012+0000] {dag.py:3036} INFO - Sync 1 DAGs
[2026-04-14T11:55:54.115+0000] {logging_mixin.py:188} INFO - [2026-04-14T11:55:54.114+0000] {dag.py:3823} INFO - Setting next_dagrun for nyc_taxi_pipeline to 2026-03-01 00:00:00+00:00, run_after=2026-04-01 00:00:00+00:00
[2026-04-14T11:55:54.194+0000] {processor.py:183} INFO - Processing /opt/airflow/dags/pipeline_dag.py took 2.448 seconds
[2026-04-14T11:56:24.833+0000] {processor.py:161} INFO - Started process (PID=273) to work on /opt/airflow/dags/pipeline_dag.py
[2026-04-14T11:56:24.842+0000] {processor.py:830} INFO - Processing file /opt/airflow/dags/pipeline_dag.py for tasks to queue
[2026-04-14T11:56:24.848+0000] {logging_mixin.py:188} INFO - [2026-04-14T11:56:24.847+0000] {dagbag.py:538} INFO - Filling up the DagBag from /opt/airflow/dags/pipeline_dag.py
[2026-04-14T11:56:27.998+0000] {processor.py:840} INFO - DAG(s) 'nyc_taxi_pipeline' retrieved from /opt/airflow/dags/pipeline_dag.py
[2026-04-14T11:56:28.106+0000] {logging_mixin.py:188} INFO - [2026-04-14T11:56:28.104+0000] {dag.py:3036} INFO - Sync 1 DAGs
[2026-04-14T11:56:28.214+0000] {logging_mixin.py:188} INFO - [2026-04-14T11:56:28.213+0000] {dag.py:3823} INFO - Setting next_dagrun for nyc_taxi_pipeline to 2026-03-01 00:00:00+00:00, run_after=2026-04-01 00:00:00+00:00
[2026-04-14T11:56:28.297+0000] {processor.py:183} INFO - Processing /opt/airflow/dags/pipeline_dag.py took 3.493 seconds
[2026-04-14T11:56:58.854+0000] {processor.py:161} INFO - Started process (PID=279) to work on /opt/airflow/dags/pipeline_dag.py
[2026-04-14T11:56:58.861+0000] {processor.py:830} INFO - Processing file /opt/airflow/dags/pipeline_dag.py for tasks to queue
[2026-04-14T11:56:58.871+0000] {logging_mixin.py:188} INFO - [2026-04-14T11:56:58.868+0000] {dagbag.py:538} INFO - Filling up the DagBag from /opt/airflow/dags/pipeline_dag.py
[2026-04-14T11:57:01.187+0000] {processor.py:840} INFO - DAG(s) 'nyc_taxi_pipeline' retrieved from /opt/airflow/dags/pipeline_dag.py
[2026-04-14T11:57:01.325+0000] {logging_mixin.py:188} INFO - [2026-04-14T11:57:01.323+0000] {dag.py:3036} INFO - Sync 1 DAGs
[2026-04-14T11:57:01.455+0000] {logging_mixin.py:188} INFO - [2026-04-14T11:57:01.454+0000] {dag.py:3823} INFO - Setting next_dagrun for nyc_taxi_pipeline to 2026-03-01 00:00:00+00:00, run_after=2026-04-01 00:00:00+00:00
[2026-04-14T11:57:01.560+0000] {processor.py:183} INFO - Processing /opt/airflow/dags/pipeline_dag.py took 2.724 seconds
[2026-04-14T11:57:31.888+0000] {processor.py:161} INFO - Started process (PID=285) to work on /opt/airflow/dags/pipeline_dag.py
[2026-04-14T11:57:31.895+0000] {processor.py:830} INFO - Processing file /opt/airflow/dags/pipeline_dag.py for tasks to queue
[2026-04-14T11:57:31.901+0000] {logging_mixin.py:188} INFO - [2026-04-14T11:57:31.899+0000] {dagbag.py:538} INFO - Filling up the DagBag from /opt/airflow/dags/pipeline_dag.py
[2026-04-14T11:57:34.526+0000] {processor.py:840} INFO - DAG(s) 'nyc_taxi_pipeline' retrieved from /opt/airflow/dags/pipeline_dag.py
[2026-04-14T11:57:34.620+0000] {logging_mixin.py:188} INFO - [2026-04-14T11:57:34.618+0000] {dag.py:3036} INFO - Sync 1 DAGs
[2026-04-14T11:57:34.712+0000] {logging_mixin.py:188} INFO - [2026-04-14T11:57:34.711+0000] {dag.py:3823} INFO - Setting next_dagrun for nyc_taxi_pipeline to 2026-03-01 00:00:00+00:00, run_after=2026-04-01 00:00:00+00:00
[2026-04-14T11:57:34.911+0000] {processor.py:183} INFO - Processing /opt/airflow/dags/pipeline_dag.py took 3.046 seconds
[2026-04-14T11:58:05.445+0000] {processor.py:161} INFO - Started process (PID=291) to work on /opt/airflow/dags/pipeline_dag.py
[2026-04-14T11:58:05.454+0000] {processor.py:830} INFO - Processing file /opt/airflow/dags/pipeline_dag.py for tasks to queue
[2026-04-14T11:58:05.462+0000] {logging_mixin.py:188} INFO - [2026-04-14T11:58:05.460+0000] {dagbag.py:538} INFO - Filling up the DagBag from /opt/airflow/dags/pipeline_dag.py
[2026-04-14T11:58:09.916+0000] {processor.py:840} INFO - DAG(s) 'nyc_taxi_pipeline' retrieved from /opt/airflow/dags/pipeline_dag.py
[2026-04-14T11:58:10.025+0000] {logging_mixin.py:188} INFO - [2026-04-14T11:58:10.023+0000] {dag.py:3036} INFO - Sync 1 DAGs
[2026-04-14T11:58:10.155+0000] {logging_mixin.py:188} INFO - [2026-04-14T11:58:10.154+0000] {dag.py:3823} INFO - Setting next_dagrun for nyc_taxi_pipeline to 2026-03-01 00:00:00+00:00, run_after=2026-04-01 00:00:00+00:00
[2026-04-14T11:58:10.252+0000] {processor.py:183} INFO - Processing /opt/airflow/dags/pipeline_dag.py took 4.835 seconds
[2026-04-14T11:58:41.111+0000] {processor.py:161} INFO - Started process (PID=303) to work on /opt/airflow/dags/pipeline_dag.py
[2026-04-14T11:58:41.117+0000] {processor.py:830} INFO - Processing file /opt/airflow/dags/pipeline_dag.py for tasks to queue
[2026-04-14T11:58:41.129+0000] {logging_mixin.py:188} INFO - [2026-04-14T11:58:41.126+0000] {dagbag.py:538} INFO - Filling up the DagBag from /opt/airflow/dags/pipeline_dag.py
[2026-04-14T11:58:49.475+0000] {processor.py:840} INFO - DAG(s) 'nyc_taxi_pipeline' retrieved from /opt/airflow/dags/pipeline_dag.py
[2026-04-14T11:58:49.668+0000] {logging_mixin.py:188} INFO - [2026-04-14T11:58:49.666+0000] {dag.py:3036} INFO - Sync 1 DAGs
[2026-04-14T11:58:49.887+0000] {logging_mixin.py:188} INFO - [2026-04-14T11:58:49.876+0000] {dag.py:3823} INFO - Setting next_dagrun for nyc_taxi_pipeline to 2026-04-01 00:00:00+00:00, run_after=2026-05-01 00:00:00+00:00
[2026-04-14T11:58:50.054+0000] {processor.py:183} INFO - Processing /opt/airflow/dags/pipeline_dag.py took 8.983 seconds
[2026-04-14T11:59:21.019+0000] {processor.py:161} INFO - Started process (PID=317) to work on /opt/airflow/dags/pipeline_dag.py
[2026-04-14T11:59:21.025+0000] {processor.py:830} INFO - Processing file /opt/airflow/dags/pipeline_dag.py for tasks to queue
[2026-04-14T11:59:21.031+0000] {logging_mixin.py:188} INFO - [2026-04-14T11:59:21.029+0000] {dagbag.py:538} INFO - Filling up the DagBag from /opt/airflow/dags/pipeline_dag.py
[2026-04-14T11:59:23.637+0000] {processor.py:840} INFO - DAG(s) 'nyc_taxi_pipeline' retrieved from /opt/airflow/dags/pipeline_dag.py
[2026-04-14T11:59:23.730+0000] {logging_mixin.py:188} INFO - [2026-04-14T11:59:23.728+0000] {dag.py:3036} INFO - Sync 1 DAGs
[2026-04-14T11:59:23.831+0000] {logging_mixin.py:188} INFO - [2026-04-14T11:59:23.831+0000] {dag.py:3823} INFO - Setting next_dagrun for nyc_taxi_pipeline to 2026-04-01 00:00:00+00:00, run_after=2026-05-01 00:00:00+00:00
[2026-04-14T11:59:23.908+0000] {processor.py:183} INFO - Processing /opt/airflow/dags/pipeline_dag.py took 2.907 seconds
[2026-04-14T11:59:54.861+0000] {processor.py:161} INFO - Started process (PID=437) to work on /opt/airflow/dags/pipeline_dag.py
[2026-04-14T11:59:54.871+0000] {processor.py:830} INFO - Processing file /opt/airflow/dags/pipeline_dag.py for tasks to queue
[2026-04-14T11:59:54.884+0000] {logging_mixin.py:188} INFO - [2026-04-14T11:59:54.877+0000] {dagbag.py:538} INFO - Filling up the DagBag from /opt/airflow/dags/pipeline_dag.py
[2026-04-14T12:00:01.322+0000] {processor.py:840} INFO - DAG(s) 'nyc_taxi_pipeline' retrieved from /opt/airflow/dags/pipeline_dag.py
[2026-04-14T12:00:01.452+0000] {logging_mixin.py:188} INFO - [2026-04-14T12:00:01.450+0000] {dag.py:3036} INFO - Sync 1 DAGs
[2026-04-14T12:00:01.696+0000] {logging_mixin.py:188} INFO - [2026-04-14T12:00:01.695+0000] {dag.py:3823} INFO - Setting next_dagrun for nyc_taxi_pipeline to 2026-04-01 00:00:00+00:00, run_after=2026-05-01 00:00:00+00:00
[2026-04-14T12:00:01.813+0000] {processor.py:183} INFO - Processing /opt/airflow/dags/pipeline_dag.py took 7.036 seconds
[2026-04-14T12:00:32.494+0000] {processor.py:161} INFO - Started process (PID=461) to work on /opt/airflow/dags/pipeline_dag.py
[2026-04-14T12:00:32.511+0000] {processor.py:830} INFO - Processing file /opt/airflow/dags/pipeline_dag.py for tasks to queue
[2026-04-14T12:00:32.521+0000] {logging_mixin.py:188} INFO - [2026-04-14T12:00:32.518+0000] {dagbag.py:538} INFO - Filling up the DagBag from /opt/airflow/dags/pipeline_dag.py
[2026-04-14T12:00:38.886+0000] {processor.py:840} INFO - DAG(s) 'nyc_taxi_pipeline' retrieved from /opt/airflow/dags/pipeline_dag.py
[2026-04-14T12:00:39.139+0000] {logging_mixin.py:188} INFO - [2026-04-14T12:00:39.137+0000] {dag.py:3036} INFO - Sync 1 DAGs
[2026-04-14T12:00:39.329+0000] {logging_mixin.py:188} INFO - [2026-04-14T12:00:39.327+0000] {dag.py:3823} INFO - Setting next_dagrun for nyc_taxi_pipeline to 2026-04-01 00:00:00+00:00, run_after=2026-05-01 00:00:00+00:00
[2026-04-14T12:00:39.467+0000] {processor.py:183} INFO - Processing /opt/airflow/dags/pipeline_dag.py took 7.030 seconds
[2026-04-14T12:01:10.196+0000] {processor.py:161} INFO - Started process (PID=467) to work on /opt/airflow/dags/pipeline_dag.py
[2026-04-14T12:01:10.212+0000] {processor.py:830} INFO - Processing file /opt/airflow/dags/pipeline_dag.py for tasks to queue
[2026-04-14T12:01:10.224+0000] {logging_mixin.py:188} INFO - [2026-04-14T12:01:10.222+0000] {dagbag.py:538} INFO - Filling up the DagBag from /opt/airflow/dags/pipeline_dag.py
[2026-04-14T12:01:17.557+0000] {processor.py:840} INFO - DAG(s) 'nyc_taxi_pipeline' retrieved from /opt/airflow/dags/pipeline_dag.py
[2026-04-14T12:01:17.761+0000] {logging_mixin.py:188} INFO - [2026-04-14T12:01:17.759+0000] {dag.py:3036} INFO - Sync 1 DAGs
[2026-04-14T12:01:17.879+0000] {logging_mixin.py:188} INFO - [2026-04-14T12:01:17.878+0000] {dag.py:3823} INFO - Setting next_dagrun for nyc_taxi_pipeline to 2026-04-01 00:00:00+00:00, run_after=2026-05-01 00:00:00+00:00
[2026-04-14T12:01:17.976+0000] {processor.py:183} INFO - Processing /opt/airflow/dags/pipeline_dag.py took 7.849 seconds
[2026-04-14T12:01:48.905+0000] {processor.py:161} INFO - Started process (PID=473) to work on /opt/airflow/dags/pipeline_dag.py
[2026-04-14T12:01:48.915+0000] {processor.py:830} INFO - Processing file /opt/airflow/dags/pipeline_dag.py for tasks to queue
[2026-04-14T12:01:48.926+0000] {logging_mixin.py:188} INFO - [2026-04-14T12:01:48.922+0000] {dagbag.py:538} INFO - Filling up the DagBag from /opt/airflow/dags/pipeline_dag.py
[2026-04-14T12:01:55.901+0000] {processor.py:840} INFO - DAG(s) 'nyc_taxi_pipeline' retrieved from /opt/airflow/dags/pipeline_dag.py
[2026-04-14T12:01:56.038+0000] {logging_mixin.py:188} INFO - [2026-04-14T12:01:56.036+0000] {dag.py:3036} INFO - Sync 1 DAGs
[2026-04-14T12:01:56.270+0000] {logging_mixin.py:188} INFO - [2026-04-14T12:01:56.265+0000] {dag.py:3823} INFO - Setting next_dagrun for nyc_taxi_pipeline to 2026-04-01 00:00:00+00:00, run_after=2026-05-01 00:00:00+00:00
[2026-04-14T12:01:56.427+0000] {processor.py:183} INFO - Processing /opt/airflow/dags/pipeline_dag.py took 7.547 seconds
[2026-04-14T12:02:27.408+0000] {processor.py:161} INFO - Started process (PID=479) to work on /opt/airflow/dags/pipeline_dag.py
[2026-04-14T12:02:27.432+0000] {processor.py:830} INFO - Processing file /opt/airflow/dags/pipeline_dag.py for tasks to queue
[2026-04-14T12:02:27.455+0000] {logging_mixin.py:188} INFO - [2026-04-14T12:02:27.445+0000] {dagbag.py:538} INFO - Filling up the DagBag from /opt/airflow/dags/pipeline_dag.py
[2026-04-14T12:02:35.018+0000] {processor.py:840} INFO - DAG(s) 'nyc_taxi_pipeline' retrieved from /opt/airflow/dags/pipeline_dag.py
[2026-04-14T12:02:35.231+0000] {logging_mixin.py:188} INFO - [2026-04-14T12:02:35.229+0000] {dag.py:3036} INFO - Sync 1 DAGs
[2026-04-14T12:02:35.401+0000] {logging_mixin.py:188} INFO - [2026-04-14T12:02:35.400+0000] {dag.py:3823} INFO - Setting next_dagrun for nyc_taxi_pipeline to 2026-04-01 00:00:00+00:00, run_after=2026-05-01 00:00:00+00:00
[2026-04-14T12:02:35.518+0000] {processor.py:183} INFO - Processing /opt/airflow/dags/pipeline_dag.py took 8.236 seconds
[2026-04-14T12:03:05.956+0000] {processor.py:161} INFO - Started process (PID=485) to work on /opt/airflow/dags/pipeline_dag.py
[2026-04-14T12:03:05.964+0000] {processor.py:830} INFO - Processing file /opt/airflow/dags/pipeline_dag.py for tasks to queue
[2026-04-14T12:03:05.972+0000] {logging_mixin.py:188} INFO - [2026-04-14T12:03:05.969+0000] {dagbag.py:538} INFO - Filling up the DagBag from /opt/airflow/dags/pipeline_dag.py
[2026-04-14T12:03:09.370+0000] {processor.py:840} INFO - DAG(s) 'nyc_taxi_pipeline' retrieved from /opt/airflow/dags/pipeline_dag.py
[2026-04-14T12:03:09.472+0000] {logging_mixin.py:188} INFO - [2026-04-14T12:03:09.470+0000] {dag.py:3036} INFO - Sync 1 DAGs
[2026-04-14T12:03:09.600+0000] {logging_mixin.py:188} INFO - [2026-04-14T12:03:09.599+0000] {dag.py:3823} INFO - Setting next_dagrun for nyc_taxi_pipeline to 2026-04-01 00:00:00+00:00, run_after=2026-05-01 00:00:00+00:00
[2026-04-14T12:03:09.684+0000] {processor.py:183} INFO - Processing /opt/airflow/dags/pipeline_dag.py took 3.762 seconds
[2026-04-14T12:03:40.306+0000] {processor.py:161} INFO - Started process (PID=491) to work on /opt/airflow/dags/pipeline_dag.py
[2026-04-14T12:03:40.311+0000] {processor.py:830} INFO - Processing file /opt/airflow/dags/pipeline_dag.py for tasks to queue
[2026-04-14T12:03:40.314+0000] {logging_mixin.py:188} INFO - [2026-04-14T12:03:40.313+0000] {dagbag.py:538} INFO - Filling up the DagBag from /opt/airflow/dags/pipeline_dag.py
[2026-04-14T12:03:42.531+0000] {processor.py:840} INFO - DAG(s) 'nyc_taxi_pipeline' retrieved from /opt/airflow/dags/pipeline_dag.py
[2026-04-14T12:03:42.583+0000] {logging_mixin.py:188} INFO - [2026-04-14T12:03:42.583+0000] {dag.py:3036} INFO - Sync 1 DAGs
[2026-04-14T12:03:42.670+0000] {logging_mixin.py:188} INFO - [2026-04-14T12:03:42.669+0000] {dag.py:3823} INFO - Setting next_dagrun for nyc_taxi_pipeline to 2026-04-01 00:00:00+00:00, run_after=2026-05-01 00:00:00+00:00
[2026-04-14T12:03:42.731+0000] {processor.py:183} INFO - Processing /opt/airflow/dags/pipeline_dag.py took 2.437 seconds
[2026-04-14T12:04:13.284+0000] {processor.py:161} INFO - Started process (PID=500) to work on /opt/airflow/dags/pipeline_dag.py
[2026-04-14T12:04:13.292+0000] {processor.py:830} INFO - Processing file /opt/airflow/dags/pipeline_dag.py for tasks to queue
[2026-04-14T12:04:13.299+0000] {logging_mixin.py:188} INFO - [2026-04-14T12:04:13.298+0000] {dagbag.py:538} INFO - Filling up the DagBag from /opt/airflow/dags/pipeline_dag.py
[2026-04-14T12:04:18.908+0000] {processor.py:840} INFO - DAG(s) 'nyc_taxi_pipeline' retrieved from /opt/airflow/dags/pipeline_dag.py
[2026-04-14T12:04:19.000+0000] {logging_mixin.py:188} INFO - [2026-04-14T12:04:18.998+0000] {dag.py:3036} INFO - Sync 1 DAGs
[2026-04-14T12:04:19.143+0000] {logging_mixin.py:188} INFO - [2026-04-14T12:04:19.142+0000] {dag.py:3823} INFO - Setting next_dagrun for nyc_taxi_pipeline to 2026-04-01 00:00:00+00:00, run_after=2026-05-01 00:00:00+00:00
[2026-04-14T12:04:19.261+0000] {processor.py:183} INFO - Processing /opt/airflow/dags/pipeline_dag.py took 5.999 seconds
[2026-04-14T12:04:51.299+0000] {processor.py:161} INFO - Started process (PID=568) to work on /opt/airflow/dags/pipeline_dag.py
[2026-04-14T12:04:51.353+0000] {processor.py:830} INFO - Processing file /opt/airflow/dags/pipeline_dag.py for tasks to queue
[2026-04-14T12:04:51.476+0000] {logging_mixin.py:188} INFO - [2026-04-14T12:04:51.443+0000] {dagbag.py:538} INFO - Filling up the DagBag from /opt/airflow/dags/pipeline_dag.py
[2026-04-14T12:05:05.251+0000] {processor.py:840} INFO - DAG(s) 'nyc_taxi_pipeline' retrieved from /opt/airflow/dags/pipeline_dag.py
[2026-04-14T12:05:05.474+0000] {logging_mixin.py:188} INFO - [2026-04-14T12:05:05.472+0000] {dag.py:3036} INFO - Sync 1 DAGs
[2026-04-14T12:05:05.616+0000] {logging_mixin.py:188} INFO - [2026-04-14T12:05:05.615+0000] {dag.py:3823} INFO - Setting next_dagrun for nyc_taxi_pipeline to 2026-04-01 00:00:00+00:00, run_after=2026-05-01 00:00:00+00:00
[2026-04-14T12:05:05.720+0000] {processor.py:183} INFO - Processing /opt/airflow/dags/pipeline_dag.py took 14.888 seconds
[2026-04-14T12:05:36.447+0000] {processor.py:161} INFO - Started process (PID=780) to work on /opt/airflow/dags/pipeline_dag.py
[2026-04-14T12:05:36.453+0000] {processor.py:830} INFO - Processing file /opt/airflow/dags/pipeline_dag.py for tasks to queue
[2026-04-14T12:05:36.462+0000] {logging_mixin.py:188} INFO - [2026-04-14T12:05:36.457+0000] {dagbag.py:538} INFO - Filling up the DagBag from /opt/airflow/dags/pipeline_dag.py
[2026-04-14T12:06:23.002+0000] {logging_mixin.py:188} INFO - [2026-04-14T12:06:13.506+0000] {timeout.py:68} ERROR - Process timed out, PID: 780
[2026-04-14T12:07:00.238+0000] {processor.py:161} INFO - Started process (PID=825) to work on /opt/airflow/dags/pipeline_dag.py
[2026-04-14T12:07:00.257+0000] {processor.py:830} INFO - Processing file /opt/airflow/dags/pipeline_dag.py for tasks to queue
[2026-04-14T12:07:00.304+0000] {logging_mixin.py:188} INFO - [2026-04-14T12:07:00.284+0000] {dagbag.py:538} INFO - Filling up the DagBag from /opt/airflow/dags/pipeline_dag.py
[2026-04-14T12:07:16.244+0000] {processor.py:840} INFO - DAG(s) 'nyc_taxi_pipeline' retrieved from /opt/airflow/dags/pipeline_dag.py
[2026-04-14T12:07:17.169+0000] {logging_mixin.py:188} INFO - [2026-04-14T12:07:17.167+0000] {dag.py:3036} INFO - Sync 1 DAGs
[2026-04-14T12:07:17.313+0000] {logging_mixin.py:188} INFO - [2026-04-14T12:07:17.310+0000] {dag.py:3823} INFO - Setting next_dagrun for nyc_taxi_pipeline to 2026-04-01 00:00:00+00:00, run_after=2026-05-01 00:00:00+00:00
[2026-04-14T12:07:17.444+0000] {processor.py:183} INFO - Processing /opt/airflow/dags/pipeline_dag.py took 17.459 seconds
[2026-04-14T12:07:25.020+0000] {processor.py:161} INFO - Started process (PID=831) to work on /opt/airflow/dags/pipeline_dag.py
[2026-04-14T12:07:25.027+0000] {processor.py:830} INFO - Processing file /opt/airflow/dags/pipeline_dag.py for tasks to queue
[2026-04-14T12:07:25.034+0000] {logging_mixin.py:188} INFO - [2026-04-14T12:07:25.032+0000] {dagbag.py:538} INFO - Filling up the DagBag from /opt/airflow/dags/pipeline_dag.py
[2026-04-14T12:07:28.295+0000] {processor.py:840} INFO - DAG(s) 'nyc_taxi_pipeline' retrieved from /opt/airflow/dags/pipeline_dag.py
[2026-04-14T12:07:28.366+0000] {logging_mixin.py:188} INFO - [2026-04-14T12:07:28.365+0000] {taskinstance.py:2700} ERROR - {'DAG Id': 'nyc_taxi_pipeline', 'Task Id': 'transform_to_silver_gold', 'Run Id': 'manual__2026-04-14T11:58:57.426042+00:00', 'Hostname': '8ac850d04d14'}
[2026-04-14T12:07:28.432+0000] {logging_mixin.py:188} INFO - [2026-04-14T12:07:28.431+0000] {taskinstance.py:1138} INFO - Marking task as UP_FOR_RETRY. dag_id=nyc_taxi_pipeline, task_id=transform_to_silver_gold, execution_date=20260414T115857, start_date=20260414T115923, end_date=20260414T120728
[2026-04-14T12:07:28.475+0000] {processor.py:791} INFO - Executed failure callback for <TaskInstance: nyc_taxi_pipeline.transform_to_silver_gold manual__2026-04-14T11:58:57.426042+00:00 [up_for_retry]> in state up_for_retry
[2026-04-14T12:07:28.485+0000] {logging_mixin.py:188} INFO - [2026-04-14T12:07:28.485+0000] {taskinstance.py:2700} ERROR - {'DAG Id': 'nyc_taxi_pipeline', 'Task Id': 'transform_to_silver_gold', 'Run Id': 'manual__2026-04-14T11:58:57.426042+00:00', 'Hostname': '8ac850d04d14'}
[2026-04-14T12:07:28.515+0000] {logging_mixin.py:188} INFO - [2026-04-14T12:07:28.514+0000] {taskinstance.py:1138} INFO - Marking task as FAILED. dag_id=nyc_taxi_pipeline, task_id=transform_to_silver_gold, execution_date=20260414T115857, start_date=20260414T115923, end_date=20260414T120728
[2026-04-14T12:07:28.530+0000] {processor.py:791} INFO - Executed failure callback for <TaskInstance: nyc_taxi_pipeline.transform_to_silver_gold manual__2026-04-14T11:58:57.426042+00:00 [failed]> in state failed
[2026-04-14T12:07:28.542+0000] {logging_mixin.py:188} INFO - [2026-04-14T12:07:28.541+0000] {taskinstance.py:2700} ERROR - {'DAG Id': 'nyc_taxi_pipeline', 'Task Id': 'transform_to_silver_gold', 'Run Id': 'manual__2026-04-14T11:58:57.426042+00:00', 'Hostname': '8ac850d04d14'}
[2026-04-14T12:07:28.572+0000] {logging_mixin.py:188} INFO - [2026-04-14T12:07:28.571+0000] {taskinstance.py:1138} INFO - Marking task as FAILED. dag_id=nyc_taxi_pipeline, task_id=transform_to_silver_gold, execution_date=20260414T115857, start_date=20260414T115923, end_date=20260414T120728
[2026-04-14T12:07:28.587+0000] {processor.py:791} INFO - Executed failure callback for <TaskInstance: nyc_taxi_pipeline.transform_to_silver_gold manual__2026-04-14T11:58:57.426042+00:00 [failed]> in state failed
[2026-04-14T12:07:28.607+0000] {logging_mixin.py:188} INFO - [2026-04-14T12:07:28.604+0000] {dag.py:3036} INFO - Sync 1 DAGs
[2026-04-14T12:07:28.712+0000] {logging_mixin.py:188} INFO - [2026-04-14T12:07:28.711+0000] {dag.py:3823} INFO - Setting next_dagrun for nyc_taxi_pipeline to 2026-04-01 00:00:00+00:00, run_after=2026-05-01 00:00:00+00:00
[2026-04-14T12:07:28.787+0000] {processor.py:183} INFO - Processing /opt/airflow/dags/pipeline_dag.py took 3.802 seconds
[2026-04-14T12:07:59.574+0000] {processor.py:161} INFO - Started process (PID=837) to work on /opt/airflow/dags/pipeline_dag.py
[2026-04-14T12:07:59.583+0000] {processor.py:830} INFO - Processing file /opt/airflow/dags/pipeline_dag.py for tasks to queue
[2026-04-14T12:07:59.630+0000] {logging_mixin.py:188} INFO - [2026-04-14T12:07:59.613+0000] {dagbag.py:538} INFO - Filling up the DagBag from /opt/airflow/dags/pipeline_dag.py
[2026-04-14T12:08:17.083+0000] {processor.py:840} INFO - DAG(s) 'nyc_taxi_pipeline' retrieved from /opt/airflow/dags/pipeline_dag.py
[2026-04-14T12:08:21.029+0000] {logging_mixin.py:188} INFO - [2026-04-14T12:08:21.015+0000] {dag.py:3036} INFO - Sync 1 DAGs
[2026-04-14T12:08:21.145+0000] {logging_mixin.py:188} INFO - [2026-04-14T12:08:21.143+0000] {dag.py:3823} INFO - Setting next_dagrun for nyc_taxi_pipeline to 2026-04-01 00:00:00+00:00, run_after=2026-05-01 00:00:00+00:00
[2026-04-14T12:08:21.244+0000] {processor.py:183} INFO - Processing /opt/airflow/dags/pipeline_dag.py took 21.859 seconds
[2026-04-14T12:08:51.986+0000] {processor.py:161} INFO - Started process (PID=843) to work on /opt/airflow/dags/pipeline_dag.py
[2026-04-14T12:08:51.991+0000] {processor.py:830} INFO - Processing file /opt/airflow/dags/pipeline_dag.py for tasks to queue
[2026-04-14T12:08:52.007+0000] {logging_mixin.py:188} INFO - [2026-04-14T12:08:51.999+0000] {dagbag.py:538} INFO - Filling up the DagBag from /opt/airflow/dags/pipeline_dag.py
[2026-04-14T12:08:59.332+0000] {processor.py:840} INFO - DAG(s) 'nyc_taxi_pipeline' retrieved from /opt/airflow/dags/pipeline_dag.py
[2026-04-14T12:08:59.466+0000] {logging_mixin.py:188} INFO - [2026-04-14T12:08:59.464+0000] {dag.py:3036} INFO - Sync 1 DAGs
[2026-04-14T12:08:59.561+0000] {logging_mixin.py:188} INFO - [2026-04-14T12:08:59.560+0000] {dag.py:3823} INFO - Setting next_dagrun for nyc_taxi_pipeline to 2026-04-01 00:00:00+00:00, run_after=2026-05-01 00:00:00+00:00
[2026-04-14T12:08:59.640+0000] {processor.py:183} INFO - Processing /opt/airflow/dags/pipeline_dag.py took 7.680 seconds
[2026-04-14T12:09:30.325+0000] {processor.py:161} INFO - Started process (PID=849) to work on /opt/airflow/dags/pipeline_dag.py
[2026-04-14T12:09:30.330+0000] {processor.py:830} INFO - Processing file /opt/airflow/dags/pipeline_dag.py for tasks to queue
[2026-04-14T12:09:30.337+0000] {logging_mixin.py:188} INFO - [2026-04-14T12:09:30.335+0000] {dagbag.py:538} INFO - Filling up the DagBag from /opt/airflow/dags/pipeline_dag.py
[2026-04-14T12:09:32.955+0000] {processor.py:840} INFO - DAG(s) 'nyc_taxi_pipeline' retrieved from /opt/airflow/dags/pipeline_dag.py
[2026-04-14T12:09:33.075+0000] {logging_mixin.py:188} INFO - [2026-04-14T12:09:33.073+0000] {dag.py:3036} INFO - Sync 1 DAGs
[2026-04-14T12:09:33.183+0000] {logging_mixin.py:188} INFO - [2026-04-14T12:09:33.182+0000] {dag.py:3823} INFO - Setting next_dagrun for nyc_taxi_pipeline to 2026-04-01 00:00:00+00:00, run_after=2026-05-01 00:00:00+00:00
[2026-04-14T12:09:33.265+0000] {processor.py:183} INFO - Processing /opt/airflow/dags/pipeline_dag.py took 2.972 seconds
[2026-04-14T12:10:03.867+0000] {processor.py:161} INFO - Started process (PID=855) to work on /opt/airflow/dags/pipeline_dag.py
[2026-04-14T12:10:03.874+0000] {processor.py:830} INFO - Processing file /opt/airflow/dags/pipeline_dag.py for tasks to queue
[2026-04-14T12:10:03.880+0000] {logging_mixin.py:188} INFO - [2026-04-14T12:10:03.878+0000] {dagbag.py:538} INFO - Filling up the DagBag from /opt/airflow/dags/pipeline_dag.py
[2026-04-14T12:10:06.143+0000] {processor.py:840} INFO - DAG(s) 'nyc_taxi_pipeline' retrieved from /opt/airflow/dags/pipeline_dag.py
[2026-04-14T12:10:06.222+0000] {logging_mixin.py:188} INFO - [2026-04-14T12:10:06.221+0000] {dag.py:3036} INFO - Sync 1 DAGs
[2026-04-14T12:10:06.390+0000] {logging_mixin.py:188} INFO - [2026-04-14T12:10:06.388+0000] {dag.py:3823} INFO - Setting next_dagrun for nyc_taxi_pipeline to 2026-04-01 00:00:00+00:00, run_after=2026-05-01 00:00:00+00:00
[2026-04-14T12:10:06.482+0000] {processor.py:183} INFO - Processing /opt/airflow/dags/pipeline_dag.py took 2.634 seconds
[2026-04-14T12:10:37.192+0000] {processor.py:161} INFO - Started process (PID=861) to work on /opt/airflow/dags/pipeline_dag.py
[2026-04-14T12:10:37.198+0000] {processor.py:830} INFO - Processing file /opt/airflow/dags/pipeline_dag.py for tasks to queue
[2026-04-14T12:10:37.218+0000] {logging_mixin.py:188} INFO - [2026-04-14T12:10:37.206+0000] {dagbag.py:538} INFO - Filling up the DagBag from /opt/airflow/dags/pipeline_dag.py
[2026-04-14T12:10:39.798+0000] {processor.py:840} INFO - DAG(s) 'nyc_taxi_pipeline' retrieved from /opt/airflow/dags/pipeline_dag.py
[2026-04-14T12:10:39.894+0000] {logging_mixin.py:188} INFO - [2026-04-14T12:10:39.892+0000] {dag.py:3036} INFO - Sync 1 DAGs
[2026-04-14T12:10:40.013+0000] {logging_mixin.py:188} INFO - [2026-04-14T12:10:40.012+0000] {dag.py:3823} INFO - Setting next_dagrun for nyc_taxi_pipeline to 2026-04-01 00:00:00+00:00, run_after=2026-05-01 00:00:00+00:00
[2026-04-14T12:10:40.099+0000] {processor.py:183} INFO - Processing /opt/airflow/dags/pipeline_dag.py took 2.923 seconds
[2026-04-14T12:11:10.759+0000] {processor.py:161} INFO - Started process (PID=867) to work on /opt/airflow/dags/pipeline_dag.py
[2026-04-14T12:11:10.765+0000] {processor.py:830} INFO - Processing file /opt/airflow/dags/pipeline_dag.py for tasks to queue
[2026-04-14T12:11:10.770+0000] {logging_mixin.py:188} INFO - [2026-04-14T12:11:10.768+0000] {dagbag.py:538} INFO - Filling up the DagBag from /opt/airflow/dags/pipeline_dag.py
[2026-04-14T12:11:13.371+0000] {processor.py:840} INFO - DAG(s) 'nyc_taxi_pipeline' retrieved from /opt/airflow/dags/pipeline_dag.py
[2026-04-14T12:11:13.474+0000] {logging_mixin.py:188} INFO - [2026-04-14T12:11:13.472+0000] {dag.py:3036} INFO - Sync 1 DAGs
[2026-04-14T12:11:13.569+0000] {logging_mixin.py:188} INFO - [2026-04-14T12:11:13.568+0000] {dag.py:3823} INFO - Setting next_dagrun for nyc_taxi_pipeline to 2026-04-01 00:00:00+00:00, run_after=2026-05-01 00:00:00+00:00
[2026-04-14T12:11:13.645+0000] {processor.py:183} INFO - Processing /opt/airflow/dags/pipeline_dag.py took 2.904 seconds
[2026-04-14T12:11:44.316+0000] {processor.py:161} INFO - Started process (PID=873) to work on /opt/airflow/dags/pipeline_dag.py
[2026-04-14T12:11:44.323+0000] {processor.py:830} INFO - Processing file /opt/airflow/dags/pipeline_dag.py for tasks to queue
[2026-04-14T12:11:44.330+0000] {logging_mixin.py:188} INFO - [2026-04-14T12:11:44.328+0000] {dagbag.py:538} INFO - Filling up the DagBag from /opt/airflow/dags/pipeline_dag.py
[2026-04-14T12:11:46.663+0000] {processor.py:840} INFO - DAG(s) 'nyc_taxi_pipeline' retrieved from /opt/airflow/dags/pipeline_dag.py
[2026-04-14T12:11:46.755+0000] {logging_mixin.py:188} INFO - [2026-04-14T12:11:46.753+0000] {dag.py:3036} INFO - Sync 1 DAGs
[2026-04-14T12:11:46.852+0000] {logging_mixin.py:188} INFO - [2026-04-14T12:11:46.851+0000] {dag.py:3823} INFO - Setting next_dagrun for nyc_taxi_pipeline to 2026-04-01 00:00:00+00:00, run_after=2026-05-01 00:00:00+00:00
[2026-04-14T12:11:46.960+0000] {processor.py:183} INFO - Processing /opt/airflow/dags/pipeline_dag.py took 2.660 seconds
[2026-04-14T12:12:17.790+0000] {processor.py:161} INFO - Started process (PID=879) to work on /opt/airflow/dags/pipeline_dag.py
[2026-04-14T12:12:17.796+0000] {processor.py:830} INFO - Processing file /opt/airflow/dags/pipeline_dag.py for tasks to queue
[2026-04-14T12:12:17.802+0000] {logging_mixin.py:188} INFO - [2026-04-14T12:12:17.800+0000] {dagbag.py:538} INFO - Filling up the DagBag from /opt/airflow/dags/pipeline_dag.py
[2026-04-14T12:12:20.440+0000] {processor.py:840} INFO - DAG(s) 'nyc_taxi_pipeline' retrieved from /opt/airflow/dags/pipeline_dag.py
[2026-04-14T12:12:20.521+0000] {logging_mixin.py:188} INFO - [2026-04-14T12:12:20.520+0000] {dag.py:3036} INFO - Sync 1 DAGs
[2026-04-14T12:12:20.605+0000] {logging_mixin.py:188} INFO - [2026-04-14T12:12:20.605+0000] {dag.py:3823} INFO - Setting next_dagrun for nyc_taxi_pipeline to 2026-04-01 00:00:00+00:00, run_after=2026-05-01 00:00:00+00:00
[2026-04-14T12:12:20.683+0000] {processor.py:183} INFO - Processing /opt/airflow/dags/pipeline_dag.py took 2.920 seconds
[2026-04-14T12:12:51.491+0000] {processor.py:161} INFO - Started process (PID=885) to work on /opt/airflow/dags/pipeline_dag.py
[2026-04-14T12:12:51.496+0000] {processor.py:830} INFO - Processing file /opt/airflow/dags/pipeline_dag.py for tasks to queue
[2026-04-14T12:12:51.501+0000] {logging_mixin.py:188} INFO - [2026-04-14T12:12:51.500+0000] {dagbag.py:538} INFO - Filling up the DagBag from /opt/airflow/dags/pipeline_dag.py
[2026-04-14T12:12:54.487+0000] {processor.py:840} INFO - DAG(s) 'nyc_taxi_pipeline' retrieved from /opt/airflow/dags/pipeline_dag.py
[2026-04-14T12:12:54.583+0000] {logging_mixin.py:188} INFO - [2026-04-14T12:12:54.579+0000] {dag.py:3036} INFO - Sync 1 DAGs
[2026-04-14T12:12:54.672+0000] {logging_mixin.py:188} INFO - [2026-04-14T12:12:54.672+0000] {dag.py:3823} INFO - Setting next_dagrun for nyc_taxi_pipeline to 2026-04-01 00:00:00+00:00, run_after=2026-05-01 00:00:00+00:00
[2026-04-14T12:12:54.763+0000] {processor.py:183} INFO - Processing /opt/airflow/dags/pipeline_dag.py took 3.290 seconds
[2026-04-14T12:13:24.985+0000] {processor.py:161} INFO - Started process (PID=891) to work on /opt/airflow/dags/pipeline_dag.py
[2026-04-14T12:13:24.989+0000] {processor.py:830} INFO - Processing file /opt/airflow/dags/pipeline_dag.py for tasks to queue
[2026-04-14T12:13:24.994+0000] {logging_mixin.py:188} INFO - [2026-04-14T12:13:24.993+0000] {dagbag.py:538} INFO - Filling up the DagBag from /opt/airflow/dags/pipeline_dag.py
[2026-04-14T12:13:27.707+0000] {processor.py:840} INFO - DAG(s) 'nyc_taxi_pipeline' retrieved from /opt/airflow/dags/pipeline_dag.py
[2026-04-14T12:13:27.845+0000] {logging_mixin.py:188} INFO - [2026-04-14T12:13:27.842+0000] {dag.py:3036} INFO - Sync 1 DAGs
[2026-04-14T12:13:27.964+0000] {logging_mixin.py:188} INFO - [2026-04-14T12:13:27.964+0000] {dag.py:3823} INFO - Setting next_dagrun for nyc_taxi_pipeline to 2026-04-01 00:00:00+00:00, run_after=2026-05-01 00:00:00+00:00
[2026-04-14T12:13:28.034+0000] {processor.py:183} INFO - Processing /opt/airflow/dags/pipeline_dag.py took 3.061 seconds
[2026-04-14T12:13:58.529+0000] {processor.py:161} INFO - Started process (PID=897) to work on /opt/airflow/dags/pipeline_dag.py
[2026-04-14T12:13:58.534+0000] {processor.py:830} INFO - Processing file /opt/airflow/dags/pipeline_dag.py for tasks to queue
[2026-04-14T12:13:58.541+0000] {logging_mixin.py:188} INFO - [2026-04-14T12:13:58.539+0000] {dagbag.py:538} INFO - Filling up the DagBag from /opt/airflow/dags/pipeline_dag.py
[2026-04-14T12:14:01.518+0000] {processor.py:840} INFO - DAG(s) 'nyc_taxi_pipeline' retrieved from /opt/airflow/dags/pipeline_dag.py
[2026-04-14T12:14:01.625+0000] {logging_mixin.py:188} INFO - [2026-04-14T12:14:01.623+0000] {dag.py:3036} INFO - Sync 1 DAGs
[2026-04-14T12:14:01.722+0000] {logging_mixin.py:188} INFO - [2026-04-14T12:14:01.721+0000] {dag.py:3823} INFO - Setting next_dagrun for nyc_taxi_pipeline to 2026-04-01 00:00:00+00:00, run_after=2026-05-01 00:00:00+00:00
[2026-04-14T12:14:01.838+0000] {processor.py:183} INFO - Processing /opt/airflow/dags/pipeline_dag.py took 3.336 seconds
[2026-04-14T12:14:32.114+0000] {processor.py:161} INFO - Started process (PID=903) to work on /opt/airflow/dags/pipeline_dag.py
[2026-04-14T12:14:32.118+0000] {processor.py:830} INFO - Processing file /opt/airflow/dags/pipeline_dag.py for tasks to queue
[2026-04-14T12:14:32.122+0000] {logging_mixin.py:188} INFO - [2026-04-14T12:14:32.121+0000] {dagbag.py:538} INFO - Filling up the DagBag from /opt/airflow/dags/pipeline_dag.py
[2026-04-14T12:14:34.782+0000] {processor.py:840} INFO - DAG(s) 'nyc_taxi_pipeline' retrieved from /opt/airflow/dags/pipeline_dag.py
[2026-04-14T12:14:34.885+0000] {logging_mixin.py:188} INFO - [2026-04-14T12:14:34.883+0000] {dag.py:3036} INFO - Sync 1 DAGs
[2026-04-14T12:14:35.013+0000] {logging_mixin.py:188} INFO - [2026-04-14T12:14:35.012+0000] {dag.py:3823} INFO - Setting next_dagrun for nyc_taxi_pipeline to 2026-04-01 00:00:00+00:00, run_after=2026-05-01 00:00:00+00:00
[2026-04-14T12:14:35.109+0000] {processor.py:183} INFO - Processing /opt/airflow/dags/pipeline_dag.py took 3.008 seconds
[2026-04-14T12:15:05.703+0000] {processor.py:161} INFO - Started process (PID=909) to work on /opt/airflow/dags/pipeline_dag.py
[2026-04-14T12:15:05.707+0000] {processor.py:830} INFO - Processing file /opt/airflow/dags/pipeline_dag.py for tasks to queue
[2026-04-14T12:15:05.713+0000] {logging_mixin.py:188} INFO - [2026-04-14T12:15:05.711+0000] {dagbag.py:538} INFO - Filling up the DagBag from /opt/airflow/dags/pipeline_dag.py
[2026-04-14T12:15:09.629+0000] {processor.py:840} INFO - DAG(s) 'nyc_taxi_pipeline' retrieved from /opt/airflow/dags/pipeline_dag.py
[2026-04-14T12:15:09.769+0000] {logging_mixin.py:188} INFO - [2026-04-14T12:15:09.768+0000] {dag.py:3036} INFO - Sync 1 DAGs
[2026-04-14T12:15:09.858+0000] {logging_mixin.py:188} INFO - [2026-04-14T12:15:09.858+0000] {dag.py:3823} INFO - Setting next_dagrun for nyc_taxi_pipeline to 2026-04-01 00:00:00+00:00, run_after=2026-05-01 00:00:00+00:00
[2026-04-14T12:15:09.930+0000] {processor.py:183} INFO - Processing /opt/airflow/dags/pipeline_dag.py took 4.245 seconds
[2026-04-14T12:15:40.468+0000] {processor.py:161} INFO - Started process (PID=915) to work on /opt/airflow/dags/pipeline_dag.py
[2026-04-14T12:15:40.475+0000] {processor.py:830} INFO - Processing file /opt/airflow/dags/pipeline_dag.py for tasks to queue
[2026-04-14T12:15:40.481+0000] {logging_mixin.py:188} INFO - [2026-04-14T12:15:40.478+0000] {dagbag.py:538} INFO - Filling up the DagBag from /opt/airflow/dags/pipeline_dag.py
[2026-04-14T12:15:43.666+0000] {processor.py:840} INFO - DAG(s) 'nyc_taxi_pipeline' retrieved from /opt/airflow/dags/pipeline_dag.py
[2026-04-14T12:15:43.775+0000] {logging_mixin.py:188} INFO - [2026-04-14T12:15:43.773+0000] {dag.py:3036} INFO - Sync 1 DAGs
[2026-04-14T12:15:43.864+0000] {logging_mixin.py:188} INFO - [2026-04-14T12:15:43.863+0000] {dag.py:3823} INFO - Setting next_dagrun for nyc_taxi_pipeline to 2026-04-01 00:00:00+00:00, run_after=2026-05-01 00:00:00+00:00
[2026-04-14T12:15:43.955+0000] {processor.py:183} INFO - Processing /opt/airflow/dags/pipeline_dag.py took 3.529 seconds
[2026-04-14T12:16:14.879+0000] {processor.py:161} INFO - Started process (PID=921) to work on /opt/airflow/dags/pipeline_dag.py
[2026-04-14T12:16:14.883+0000] {processor.py:830} INFO - Processing file /opt/airflow/dags/pipeline_dag.py for tasks to queue
[2026-04-14T12:16:14.887+0000] {logging_mixin.py:188} INFO - [2026-04-14T12:16:14.885+0000] {dagbag.py:538} INFO - Filling up the DagBag from /opt/airflow/dags/pipeline_dag.py
[2026-04-14T12:16:17.973+0000] {logging_mixin.py:188} INFO - [2026-04-14T12:16:17.956+0000] {dagbag.py:348} ERROR - Failed to import: /opt/airflow/dags/pipeline_dag.py
Traceback (most recent call last):
  File "/home/airflow/.local/lib/python3.8/site-packages/airflow/models/dagbag.py", line 344, in parse
    loader.exec_module(new_module)
  File "<frozen importlib._bootstrap_external>", line 843, in exec_module
  File "<frozen importlib._bootstrap>", line 219, in _call_with_frames_removed
  File "/opt/airflow/dags/pipeline_dag.py", line 87, in <module>
    ingest_task = PythonOperator(
NameError: name 'PythonOperator' is not defined
[2026-04-14T12:16:17.979+0000] {processor.py:842} WARNING - No viable dags retrieved from /opt/airflow/dags/pipeline_dag.py
[2026-04-14T12:16:18.043+0000] {processor.py:183} INFO - Processing /opt/airflow/dags/pipeline_dag.py took 3.183 seconds
[2026-04-14T12:16:44.693+0000] {processor.py:161} INFO - Started process (PID=927) to work on /opt/airflow/dags/pipeline_dag.py
[2026-04-14T12:16:44.698+0000] {processor.py:830} INFO - Processing file /opt/airflow/dags/pipeline_dag.py for tasks to queue
[2026-04-14T12:16:44.706+0000] {logging_mixin.py:188} INFO - [2026-04-14T12:16:44.704+0000] {dagbag.py:538} INFO - Filling up the DagBag from /opt/airflow/dags/pipeline_dag.py
[2026-04-14T12:16:46.819+0000] {logging_mixin.py:188} INFO - [2026-04-14T12:16:46.802+0000] {dagbag.py:348} ERROR - Failed to import: /opt/airflow/dags/pipeline_dag.py
Traceback (most recent call last):
  File "/home/airflow/.local/lib/python3.8/site-packages/airflow/models/dagbag.py", line 344, in parse
    loader.exec_module(new_module)
  File "<frozen importlib._bootstrap_external>", line 843, in exec_module
  File "<frozen importlib._bootstrap>", line 219, in _call_with_frames_removed
  File "/opt/airflow/dags/pipeline_dag.py", line 82, in <module>
    ingest_task = PythonOperator(
NameError: name 'PythonOperator' is not defined
[2026-04-14T12:16:46.825+0000] {processor.py:842} WARNING - No viable dags retrieved from /opt/airflow/dags/pipeline_dag.py
[2026-04-14T12:16:46.880+0000] {processor.py:183} INFO - Processing /opt/airflow/dags/pipeline_dag.py took 2.205 seconds
[2026-04-14T12:17:17.904+0000] {processor.py:161} INFO - Started process (PID=933) to work on /opt/airflow/dags/pipeline_dag.py
[2026-04-14T12:17:17.918+0000] {processor.py:830} INFO - Processing file /opt/airflow/dags/pipeline_dag.py for tasks to queue
[2026-04-14T12:17:17.932+0000] {logging_mixin.py:188} INFO - [2026-04-14T12:17:17.930+0000] {dagbag.py:538} INFO - Filling up the DagBag from /opt/airflow/dags/pipeline_dag.py
[2026-04-14T12:17:23.795+0000] {logging_mixin.py:188} INFO - [2026-04-14T12:17:23.768+0000] {dagbag.py:348} ERROR - Failed to import: /opt/airflow/dags/pipeline_dag.py
Traceback (most recent call last):
  File "/home/airflow/.local/lib/python3.8/site-packages/airflow/models/dagbag.py", line 344, in parse
    loader.exec_module(new_module)
  File "<frozen importlib._bootstrap_external>", line 843, in exec_module
  File "<frozen importlib._bootstrap>", line 219, in _call_with_frames_removed
  File "/opt/airflow/dags/pipeline_dag.py", line 82, in <module>
    ingest_task = PythonOperator(
NameError: name 'PythonOperator' is not defined
[2026-04-14T12:17:23.804+0000] {processor.py:842} WARNING - No viable dags retrieved from /opt/airflow/dags/pipeline_dag.py
[2026-04-14T12:17:23.887+0000] {processor.py:183} INFO - Processing /opt/airflow/dags/pipeline_dag.py took 6.182 seconds
[2026-04-14T12:17:54.404+0000] {processor.py:161} INFO - Started process (PID=939) to work on /opt/airflow/dags/pipeline_dag.py
[2026-04-14T12:17:54.416+0000] {processor.py:830} INFO - Processing file /opt/airflow/dags/pipeline_dag.py for tasks to queue
[2026-04-14T12:17:54.445+0000] {logging_mixin.py:188} INFO - [2026-04-14T12:17:54.434+0000] {dagbag.py:538} INFO - Filling up the DagBag from /opt/airflow/dags/pipeline_dag.py
[2026-04-14T12:18:03.974+0000] {logging_mixin.py:188} INFO - [2026-04-14T12:18:03.951+0000] {dagbag.py:348} ERROR - Failed to import: /opt/airflow/dags/pipeline_dag.py
Traceback (most recent call last):
  File "/home/airflow/.local/lib/python3.8/site-packages/airflow/models/dagbag.py", line 344, in parse
    loader.exec_module(new_module)
  File "<frozen importlib._bootstrap_external>", line 843, in exec_module
  File "<frozen importlib._bootstrap>", line 219, in _call_with_frames_removed
  File "/opt/airflow/dags/pipeline_dag.py", line 82, in <module>
    ingest_task = PythonOperator(
NameError: name 'PythonOperator' is not defined
[2026-04-14T12:18:03.981+0000] {processor.py:842} WARNING - No viable dags retrieved from /opt/airflow/dags/pipeline_dag.py
[2026-04-14T12:18:04.062+0000] {processor.py:183} INFO - Processing /opt/airflow/dags/pipeline_dag.py took 9.774 seconds
[2026-04-14T12:18:16.902+0000] {processor.py:161} INFO - Started process (PID=945) to work on /opt/airflow/dags/pipeline_dag.py
[2026-04-14T12:18:16.907+0000] {processor.py:830} INFO - Processing file /opt/airflow/dags/pipeline_dag.py for tasks to queue
[2026-04-14T12:18:16.914+0000] {logging_mixin.py:188} INFO - [2026-04-14T12:18:16.912+0000] {dagbag.py:538} INFO - Filling up the DagBag from /opt/airflow/dags/pipeline_dag.py
[2026-04-14T12:18:20.482+0000] {processor.py:840} INFO - DAG(s) 'nyc_taxi_pipeline' retrieved from /opt/airflow/dags/pipeline_dag.py
[2026-04-14T12:18:21.472+0000] {logging_mixin.py:188} INFO - [2026-04-14T12:18:21.469+0000] {dag.py:3036} INFO - Sync 1 DAGs
[2026-04-14T12:18:21.572+0000] {logging_mixin.py:188} INFO - [2026-04-14T12:18:21.571+0000] {dag.py:3823} INFO - Setting next_dagrun for nyc_taxi_pipeline to 2026-04-01 00:00:00+00:00, run_after=2026-05-01 00:00:00+00:00
[2026-04-14T12:18:21.693+0000] {processor.py:183} INFO - Processing /opt/airflow/dags/pipeline_dag.py took 4.810 seconds
[2026-04-14T12:18:52.685+0000] {processor.py:161} INFO - Started process (PID=954) to work on /opt/airflow/dags/pipeline_dag.py
[2026-04-14T12:18:52.723+0000] {processor.py:830} INFO - Processing file /opt/airflow/dags/pipeline_dag.py for tasks to queue
[2026-04-14T12:18:52.742+0000] {logging_mixin.py:188} INFO - [2026-04-14T12:18:52.739+0000] {dagbag.py:538} INFO - Filling up the DagBag from /opt/airflow/dags/pipeline_dag.py
[2026-04-14T12:19:01.381+0000] {processor.py:840} INFO - DAG(s) 'nyc_taxi_pipeline' retrieved from /opt/airflow/dags/pipeline_dag.py
[2026-04-14T12:19:01.670+0000] {logging_mixin.py:188} INFO - [2026-04-14T12:19:01.667+0000] {dag.py:3036} INFO - Sync 1 DAGs
[2026-04-14T12:19:01.986+0000] {logging_mixin.py:188} INFO - [2026-04-14T12:19:01.985+0000] {dag.py:3823} INFO - Setting next_dagrun for nyc_taxi_pipeline to 2026-04-01 00:00:00+00:00, run_after=2026-05-01 00:00:00+00:00
[2026-04-14T12:19:02.147+0000] {processor.py:183} INFO - Processing /opt/airflow/dags/pipeline_dag.py took 9.705 seconds
[2026-04-14T12:19:54.164+0000] {processor.py:161} INFO - Started process (PID=977) to work on /opt/airflow/dags/pipeline_dag.py
[2026-04-14T12:19:54.177+0000] {processor.py:830} INFO - Processing file /opt/airflow/dags/pipeline_dag.py for tasks to queue
[2026-04-14T12:19:54.191+0000] {logging_mixin.py:188} INFO - [2026-04-14T12:19:54.185+0000] {dagbag.py:538} INFO - Filling up the DagBag from /opt/airflow/dags/pipeline_dag.py
[2026-04-14T12:20:00.756+0000] {processor.py:840} INFO - DAG(s) 'nyc_taxi_pipeline' retrieved from /opt/airflow/dags/pipeline_dag.py
[2026-04-14T12:20:00.941+0000] {logging_mixin.py:188} INFO - [2026-04-14T12:20:00.940+0000] {dag.py:3036} INFO - Sync 1 DAGs
[2026-04-14T12:20:01.107+0000] {logging_mixin.py:188} INFO - [2026-04-14T12:20:01.104+0000] {dag.py:3823} INFO - Setting next_dagrun for nyc_taxi_pipeline to 2026-04-01 00:00:00+00:00, run_after=2026-05-01 00:00:00+00:00
[2026-04-14T12:20:01.209+0000] {processor.py:183} INFO - Processing /opt/airflow/dags/pipeline_dag.py took 7.124 seconds
[2026-04-14T12:20:05.013+0000] {processor.py:161} INFO - Started process (PID=1026) to work on /opt/airflow/dags/pipeline_dag.py
[2026-04-14T12:20:05.018+0000] {processor.py:830} INFO - Processing file /opt/airflow/dags/pipeline_dag.py for tasks to queue
[2026-04-14T12:20:05.022+0000] {logging_mixin.py:188} INFO - [2026-04-14T12:20:05.021+0000] {dagbag.py:538} INFO - Filling up the DagBag from /opt/airflow/dags/pipeline_dag.py
[2026-04-14T12:20:08.131+0000] {processor.py:840} INFO - DAG(s) 'nyc_taxi_pipeline' retrieved from /opt/airflow/dags/pipeline_dag.py
[2026-04-14T12:20:08.287+0000] {logging_mixin.py:188} INFO - [2026-04-14T12:20:08.285+0000] {taskinstance.py:2700} ERROR - {'DAG Id': 'nyc_taxi_pipeline', 'Task Id': 'transform_to_silver_gold', 'Run Id': 'scheduled__2026-03-01T00:00:00+00:00', 'Hostname': '8ac850d04d14'}
[2026-04-14T12:20:08.446+0000] {logging_mixin.py:188} INFO - [2026-04-14T12:20:08.444+0000] {taskinstance.py:1138} INFO - Marking task as FAILED. dag_id=nyc_taxi_pipeline, task_id=transform_to_silver_gold, execution_date=20260301T000000, start_date=20260414T120422, end_date=20260414T122008
[2026-04-14T12:20:08.519+0000] {processor.py:791} INFO - Executed failure callback for <TaskInstance: nyc_taxi_pipeline.transform_to_silver_gold scheduled__2026-03-01T00:00:00+00:00 [failed]> in state failed
[2026-04-14T12:20:08.602+0000] {logging_mixin.py:188} INFO - [2026-04-14T12:20:08.600+0000] {dag.py:3036} INFO - Sync 1 DAGs
[2026-04-14T12:20:08.723+0000] {logging_mixin.py:188} INFO - [2026-04-14T12:20:08.722+0000] {dag.py:3823} INFO - Setting next_dagrun for nyc_taxi_pipeline to 2026-04-01 00:00:00+00:00, run_after=2026-05-01 00:00:00+00:00
[2026-04-14T12:20:08.839+0000] {processor.py:183} INFO - Processing /opt/airflow/dags/pipeline_dag.py took 3.843 seconds
[2026-04-14T12:20:39.520+0000] {processor.py:161} INFO - Started process (PID=1043) to work on /opt/airflow/dags/pipeline_dag.py
[2026-04-14T12:20:39.525+0000] {processor.py:830} INFO - Processing file /opt/airflow/dags/pipeline_dag.py for tasks to queue
[2026-04-14T12:20:39.531+0000] {logging_mixin.py:188} INFO - [2026-04-14T12:20:39.529+0000] {dagbag.py:538} INFO - Filling up the DagBag from /opt/airflow/dags/pipeline_dag.py
[2026-04-14T12:20:42.044+0000] {processor.py:840} INFO - DAG(s) 'nyc_taxi_pipeline' retrieved from /opt/airflow/dags/pipeline_dag.py
[2026-04-14T12:20:42.163+0000] {logging_mixin.py:188} INFO - [2026-04-14T12:20:42.161+0000] {dag.py:3036} INFO - Sync 1 DAGs
[2026-04-14T12:20:42.271+0000] {logging_mixin.py:188} INFO - [2026-04-14T12:20:42.270+0000] {dag.py:3823} INFO - Setting next_dagrun for nyc_taxi_pipeline to 2026-04-01 00:00:00+00:00, run_after=2026-05-01 00:00:00+00:00
[2026-04-14T12:20:42.344+0000] {processor.py:183} INFO - Processing /opt/airflow/dags/pipeline_dag.py took 2.842 seconds
[2026-04-14T12:21:12.581+0000] {processor.py:161} INFO - Started process (PID=1049) to work on /opt/airflow/dags/pipeline_dag.py
[2026-04-14T12:21:12.587+0000] {processor.py:830} INFO - Processing file /opt/airflow/dags/pipeline_dag.py for tasks to queue
[2026-04-14T12:21:12.594+0000] {logging_mixin.py:188} INFO - [2026-04-14T12:21:12.592+0000] {dagbag.py:538} INFO - Filling up the DagBag from /opt/airflow/dags/pipeline_dag.py
[2026-04-14T12:21:15.519+0000] {processor.py:840} INFO - DAG(s) 'nyc_taxi_pipeline' retrieved from /opt/airflow/dags/pipeline_dag.py
[2026-04-14T12:21:15.649+0000] {logging_mixin.py:188} INFO - [2026-04-14T12:21:15.647+0000] {dag.py:3036} INFO - Sync 1 DAGs
[2026-04-14T12:21:15.774+0000] {logging_mixin.py:188} INFO - [2026-04-14T12:21:15.773+0000] {dag.py:3823} INFO - Setting next_dagrun for nyc_taxi_pipeline to 2026-04-01 00:00:00+00:00, run_after=2026-05-01 00:00:00+00:00
[2026-04-14T12:21:15.906+0000] {processor.py:183} INFO - Processing /opt/airflow/dags/pipeline_dag.py took 3.350 seconds
[2026-04-14T12:21:46.579+0000] {processor.py:161} INFO - Started process (PID=1055) to work on /opt/airflow/dags/pipeline_dag.py
[2026-04-14T12:21:46.583+0000] {processor.py:830} INFO - Processing file /opt/airflow/dags/pipeline_dag.py for tasks to queue
[2026-04-14T12:21:46.588+0000] {logging_mixin.py:188} INFO - [2026-04-14T12:21:46.586+0000] {dagbag.py:538} INFO - Filling up the DagBag from /opt/airflow/dags/pipeline_dag.py
[2026-04-14T12:21:49.525+0000] {processor.py:840} INFO - DAG(s) 'nyc_taxi_pipeline' retrieved from /opt/airflow/dags/pipeline_dag.py
[2026-04-14T12:21:49.624+0000] {logging_mixin.py:188} INFO - [2026-04-14T12:21:49.623+0000] {dag.py:3036} INFO - Sync 1 DAGs
[2026-04-14T12:21:49.755+0000] {logging_mixin.py:188} INFO - [2026-04-14T12:21:49.754+0000] {dag.py:3823} INFO - Setting next_dagrun for nyc_taxi_pipeline to 2026-04-01 00:00:00+00:00, run_after=2026-05-01 00:00:00+00:00
[2026-04-14T12:21:49.845+0000] {processor.py:183} INFO - Processing /opt/airflow/dags/pipeline_dag.py took 3.280 seconds
[2026-04-14T12:22:20.212+0000] {processor.py:161} INFO - Started process (PID=1061) to work on /opt/airflow/dags/pipeline_dag.py
[2026-04-14T12:22:20.220+0000] {processor.py:830} INFO - Processing file /opt/airflow/dags/pipeline_dag.py for tasks to queue
[2026-04-14T12:22:20.229+0000] {logging_mixin.py:188} INFO - [2026-04-14T12:22:20.226+0000] {dagbag.py:538} INFO - Filling up the DagBag from /opt/airflow/dags/pipeline_dag.py
[2026-04-14T12:22:22.276+0000] {processor.py:840} INFO - DAG(s) 'nyc_taxi_pipeline' retrieved from /opt/airflow/dags/pipeline_dag.py
[2026-04-14T12:22:22.344+0000] {logging_mixin.py:188} INFO - [2026-04-14T12:22:22.343+0000] {dag.py:3036} INFO - Sync 1 DAGs
[2026-04-14T12:22:22.433+0000] {logging_mixin.py:188} INFO - [2026-04-14T12:22:22.432+0000] {dag.py:3823} INFO - Setting next_dagrun for nyc_taxi_pipeline to 2026-04-01 00:00:00+00:00, run_after=2026-05-01 00:00:00+00:00
[2026-04-14T12:22:22.543+0000] {processor.py:183} INFO - Processing /opt/airflow/dags/pipeline_dag.py took 2.352 seconds
[2026-04-14T12:22:53.115+0000] {processor.py:161} INFO - Started process (PID=1067) to work on /opt/airflow/dags/pipeline_dag.py
[2026-04-14T12:22:53.120+0000] {processor.py:830} INFO - Processing file /opt/airflow/dags/pipeline_dag.py for tasks to queue
[2026-04-14T12:22:53.125+0000] {logging_mixin.py:188} INFO - [2026-04-14T12:22:53.124+0000] {dagbag.py:538} INFO - Filling up the DagBag from /opt/airflow/dags/pipeline_dag.py
[2026-04-14T12:22:55.373+0000] {processor.py:840} INFO - DAG(s) 'nyc_taxi_pipeline' retrieved from /opt/airflow/dags/pipeline_dag.py
[2026-04-14T12:22:55.432+0000] {logging_mixin.py:188} INFO - [2026-04-14T12:22:55.431+0000] {dag.py:3036} INFO - Sync 1 DAGs
[2026-04-14T12:22:55.500+0000] {logging_mixin.py:188} INFO - [2026-04-14T12:22:55.499+0000] {dag.py:3823} INFO - Setting next_dagrun for nyc_taxi_pipeline to 2026-04-01 00:00:00+00:00, run_after=2026-05-01 00:00:00+00:00
[2026-04-14T12:22:55.574+0000] {processor.py:183} INFO - Processing /opt/airflow/dags/pipeline_dag.py took 2.484 seconds
[2026-04-14T12:23:26.292+0000] {processor.py:161} INFO - Started process (PID=1073) to work on /opt/airflow/dags/pipeline_dag.py
[2026-04-14T12:23:26.298+0000] {processor.py:830} INFO - Processing file /opt/airflow/dags/pipeline_dag.py for tasks to queue
[2026-04-14T12:23:26.305+0000] {logging_mixin.py:188} INFO - [2026-04-14T12:23:26.303+0000] {dagbag.py:538} INFO - Filling up the DagBag from /opt/airflow/dags/pipeline_dag.py
[2026-04-14T12:23:29.090+0000] {processor.py:840} INFO - DAG(s) 'nyc_taxi_pipeline' retrieved from /opt/airflow/dags/pipeline_dag.py
[2026-04-14T12:23:29.204+0000] {logging_mixin.py:188} INFO - [2026-04-14T12:23:29.203+0000] {dag.py:3036} INFO - Sync 1 DAGs
[2026-04-14T12:23:29.309+0000] {logging_mixin.py:188} INFO - [2026-04-14T12:23:29.308+0000] {dag.py:3823} INFO - Setting next_dagrun for nyc_taxi_pipeline to 2026-04-01 00:00:00+00:00, run_after=2026-05-01 00:00:00+00:00
[2026-04-14T12:23:29.393+0000] {processor.py:183} INFO - Processing /opt/airflow/dags/pipeline_dag.py took 3.123 seconds
[2026-04-14T12:23:35.504+0000] {processor.py:161} INFO - Started process (PID=1079) to work on /opt/airflow/dags/pipeline_dag.py
[2026-04-14T12:23:35.510+0000] {processor.py:830} INFO - Processing file /opt/airflow/dags/pipeline_dag.py for tasks to queue
[2026-04-14T12:23:35.517+0000] {logging_mixin.py:188} INFO - [2026-04-14T12:23:35.515+0000] {dagbag.py:538} INFO - Filling up the DagBag from /opt/airflow/dags/pipeline_dag.py
[2026-04-14T12:23:37.997+0000] {processor.py:840} INFO - DAG(s) 'nyc_taxi_pipeline' retrieved from /opt/airflow/dags/pipeline_dag.py
[2026-04-14T12:23:38.124+0000] {logging_mixin.py:188} INFO - [2026-04-14T12:23:38.121+0000] {dag.py:3036} INFO - Sync 1 DAGs
[2026-04-14T12:23:38.244+0000] {logging_mixin.py:188} INFO - [2026-04-14T12:23:38.242+0000] {dag.py:3823} INFO - Setting next_dagrun for nyc_taxi_pipeline to 2026-04-01 00:00:00+00:00, run_after=2026-05-01 00:00:00+00:00
[2026-04-14T12:23:38.370+0000] {processor.py:183} INFO - Processing /opt/airflow/dags/pipeline_dag.py took 2.887 seconds
