[2026-04-14T11:58:36.258+0000] {taskinstance.py:1956} INFO - Dependencies all met for dep_context=non-requeueable deps ti=<TaskInstance: nyc_taxi_pipeline.ingest_to_bronze scheduled__2026-03-01T00:00:00+00:00 [queued]>
[2026-04-14T11:58:36.309+0000] {taskinstance.py:1956} INFO - Dependencies all met for dep_context=requeueable deps ti=<TaskInstance: nyc_taxi_pipeline.ingest_to_bronze scheduled__2026-03-01T00:00:00+00:00 [queued]>
[2026-04-14T11:58:36.312+0000] {taskinstance.py:2170} INFO - Starting attempt 1 of 2
[2026-04-14T11:58:36.407+0000] {taskinstance.py:2191} INFO - Executing <Task(PythonOperator): ingest_to_bronze> on 2026-03-01 00:00:00+00:00
[2026-04-14T11:58:36.450+0000] {standard_task_runner.py:60} INFO - Started process 302 to run task
[2026-04-14T11:58:36.471+0000] {standard_task_runner.py:87} INFO - Running: ['***', 'tasks', 'run', 'nyc_taxi_pipeline', 'ingest_to_bronze', 'scheduled__2026-03-01T00:00:00+00:00', '--job-id', '4', '--raw', '--subdir', 'DAGS_FOLDER/pipeline_dag.py', '--cfg-path', '/tmp/tmpj_h2wm3a']
[2026-04-14T11:58:36.506+0000] {standard_task_runner.py:88} INFO - Job 4: Subtask ingest_to_bronze
[2026-04-14T11:58:36.852+0000] {task_command.py:423} INFO - Running <TaskInstance: nyc_taxi_pipeline.ingest_to_bronze scheduled__2026-03-01T00:00:00+00:00 [running]> on host 8ac850d04d14
[2026-04-14T11:58:37.203+0000] {taskinstance.py:2480} INFO - Exporting env vars: AIRFLOW_CTX_DAG_OWNER='divyansh' AIRFLOW_CTX_DAG_ID='nyc_taxi_pipeline' AIRFLOW_CTX_TASK_ID='ingest_to_bronze' AIRFLOW_CTX_EXECUTION_DATE='2026-03-01T00:00:00+00:00' AIRFLOW_CTX_TRY_NUMBER='1' AIRFLOW_CTX_DAG_RUN_ID='scheduled__2026-03-01T00:00:00+00:00'
[2026-04-14T11:58:37.209+0000] {logging_mixin.py:188} INFO - Downloading NYC Taxi data...
[2026-04-14T11:58:53.443+0000] {_universal.py:514} INFO - Request URL: 'https://divyanshpipelinedata.dfs.core.windows.net/bronze/yellow_taxi_2024-01.parquet?resource=REDACTED'
Request method: 'PUT'
Request headers:
    'x-ms-version': 'REDACTED'
    'Accept': 'application/json'
    'User-Agent': 'azsdk-python-storage-dfs/12.14.0 Python/3.8.18 (Linux-5.15.153.1-microsoft-standard-WSL2-x86_64-with-glibc2.34)'
    'x-ms-date': 'REDACTED'
    'x-ms-client-request-id': '4ed8b00e-37f9-11f1-83b9-0242ac130003'
    'Authorization': 'REDACTED'
No body was attached to the request
[2026-04-14T11:58:53.789+0000] {_universal.py:550} INFO - Response status: 201
Response headers:
    'Last-Modified': 'Tue, 14 Apr 2026 11:58:52 GMT'
    'ETag': '"0x8DE9A1D3235A124"'
    'Server': 'Windows-Azure-HDFS/1.0 Microsoft-HTTPAPI/2.0'
    'x-ms-request-server-encrypted': 'REDACTED'
    'x-ms-request-id': 'dd3c277b-e01f-00c8-3906-ccbe15000000'
    'x-ms-version': 'REDACTED'
    'x-ms-client-request-id': '4ed8b00e-37f9-11f1-83b9-0242ac130003'
    'Date': 'Tue, 14 Apr 2026 11:58:51 GMT'
    'Content-Length': '0'
[2026-04-14T11:58:53.808+0000] {_universal.py:511} INFO - Request URL: 'https://divyanshpipelinedata.dfs.core.windows.net/bronze/yellow_taxi_2024-01.parquet?action=REDACTED&position=REDACTED'
Request method: 'PATCH'
Request headers:
    'Content-Length': '49961641'
    'x-ms-version': 'REDACTED'
    'Content-Type': 'application/json'
    'Accept': 'application/json'
    'User-Agent': 'azsdk-python-storage-dfs/12.14.0 Python/3.8.18 (Linux-5.15.153.1-microsoft-standard-WSL2-x86_64-with-glibc2.34)'
    'x-ms-date': 'REDACTED'
    'x-ms-client-request-id': '4f1085ce-37f9-11f1-83b9-0242ac130003'
    'Authorization': 'REDACTED'
A body is sent with the request
[2026-04-14T11:58:58.076+0000] {_universal.py:550} INFO - Response status: 202
Response headers:
    'Server': 'Windows-Azure-HDFS/1.0 Microsoft-HTTPAPI/2.0'
    'x-ms-request-server-encrypted': 'REDACTED'
    'x-ms-request-id': 'dd3c278f-e01f-00c8-4d06-ccbe15000000'
    'x-ms-version': 'REDACTED'
    'x-ms-client-request-id': '4f1085ce-37f9-11f1-83b9-0242ac130003'
    'Date': 'Tue, 14 Apr 2026 11:58:56 GMT'
    'Content-Length': '0'
[2026-04-14T11:58:58.084+0000] {_universal.py:514} INFO - Request URL: 'https://divyanshpipelinedata.dfs.core.windows.net/bronze/yellow_taxi_2024-01.parquet?action=REDACTED&position=REDACTED&close=REDACTED'
Request method: 'PATCH'
Request headers:
    'If-Match': '"0x8DE9A1D3235A124"'
    'x-ms-version': 'REDACTED'
    'Accept': 'application/json'
    'User-Agent': 'azsdk-python-storage-dfs/12.14.0 Python/3.8.18 (Linux-5.15.153.1-microsoft-standard-WSL2-x86_64-with-glibc2.34)'
    'x-ms-date': 'REDACTED'
    'x-ms-client-request-id': '519d1afa-37f9-11f1-83b9-0242ac130003'
    'Authorization': 'REDACTED'
No body was attached to the request
[2026-04-14T11:58:58.215+0000] {_universal.py:550} INFO - Response status: 200
Response headers:
    'Last-Modified': 'Tue, 14 Apr 2026 11:58:56 GMT'
    'ETag': '"0x8DE9A1D34DBA5DC"'
    'Server': 'Windows-Azure-HDFS/1.0 Microsoft-HTTPAPI/2.0'
    'x-ms-request-server-encrypted': 'REDACTED'
    'x-ms-request-id': 'dd3c2a04-e01f-00c8-3b06-ccbe15000000'
    'x-ms-version': 'REDACTED'
    'x-ms-client-request-id': '519d1afa-37f9-11f1-83b9-0242ac130003'
    'Date': 'Tue, 14 Apr 2026 11:58:56 GMT'
    'Content-Length': '0'
[2026-04-14T11:58:58.220+0000] {logging_mixin.py:188} INFO - Ingested yellow_taxi_2024-01.parquet to bronze successfully!
[2026-04-14T11:58:58.244+0000] {python.py:201} INFO - Done. Returned value was: None
[2026-04-14T11:58:58.354+0000] {taskinstance.py:1138} INFO - Marking task as SUCCESS. dag_id=nyc_taxi_pipeline, task_id=ingest_to_bronze, execution_date=20260301T000000, start_date=20260414T115836, end_date=20260414T115858
[2026-04-14T11:58:58.606+0000] {local_task_job_runner.py:234} INFO - Task exited with return code 0
[2026-04-14T11:58:59.016+0000] {taskinstance.py:3280} INFO - 0 downstream tasks scheduled from follow-on schedule check
