[2026-04-14T11:59:02.866+0000] {taskinstance.py:1956} INFO - Dependencies all met for dep_context=non-requeueable deps ti=<TaskInstance: nyc_taxi_pipeline.ingest_to_bronze manual__2026-04-14T11:58:57.426042+00:00 [queued]>
[2026-04-14T11:59:02.904+0000] {taskinstance.py:1956} INFO - Dependencies all met for dep_context=requeueable deps ti=<TaskInstance: nyc_taxi_pipeline.ingest_to_bronze manual__2026-04-14T11:58:57.426042+00:00 [queued]>
[2026-04-14T11:59:02.906+0000] {taskinstance.py:2170} INFO - Starting attempt 1 of 2
[2026-04-14T11:59:02.962+0000] {taskinstance.py:2191} INFO - Executing <Task(PythonOperator): ingest_to_bronze> on 2026-04-14 11:58:57.426042+00:00
[2026-04-14T11:59:02.978+0000] {standard_task_runner.py:60} INFO - Started process 313 to run task
[2026-04-14T11:59:02.995+0000] {standard_task_runner.py:87} INFO - Running: ['***', 'tasks', 'run', 'nyc_taxi_pipeline', 'ingest_to_bronze', 'manual__2026-04-14T11:58:57.426042+00:00', '--job-id', '5', '--raw', '--subdir', 'DAGS_FOLDER/pipeline_dag.py', '--cfg-path', '/tmp/tmptkipvubc']
[2026-04-14T11:59:03.013+0000] {standard_task_runner.py:88} INFO - Job 5: Subtask ingest_to_bronze
[2026-04-14T11:59:03.332+0000] {task_command.py:423} INFO - Running <TaskInstance: nyc_taxi_pipeline.ingest_to_bronze manual__2026-04-14T11:58:57.426042+00:00 [running]> on host 8ac850d04d14
[2026-04-14T11:59:03.794+0000] {taskinstance.py:2480} INFO - Exporting env vars: AIRFLOW_CTX_DAG_OWNER='divyansh' AIRFLOW_CTX_DAG_ID='nyc_taxi_pipeline' AIRFLOW_CTX_TASK_ID='ingest_to_bronze' AIRFLOW_CTX_EXECUTION_DATE='2026-04-14T11:58:57.426042+00:00' AIRFLOW_CTX_TRY_NUMBER='1' AIRFLOW_CTX_DAG_RUN_ID='manual__2026-04-14T11:58:57.426042+00:00'
[2026-04-14T11:59:03.804+0000] {logging_mixin.py:188} INFO - Downloading NYC Taxi data...
[2026-04-14T11:59:15.464+0000] {_universal.py:514} INFO - Request URL: 'https://divyanshpipelinedata.dfs.core.windows.net/bronze/yellow_taxi_2024-01.parquet?resource=REDACTED'
Request method: 'PUT'
Request headers:
    'x-ms-version': 'REDACTED'
    'Accept': 'application/json'
    'User-Agent': 'azsdk-python-storage-dfs/12.14.0 Python/3.8.18 (Linux-5.15.153.1-microsoft-standard-WSL2-x86_64-with-glibc2.34)'
    'x-ms-date': 'REDACTED'
    'x-ms-client-request-id': '5bf8a550-37f9-11f1-84b3-0242ac130003'
    'Authorization': 'REDACTED'
No body was attached to the request
[2026-04-14T11:59:15.923+0000] {_universal.py:550} INFO - Response status: 201
Response headers:
    'Last-Modified': 'Tue, 14 Apr 2026 11:59:14 GMT'
    'ETag': '"0x8DE9A1D3F6101C0"'
    'Server': 'Windows-Azure-HDFS/1.0 Microsoft-HTTPAPI/2.0'
    'x-ms-request-server-encrypted': 'REDACTED'
    'x-ms-request-id': '04e313d5-601f-0022-6706-cc993b000000'
    'x-ms-version': 'REDACTED'
    'x-ms-client-request-id': '5bf8a550-37f9-11f1-84b3-0242ac130003'
    'Date': 'Tue, 14 Apr 2026 11:59:14 GMT'
    'Content-Length': '0'
[2026-04-14T11:59:15.943+0000] {_universal.py:511} INFO - Request URL: 'https://divyanshpipelinedata.dfs.core.windows.net/bronze/yellow_taxi_2024-01.parquet?action=REDACTED&position=REDACTED'
Request method: 'PATCH'
Request headers:
    'Content-Length': '49961641'
    'x-ms-version': 'REDACTED'
    'Content-Type': 'application/json'
    'Accept': 'application/json'
    'User-Agent': 'azsdk-python-storage-dfs/12.14.0 Python/3.8.18 (Linux-5.15.153.1-microsoft-standard-WSL2-x86_64-with-glibc2.34)'
    'x-ms-date': 'REDACTED'
    'x-ms-client-request-id': '5c421e56-37f9-11f1-84b3-0242ac130003'
    'Authorization': 'REDACTED'
A body is sent with the request
[2026-04-14T11:59:18.748+0000] {_universal.py:550} INFO - Response status: 202
Response headers:
    'Server': 'Windows-Azure-HDFS/1.0 Microsoft-HTTPAPI/2.0'
    'x-ms-request-server-encrypted': 'REDACTED'
    'x-ms-request-id': '04e313ef-601f-0022-0106-cc993b000000'
    'x-ms-version': 'REDACTED'
    'x-ms-client-request-id': '5c421e56-37f9-11f1-84b3-0242ac130003'
    'Date': 'Tue, 14 Apr 2026 11:59:16 GMT'
    'Content-Length': '0'
[2026-04-14T11:59:18.756+0000] {_universal.py:514} INFO - Request URL: 'https://divyanshpipelinedata.dfs.core.windows.net/bronze/yellow_taxi_2024-01.parquet?action=REDACTED&position=REDACTED&close=REDACTED'
Request method: 'PATCH'
Request headers:
    'If-Match': '"0x8DE9A1D3F6101C0"'
    'x-ms-version': 'REDACTED'
    'Accept': 'application/json'
    'User-Agent': 'azsdk-python-storage-dfs/12.14.0 Python/3.8.18 (Linux-5.15.153.1-microsoft-standard-WSL2-x86_64-with-glibc2.34)'
    'x-ms-date': 'REDACTED'
    'x-ms-client-request-id': '5def62ea-37f9-11f1-84b3-0242ac130003'
    'Authorization': 'REDACTED'
No body was attached to the request
[2026-04-14T11:59:18.824+0000] {_universal.py:550} INFO - Response status: 200
Response headers:
    'Last-Modified': 'Tue, 14 Apr 2026 11:59:17 GMT'
    'ETag': '"0x8DE9A1D412426C8"'
    'Server': 'Windows-Azure-HDFS/1.0 Microsoft-HTTPAPI/2.0'
    'x-ms-request-server-encrypted': 'REDACTED'
    'x-ms-request-id': '04e31604-601f-0022-1206-cc993b000000'
    'x-ms-version': 'REDACTED'
    'x-ms-client-request-id': '5def62ea-37f9-11f1-84b3-0242ac130003'
    'Date': 'Tue, 14 Apr 2026 11:59:16 GMT'
    'Content-Length': '0'
[2026-04-14T11:59:18.829+0000] {logging_mixin.py:188} INFO - Ingested yellow_taxi_2024-01.parquet to bronze successfully!
[2026-04-14T11:59:18.839+0000] {python.py:201} INFO - Done. Returned value was: None
[2026-04-14T11:59:18.886+0000] {taskinstance.py:1138} INFO - Marking task as SUCCESS. dag_id=nyc_taxi_pipeline, task_id=ingest_to_bronze, execution_date=20260414T115857, start_date=20260414T115902, end_date=20260414T115918
[2026-04-14T11:59:19.007+0000] {local_task_job_runner.py:234} INFO - Task exited with return code 0
[2026-04-14T11:59:19.108+0000] {taskinstance.py:3280} INFO - 1 downstream tasks scheduled from follow-on schedule check
