[2026-04-14T12:19:13.263+0000] {taskinstance.py:1956} INFO - Dependencies all met for dep_context=non-requeueable deps ti=<TaskInstance: nyc_taxi_pipeline.transform_to_silver_gold manual__2026-04-14T12:18:38.105648+00:00 [queued]>
[2026-04-14T12:19:13.312+0000] {taskinstance.py:1956} INFO - Dependencies all met for dep_context=requeueable deps ti=<TaskInstance: nyc_taxi_pipeline.transform_to_silver_gold manual__2026-04-14T12:18:38.105648+00:00 [queued]>
[2026-04-14T12:19:13.315+0000] {taskinstance.py:2170} INFO - Starting attempt 1 of 2
[2026-04-14T12:19:13.374+0000] {taskinstance.py:2191} INFO - Executing <Task(PythonOperator): transform_to_silver_gold> on 2026-04-14 12:18:38.105648+00:00
[2026-04-14T12:19:13.391+0000] {standard_task_runner.py:60} INFO - Started process 962 to run task
[2026-04-14T12:19:13.405+0000] {standard_task_runner.py:87} INFO - Running: ['***', 'tasks', 'run', 'nyc_taxi_pipeline', 'transform_to_silver_gold', 'manual__2026-04-14T12:18:38.105648+00:00', '--job-id', '12', '--raw', '--subdir', 'DAGS_FOLDER/pipeline_dag.py', '--cfg-path', '/tmp/tmpqksngdlk']
[2026-04-14T12:19:13.417+0000] {standard_task_runner.py:88} INFO - Job 12: Subtask transform_to_silver_gold
[2026-04-14T12:19:13.631+0000] {task_command.py:423} INFO - Running <TaskInstance: nyc_taxi_pipeline.transform_to_silver_gold manual__2026-04-14T12:18:38.105648+00:00 [running]> on host 8ac850d04d14
[2026-04-14T12:19:14.051+0000] {taskinstance.py:2480} INFO - Exporting env vars: AIRFLOW_CTX_DAG_OWNER='divyansh' AIRFLOW_CTX_DAG_ID='nyc_taxi_pipeline' AIRFLOW_CTX_TASK_ID='transform_to_silver_gold' AIRFLOW_CTX_EXECUTION_DATE='2026-04-14T12:18:38.105648+00:00' AIRFLOW_CTX_TRY_NUMBER='1' AIRFLOW_CTX_DAG_RUN_ID='manual__2026-04-14T12:18:38.105648+00:00'
[2026-04-14T12:19:14.061+0000] {logging_mixin.py:188} INFO - Starting transformation...
[2026-04-14T12:19:14.115+0000] {_universal.py:514} INFO - Request URL: 'https://divyanshpipelinedata.blob.core.windows.net/bronze/yellow_taxi_2024-01.parquet'
Request method: 'GET'
Request headers:
    'x-ms-range': 'REDACTED'
    'x-ms-version': 'REDACTED'
    'Accept': 'application/xml'
    'User-Agent': 'azsdk-python-storage-dfs/12.14.0 Python/3.8.18 (Linux-5.15.153.1-microsoft-standard-WSL2-x86_64-with-glibc2.34)'
    'x-ms-date': 'REDACTED'
    'x-ms-client-request-id': '266c99a2-37fc-11f1-84cd-0242ac130003'
    'Authorization': 'REDACTED'
No body was attached to the request
[2026-04-14T12:19:14.574+0000] {_universal.py:550} INFO - Response status: 206
Response headers:
    'Content-Length': '33554432'
    'Content-Type': 'application/octet-stream'
    'Content-Range': 'REDACTED'
    'Last-Modified': 'Tue, 14 Apr 2026 12:19:04 GMT'
    'Accept-Ranges': 'REDACTED'
    'ETag': '"0x8DE9A2004FC8C4C"'
    'Server': 'Windows-Azure-Blob/1.0 Microsoft-HTTPAPI/2.0'
    'x-ms-request-id': 'd19f57d3-c01e-0059-1008-ccdba7000000'
    'x-ms-client-request-id': '266c99a2-37fc-11f1-84cd-0242ac130003'
    'x-ms-version': 'REDACTED'
    'x-ms-resource-type': 'REDACTED'
    'x-ms-creation-time': 'REDACTED'
    'x-ms-lease-status': 'REDACTED'
    'x-ms-lease-state': 'REDACTED'
    'x-ms-blob-type': 'REDACTED'
    'x-ms-server-encrypted': 'REDACTED'
    'x-ms-access-tier': 'REDACTED'
    'x-ms-access-tier-inferred': 'REDACTED'
    'x-ms-owner': 'REDACTED'
    'x-ms-group': 'REDACTED'
    'x-ms-permissions': 'REDACTED'
    'x-ms-acl': 'REDACTED'
    'Date': 'Tue, 14 Apr 2026 12:19:12 GMT'
[2026-04-14T12:19:21.724+0000] {_universal.py:514} INFO - Request URL: 'https://divyanshpipelinedata.blob.core.windows.net/bronze/yellow_taxi_2024-01.parquet'
Request method: 'GET'
Request headers:
    'x-ms-range': 'REDACTED'
    'If-Match': '"0x8DE9A2004FC8C4C"'
    'x-ms-version': 'REDACTED'
    'Accept': 'application/xml'
    'User-Agent': 'azsdk-python-storage-dfs/12.14.0 Python/3.8.18 (Linux-5.15.153.1-microsoft-standard-WSL2-x86_64-with-glibc2.34)'
    'x-ms-date': 'REDACTED'
    'x-ms-client-request-id': '2af5b36e-37fc-11f1-84cd-0242ac130003'
    'Authorization': 'REDACTED'
No body was attached to the request
[2026-04-14T12:19:21.844+0000] {_universal.py:550} INFO - Response status: 206
Response headers:
    'Content-Length': '4194304'
    'Content-Type': 'application/octet-stream'
    'Content-Range': 'REDACTED'
    'Last-Modified': 'Tue, 14 Apr 2026 12:19:04 GMT'
    'Accept-Ranges': 'REDACTED'
    'ETag': '"0x8DE9A2004FC8C4C"'
    'Server': 'Windows-Azure-Blob/1.0 Microsoft-HTTPAPI/2.0'
    'x-ms-request-id': 'd19f70c0-c01e-0059-4f08-ccdba7000000'
    'x-ms-client-request-id': '2af5b36e-37fc-11f1-84cd-0242ac130003'
    'x-ms-version': 'REDACTED'
    'x-ms-resource-type': 'REDACTED'
    'x-ms-creation-time': 'REDACTED'
    'x-ms-lease-status': 'REDACTED'
    'x-ms-lease-state': 'REDACTED'
    'x-ms-blob-type': 'REDACTED'
    'x-ms-server-encrypted': 'REDACTED'
    'x-ms-access-tier': 'REDACTED'
    'x-ms-access-tier-inferred': 'REDACTED'
    'x-ms-owner': 'REDACTED'
    'x-ms-group': 'REDACTED'
    'x-ms-permissions': 'REDACTED'
    'x-ms-acl': 'REDACTED'
    'Date': 'Tue, 14 Apr 2026 12:19:19 GMT'
[2026-04-14T12:19:22.673+0000] {_universal.py:514} INFO - Request URL: 'https://divyanshpipelinedata.blob.core.windows.net/bronze/yellow_taxi_2024-01.parquet'
Request method: 'GET'
Request headers:
    'x-ms-range': 'REDACTED'
    'If-Match': '"0x8DE9A2004FC8C4C"'
    'x-ms-version': 'REDACTED'
    'Accept': 'application/xml'
    'User-Agent': 'azsdk-python-storage-dfs/12.14.0 Python/3.8.18 (Linux-5.15.153.1-microsoft-standard-WSL2-x86_64-with-glibc2.34)'
    'x-ms-date': 'REDACTED'
    'x-ms-client-request-id': '2b8653f6-37fc-11f1-84cd-0242ac130003'
    'Authorization': 'REDACTED'
No body was attached to the request
[2026-04-14T12:19:22.770+0000] {_universal.py:550} INFO - Response status: 206
Response headers:
    'Content-Length': '4194304'
    'Content-Type': 'application/octet-stream'
    'Content-Range': 'REDACTED'
    'Last-Modified': 'Tue, 14 Apr 2026 12:19:04 GMT'
    'Accept-Ranges': 'REDACTED'
    'ETag': '"0x8DE9A2004FC8C4C"'
    'Server': 'Windows-Azure-Blob/1.0 Microsoft-HTTPAPI/2.0'
    'x-ms-request-id': 'd19f7396-c01e-0059-3708-ccdba7000000'
    'x-ms-client-request-id': '2b8653f6-37fc-11f1-84cd-0242ac130003'
    'x-ms-version': 'REDACTED'
    'x-ms-resource-type': 'REDACTED'
    'x-ms-creation-time': 'REDACTED'
    'x-ms-lease-status': 'REDACTED'
    'x-ms-lease-state': 'REDACTED'
    'x-ms-blob-type': 'REDACTED'
    'x-ms-server-encrypted': 'REDACTED'
    'x-ms-access-tier': 'REDACTED'
    'x-ms-access-tier-inferred': 'REDACTED'
    'x-ms-owner': 'REDACTED'
    'x-ms-group': 'REDACTED'
    'x-ms-permissions': 'REDACTED'
    'x-ms-acl': 'REDACTED'
    'Date': 'Tue, 14 Apr 2026 12:19:20 GMT'
[2026-04-14T12:19:23.706+0000] {_universal.py:514} INFO - Request URL: 'https://divyanshpipelinedata.blob.core.windows.net/bronze/yellow_taxi_2024-01.parquet'
Request method: 'GET'
Request headers:
    'x-ms-range': 'REDACTED'
    'If-Match': '"0x8DE9A2004FC8C4C"'
    'x-ms-version': 'REDACTED'
    'Accept': 'application/xml'
    'User-Agent': 'azsdk-python-storage-dfs/12.14.0 Python/3.8.18 (Linux-5.15.153.1-microsoft-standard-WSL2-x86_64-with-glibc2.34)'
    'x-ms-date': 'REDACTED'
    'x-ms-client-request-id': '2c241672-37fc-11f1-84cd-0242ac130003'
    'Authorization': 'REDACTED'
No body was attached to the request
[2026-04-14T12:19:23.844+0000] {_universal.py:550} INFO - Response status: 206
Response headers:
    'Content-Length': '4194304'
    'Content-Type': 'application/octet-stream'
    'Content-Range': 'REDACTED'
    'Last-Modified': 'Tue, 14 Apr 2026 12:19:04 GMT'
    'Accept-Ranges': 'REDACTED'
    'ETag': '"0x8DE9A2004FC8C4C"'
    'Server': 'Windows-Azure-Blob/1.0 Microsoft-HTTPAPI/2.0'
    'x-ms-request-id': 'd19f76d9-c01e-0059-6708-ccdba7000000'
    'x-ms-client-request-id': '2c241672-37fc-11f1-84cd-0242ac130003'
    'x-ms-version': 'REDACTED'
    'x-ms-resource-type': 'REDACTED'
    'x-ms-creation-time': 'REDACTED'
    'x-ms-lease-status': 'REDACTED'
    'x-ms-lease-state': 'REDACTED'
    'x-ms-blob-type': 'REDACTED'
    'x-ms-server-encrypted': 'REDACTED'
    'x-ms-access-tier': 'REDACTED'
    'x-ms-access-tier-inferred': 'REDACTED'
    'x-ms-owner': 'REDACTED'
    'x-ms-group': 'REDACTED'
    'x-ms-permissions': 'REDACTED'
    'x-ms-acl': 'REDACTED'
    'Date': 'Tue, 14 Apr 2026 12:19:21 GMT'
[2026-04-14T12:19:24.778+0000] {_universal.py:514} INFO - Request URL: 'https://divyanshpipelinedata.blob.core.windows.net/bronze/yellow_taxi_2024-01.parquet'
Request method: 'GET'
Request headers:
    'x-ms-range': 'REDACTED'
    'If-Match': '"0x8DE9A2004FC8C4C"'
    'x-ms-version': 'REDACTED'
    'Accept': 'application/xml'
    'User-Agent': 'azsdk-python-storage-dfs/12.14.0 Python/3.8.18 (Linux-5.15.153.1-microsoft-standard-WSL2-x86_64-with-glibc2.34)'
    'x-ms-date': 'REDACTED'
    'x-ms-client-request-id': '2cc7c286-37fc-11f1-84cd-0242ac130003'
    'Authorization': 'REDACTED'
No body was attached to the request
[2026-04-14T12:19:24.908+0000] {_universal.py:550} INFO - Response status: 206
Response headers:
    'Content-Length': '3824297'
    'Content-Type': 'application/octet-stream'
    'Content-Range': 'REDACTED'
    'Last-Modified': 'Tue, 14 Apr 2026 12:19:04 GMT'
    'Accept-Ranges': 'REDACTED'
    'ETag': '"0x8DE9A2004FC8C4C"'
    'Server': 'Windows-Azure-Blob/1.0 Microsoft-HTTPAPI/2.0'
    'x-ms-request-id': 'd19f79af-c01e-0059-4108-ccdba7000000'
    'x-ms-client-request-id': '2cc7c286-37fc-11f1-84cd-0242ac130003'
    'x-ms-version': 'REDACTED'
    'x-ms-resource-type': 'REDACTED'
    'x-ms-creation-time': 'REDACTED'
    'x-ms-lease-status': 'REDACTED'
    'x-ms-lease-state': 'REDACTED'
    'x-ms-blob-type': 'REDACTED'
    'x-ms-server-encrypted': 'REDACTED'
    'x-ms-access-tier': 'REDACTED'
    'x-ms-access-tier-inferred': 'REDACTED'
    'x-ms-owner': 'REDACTED'
    'x-ms-group': 'REDACTED'
    'x-ms-permissions': 'REDACTED'
    'x-ms-acl': 'REDACTED'
    'Date': 'Tue, 14 Apr 2026 12:19:23 GMT'
[2026-04-14T12:20:20.085+0000] {_universal.py:514} INFO - Request URL: 'https://divyanshpipelinedata.dfs.core.windows.net/silver/yellow_taxi_silver_2024-01.parquet?resource=REDACTED'
Request method: 'PUT'
Request headers:
    'x-ms-version': 'REDACTED'
    'Accept': 'application/json'
    'User-Agent': 'azsdk-python-storage-dfs/12.14.0 Python/3.8.18 (Linux-5.15.153.1-microsoft-standard-WSL2-x86_64-with-glibc2.34)'
    'x-ms-date': 'REDACTED'
    'x-ms-client-request-id': '4dbed6a0-37fc-11f1-84cd-0242ac130003'
    'Authorization': 'REDACTED'
No body was attached to the request
[2026-04-14T12:20:20.532+0000] {_universal.py:550} INFO - Response status: 201
Response headers:
    'Last-Modified': 'Tue, 14 Apr 2026 12:20:18 GMT'
    'ETag': '"0x8DE9A203129DB1C"'
    'Server': 'Windows-Azure-HDFS/1.0 Microsoft-HTTPAPI/2.0'
    'x-ms-request-server-encrypted': 'REDACTED'
    'x-ms-request-id': 'ed6c5c73-e01f-00aa-1c09-cc7c32000000'
    'x-ms-version': 'REDACTED'
    'x-ms-client-request-id': '4dbed6a0-37fc-11f1-84cd-0242ac130003'
    'Date': 'Tue, 14 Apr 2026 12:20:18 GMT'
    'Content-Length': '0'
[2026-04-14T12:20:20.546+0000] {_universal.py:511} INFO - Request URL: 'https://divyanshpipelinedata.dfs.core.windows.net/silver/yellow_taxi_silver_2024-01.parquet?action=REDACTED&position=REDACTED'
Request method: 'PATCH'
Request headers:
    'Content-Length': '61039360'
    'x-ms-version': 'REDACTED'
    'Content-Type': 'application/json'
    'Accept': 'application/json'
    'User-Agent': 'azsdk-python-storage-dfs/12.14.0 Python/3.8.18 (Linux-5.15.153.1-microsoft-standard-WSL2-x86_64-with-glibc2.34)'
    'x-ms-date': 'REDACTED'
    'x-ms-client-request-id': '4e04ec58-37fc-11f1-84cd-0242ac130003'
    'Authorization': 'REDACTED'
A body is sent with the request
[2026-04-14T12:20:24.042+0000] {_universal.py:550} INFO - Response status: 202
Response headers:
    'Server': 'Windows-Azure-HDFS/1.0 Microsoft-HTTPAPI/2.0'
    'x-ms-request-server-encrypted': 'REDACTED'
    'x-ms-request-id': 'ed6c5c7f-e01f-00aa-2809-cc7c32000000'
    'x-ms-version': 'REDACTED'
    'x-ms-client-request-id': '4e04ec58-37fc-11f1-84cd-0242ac130003'
    'Date': 'Tue, 14 Apr 2026 12:20:21 GMT'
    'Content-Length': '0'
[2026-04-14T12:20:24.048+0000] {_universal.py:514} INFO - Request URL: 'https://divyanshpipelinedata.dfs.core.windows.net/silver/yellow_taxi_silver_2024-01.parquet?action=REDACTED&position=REDACTED&close=REDACTED'
Request method: 'PATCH'
Request headers:
    'If-Match': '"0x8DE9A203129DB1C"'
    'x-ms-version': 'REDACTED'
    'Accept': 'application/json'
    'User-Agent': 'azsdk-python-storage-dfs/12.14.0 Python/3.8.18 (Linux-5.15.153.1-microsoft-standard-WSL2-x86_64-with-glibc2.34)'
    'x-ms-date': 'REDACTED'
    'x-ms-client-request-id': '501b99ba-37fc-11f1-84cd-0242ac130003'
    'Authorization': 'REDACTED'
No body was attached to the request
[2026-04-14T12:20:24.148+0000] {_universal.py:550} INFO - Response status: 200
Response headers:
    'Last-Modified': 'Tue, 14 Apr 2026 12:20:22 GMT'
    'ETag': '"0x8DE9A2033538E64"'
    'Server': 'Windows-Azure-HDFS/1.0 Microsoft-HTTPAPI/2.0'
    'x-ms-request-server-encrypted': 'REDACTED'
    'x-ms-request-id': 'ed6c5eae-e01f-00aa-5409-cc7c32000000'
    'x-ms-version': 'REDACTED'
    'x-ms-client-request-id': '501b99ba-37fc-11f1-84cd-0242ac130003'
    'Date': 'Tue, 14 Apr 2026 12:20:21 GMT'
    'Content-Length': '0'
[2026-04-14T12:20:24.154+0000] {logging_mixin.py:188} INFO - Uploaded silver!
[2026-04-14T12:20:24.179+0000] {_universal.py:514} INFO - Request URL: 'https://divyanshpipelinedata.dfs.core.windows.net/gold/yellow_taxi_gold_2024-01.parquet?resource=REDACTED'
Request method: 'PUT'
Request headers:
    'x-ms-version': 'REDACTED'
    'Accept': 'application/json'
    'User-Agent': 'azsdk-python-storage-dfs/12.14.0 Python/3.8.18 (Linux-5.15.153.1-microsoft-standard-WSL2-x86_64-with-glibc2.34)'
    'x-ms-date': 'REDACTED'
    'x-ms-client-request-id': '502fb8c8-37fc-11f1-84cd-0242ac130003'
    'Authorization': 'REDACTED'
No body was attached to the request
[2026-04-14T12:20:24.255+0000] {_universal.py:550} INFO - Response status: 201
Response headers:
    'Last-Modified': 'Tue, 14 Apr 2026 12:20:22 GMT'
    'ETag': '"0x8DE9A2033651090"'
    'Server': 'Windows-Azure-HDFS/1.0 Microsoft-HTTPAPI/2.0'
    'x-ms-request-server-encrypted': 'REDACTED'
    'x-ms-request-id': 'ed6c5ec0-e01f-00aa-6609-cc7c32000000'
    'x-ms-version': 'REDACTED'
    'x-ms-client-request-id': '502fb8c8-37fc-11f1-84cd-0242ac130003'
    'Date': 'Tue, 14 Apr 2026 12:20:21 GMT'
    'Content-Length': '0'
[2026-04-14T12:20:24.262+0000] {_universal.py:511} INFO - Request URL: 'https://divyanshpipelinedata.dfs.core.windows.net/gold/yellow_taxi_gold_2024-01.parquet?action=REDACTED&position=REDACTED'
Request method: 'PATCH'
Request headers:
    'Content-Length': '7797'
    'x-ms-version': 'REDACTED'
    'Content-Type': 'application/json'
    'Accept': 'application/json'
    'User-Agent': 'azsdk-python-storage-dfs/12.14.0 Python/3.8.18 (Linux-5.15.153.1-microsoft-standard-WSL2-x86_64-with-glibc2.34)'
    'x-ms-date': 'REDACTED'
    'x-ms-client-request-id': '503c4962-37fc-11f1-84cd-0242ac130003'
    'Authorization': 'REDACTED'
A body is sent with the request
[2026-04-14T12:20:24.306+0000] {_universal.py:550} INFO - Response status: 202
Response headers:
    'Server': 'Windows-Azure-HDFS/1.0 Microsoft-HTTPAPI/2.0'
    'x-ms-request-server-encrypted': 'REDACTED'
    'x-ms-request-id': 'ed6c5ecd-e01f-00aa-7309-cc7c32000000'
    'x-ms-version': 'REDACTED'
    'x-ms-client-request-id': '503c4962-37fc-11f1-84cd-0242ac130003'
    'Date': 'Tue, 14 Apr 2026 12:20:21 GMT'
    'Content-Length': '0'
[2026-04-14T12:20:24.312+0000] {_universal.py:514} INFO - Request URL: 'https://divyanshpipelinedata.dfs.core.windows.net/gold/yellow_taxi_gold_2024-01.parquet?action=REDACTED&position=REDACTED&close=REDACTED'
Request method: 'PATCH'
Request headers:
    'If-Match': '"0x8DE9A2033651090"'
    'x-ms-version': 'REDACTED'
    'Accept': 'application/json'
    'User-Agent': 'azsdk-python-storage-dfs/12.14.0 Python/3.8.18 (Linux-5.15.153.1-microsoft-standard-WSL2-x86_64-with-glibc2.34)'
    'x-ms-date': 'REDACTED'
    'x-ms-client-request-id': '5043f9dc-37fc-11f1-84cd-0242ac130003'
    'Authorization': 'REDACTED'
No body was attached to the request
[2026-04-14T12:20:24.372+0000] {_universal.py:550} INFO - Response status: 200
Response headers:
    'Last-Modified': 'Tue, 14 Apr 2026 12:20:22 GMT'
    'ETag': '"0x8DE9A203376EE48"'
    'Server': 'Windows-Azure-HDFS/1.0 Microsoft-HTTPAPI/2.0'
    'x-ms-request-server-encrypted': 'REDACTED'
    'x-ms-request-id': 'ed6c5ed4-e01f-00aa-7a09-cc7c32000000'
    'x-ms-version': 'REDACTED'
    'x-ms-client-request-id': '5043f9dc-37fc-11f1-84cd-0242ac130003'
    'Date': 'Tue, 14 Apr 2026 12:20:21 GMT'
    'Content-Length': '0'
[2026-04-14T12:20:24.376+0000] {logging_mixin.py:188} INFO - Uploaded gold!
[2026-04-14T12:20:24.486+0000] {python.py:201} INFO - Done. Returned value was: None
[2026-04-14T12:20:24.533+0000] {taskinstance.py:1138} INFO - Marking task as SUCCESS. dag_id=nyc_taxi_pipeline, task_id=transform_to_silver_gold, execution_date=20260414T121838, start_date=20260414T121913, end_date=20260414T122024
[2026-04-14T12:20:24.875+0000] {local_task_job_runner.py:234} INFO - Task exited with return code 0
[2026-04-14T12:20:24.937+0000] {taskinstance.py:3280} INFO - 0 downstream tasks scheduled from follow-on schedule check
