[2026-04-14T12:04:06.804+0000] {taskinstance.py:1956} INFO - Dependencies all met for dep_context=non-requeueable deps ti=<TaskInstance: nyc_taxi_pipeline.ingest_to_bronze manual__2026-04-14T11:58:30.685885+00:00 [queued]>
[2026-04-14T12:04:06.834+0000] {taskinstance.py:1956} INFO - Dependencies all met for dep_context=requeueable deps ti=<TaskInstance: nyc_taxi_pipeline.ingest_to_bronze manual__2026-04-14T11:58:30.685885+00:00 [queued]>
[2026-04-14T12:04:06.838+0000] {taskinstance.py:2170} INFO - Starting attempt 2 of 2
[2026-04-14T12:04:06.917+0000] {taskinstance.py:2191} INFO - Executing <Task(PythonOperator): ingest_to_bronze> on 2026-04-14 11:58:30.685885+00:00
[2026-04-14T12:04:06.943+0000] {standard_task_runner.py:60} INFO - Started process 499 to run task
[2026-04-14T12:04:06.967+0000] {standard_task_runner.py:87} INFO - Running: ['***', 'tasks', 'run', 'nyc_taxi_pipeline', 'ingest_to_bronze', 'manual__2026-04-14T11:58:30.685885+00:00', '--job-id', '8', '--raw', '--subdir', 'DAGS_FOLDER/pipeline_dag.py', '--cfg-path', '/tmp/tmp3xwpnbp2']
[2026-04-14T12:04:06.982+0000] {standard_task_runner.py:88} INFO - Job 8: Subtask ingest_to_bronze
[2026-04-14T12:04:07.200+0000] {task_command.py:423} INFO - Running <TaskInstance: nyc_taxi_pipeline.ingest_to_bronze manual__2026-04-14T11:58:30.685885+00:00 [running]> on host 8ac850d04d14
[2026-04-14T12:04:07.601+0000] {taskinstance.py:2480} INFO - Exporting env vars: AIRFLOW_CTX_DAG_OWNER='divyansh' AIRFLOW_CTX_DAG_ID='nyc_taxi_pipeline' AIRFLOW_CTX_TASK_ID='ingest_to_bronze' AIRFLOW_CTX_EXECUTION_DATE='2026-04-14T11:58:30.685885+00:00' AIRFLOW_CTX_TRY_NUMBER='2' AIRFLOW_CTX_DAG_RUN_ID='manual__2026-04-14T11:58:30.685885+00:00'
[2026-04-14T12:04:07.610+0000] {logging_mixin.py:188} INFO - Downloading NYC Taxi data...
[2026-04-14T12:04:14.726+0000] {_universal.py:514} INFO - Request URL: 'https://divyanshpipelinedata.dfs.core.windows.net/bronze/yellow_taxi_2024-01.parquet?resource=REDACTED'
Request method: 'PUT'
Request headers:
    'x-ms-version': 'REDACTED'
    'Accept': 'application/json'
    'User-Agent': 'azsdk-python-storage-dfs/12.14.0 Python/3.8.18 (Linux-5.15.153.1-microsoft-standard-WSL2-x86_64-with-glibc2.34)'
    'x-ms-date': 'REDACTED'
    'x-ms-client-request-id': '0e58c5ea-37fa-11f1-a3e4-0242ac130003'
    'Authorization': 'REDACTED'
No body was attached to the request
[2026-04-14T12:04:15.095+0000] {_universal.py:550} INFO - Response status: 201
Response headers:
    'Last-Modified': 'Tue, 14 Apr 2026 12:04:13 GMT'
    'ETag': '"0x8DE9A1DF1BA4B70"'
    'Server': 'Windows-Azure-HDFS/1.0 Microsoft-HTTPAPI/2.0'
    'x-ms-request-server-encrypted': 'REDACTED'
    'x-ms-request-id': '86b55551-301f-0086-0b06-cc909d000000'
    'x-ms-version': 'REDACTED'
    'x-ms-client-request-id': '0e58c5ea-37fa-11f1-a3e4-0242ac130003'
    'Date': 'Tue, 14 Apr 2026 12:04:12 GMT'
    'Content-Length': '0'
[2026-04-14T12:04:15.102+0000] {_universal.py:511} INFO - Request URL: 'https://divyanshpipelinedata.dfs.core.windows.net/bronze/yellow_taxi_2024-01.parquet?action=REDACTED&position=REDACTED'
Request method: 'PATCH'
Request headers:
    'Content-Length': '49961641'
    'x-ms-version': 'REDACTED'
    'Content-Type': 'application/json'
    'Accept': 'application/json'
    'User-Agent': 'azsdk-python-storage-dfs/12.14.0 Python/3.8.18 (Linux-5.15.153.1-microsoft-standard-WSL2-x86_64-with-glibc2.34)'
    'x-ms-date': 'REDACTED'
    'x-ms-client-request-id': '0e924b08-37fa-11f1-a3e4-0242ac130003'
    'Authorization': 'REDACTED'
A body is sent with the request
[2026-04-14T12:04:18.895+0000] {_universal.py:550} INFO - Response status: 202
Response headers:
    'Server': 'Windows-Azure-HDFS/1.0 Microsoft-HTTPAPI/2.0'
    'x-ms-request-server-encrypted': 'REDACTED'
    'x-ms-request-id': '86b5555e-301f-0086-1806-cc909d000000'
    'x-ms-version': 'REDACTED'
    'x-ms-client-request-id': '0e924b08-37fa-11f1-a3e4-0242ac130003'
    'Date': 'Tue, 14 Apr 2026 12:04:16 GMT'
    'Content-Length': '0'
[2026-04-14T12:04:18.899+0000] {_universal.py:514} INFO - Request URL: 'https://divyanshpipelinedata.dfs.core.windows.net/bronze/yellow_taxi_2024-01.parquet?action=REDACTED&position=REDACTED&close=REDACTED'
Request method: 'PATCH'
Request headers:
    'If-Match': '"0x8DE9A1DF1BA4B70"'
    'x-ms-version': 'REDACTED'
    'Accept': 'application/json'
    'User-Agent': 'azsdk-python-storage-dfs/12.14.0 Python/3.8.18 (Linux-5.15.153.1-microsoft-standard-WSL2-x86_64-with-glibc2.34)'
    'x-ms-date': 'REDACTED'
    'x-ms-client-request-id': '10d5b65c-37fa-11f1-a3e4-0242ac130003'
    'Authorization': 'REDACTED'
No body was attached to the request
[2026-04-14T12:04:18.977+0000] {_universal.py:550} INFO - Response status: 200
Response headers:
    'Last-Modified': 'Tue, 14 Apr 2026 12:04:17 GMT'
    'ETag': '"0x8DE9A1DF40A253C"'
    'Server': 'Windows-Azure-HDFS/1.0 Microsoft-HTTPAPI/2.0'
    'x-ms-request-server-encrypted': 'REDACTED'
    'x-ms-request-id': '86b5578a-301f-0086-6206-cc909d000000'
    'x-ms-version': 'REDACTED'
    'x-ms-client-request-id': '10d5b65c-37fa-11f1-a3e4-0242ac130003'
    'Date': 'Tue, 14 Apr 2026 12:04:16 GMT'
    'Content-Length': '0'
[2026-04-14T12:04:18.987+0000] {logging_mixin.py:188} INFO - Ingested yellow_taxi_2024-01.parquet to bronze successfully!
[2026-04-14T12:04:18.998+0000] {python.py:201} INFO - Done. Returned value was: None
[2026-04-14T12:04:19.041+0000] {taskinstance.py:1138} INFO - Marking task as SUCCESS. dag_id=nyc_taxi_pipeline, task_id=ingest_to_bronze, execution_date=20260414T115830, start_date=20260414T120406, end_date=20260414T120419
[2026-04-14T12:04:19.150+0000] {local_task_job_runner.py:234} INFO - Task exited with return code 0
[2026-04-14T12:04:19.273+0000] {taskinstance.py:3280} INFO - 1 downstream tasks scheduled from follow-on schedule check
